<?xml version="1.0" encoding="UTF-8"?>
<testsuites name="httpyac" tests="26" errors="0" disabled="0" failures="0" time="1.676">
  <testsuite name="/metadata endpoint should return FHIR CapabilityStatement" tests="3" errors="0" failures="0" skipped="0" package="assurance/1115-waiver/ahc-hrsn/screening/regression-test-prime/fhir-service-prime/src/2024-05-16/fhir-service.test.http" time="0.389">
    <properties>
      <property name="title" value="/metadata endpoint should return FHIR CapabilityStatement"/>
      <property name="line" value="11"/>
      <property name="timestamp" value="2024-05-17T10:19:46.811Z"/>
      <property name="file" value="assurance/1115-waiver/ahc-hrsn/screening/regression-test-prime/fhir-service-prime/src/2024-05-16/fhir-service.test.http"/>
    </properties>
    <testcase name="status code 200" classname="/metadata endpoint should return FHIR CapabilityStatement" time="0.130" assertions="1"/>
    <testcase name="Check content-type" classname="/metadata endpoint should return FHIR CapabilityStatement" time="0.130" assertions="1"/>
    <testcase name="response body exists" classname="/metadata endpoint should return FHIR CapabilityStatement" time="0.130" assertions="1"/>
  </testsuite>
  <testsuite name="/Bundle/$validate should validate fhir-fixture-shinny-impl-guide-sample.json" tests="4" errors="0" failures="0" skipped="0" package="assurance/1115-waiver/ahc-hrsn/screening/regression-test-prime/fhir-service-prime/src/2024-05-16/fhir-service.test.http" time="0.239">
    <properties>
      <property name="title" value="/Bundle/$validate should validate fhir-fixture-shinny-impl-guide-sample.json"/>
      <property name="line" value="26"/>
      <property name="timestamp" value="2024-05-17T10:19:47.200Z"/>
      <property name="file" value="assurance/1115-waiver/ahc-hrsn/screening/regression-test-prime/fhir-service-prime/src/2024-05-16/fhir-service.test.http"/>
    </properties>
    <testcase name="status code 200" classname="/Bundle/$validate should validate fhir-fixture-shinny-impl-guide-sample.json" time="0.060" assertions="1"/>
    <testcase name="Check content-type" classname="/Bundle/$validate should validate fhir-fixture-shinny-impl-guide-sample.json" time="0.060" assertions="1"/>
    <testcase name="response body exists" classname="/Bundle/$validate should validate fhir-fixture-shinny-impl-guide-sample.json" time="0.060" assertions="1"/>
    <testcase name="Check Resource Type" classname="/Bundle/$validate should validate fhir-fixture-shinny-impl-guide-sample.json" time="0.060" assertions="1"/>
  </testsuite>
  <testsuite name="/Bundle/$validate should validate fhir-fixture-unhappy-path-01.json" tests="4" errors="0" failures="0" skipped="0" package="assurance/1115-waiver/ahc-hrsn/screening/regression-test-prime/fhir-service-prime/src/2024-05-16/fhir-service.test.http" time="0.081">
    <properties>
      <property name="title" value="/Bundle/$validate should validate fhir-fixture-unhappy-path-01.json"/>
      <property name="line" value="48"/>
      <property name="timestamp" value="2024-05-17T10:19:47.439Z"/>
      <property name="file" value="assurance/1115-waiver/ahc-hrsn/screening/regression-test-prime/fhir-service-prime/src/2024-05-16/fhir-service.test.http"/>
    </properties>
    <testcase name="status code 200" classname="/Bundle/$validate should validate fhir-fixture-unhappy-path-01.json" time="0.020" assertions="1"/>
    <testcase name="Check content-type" classname="/Bundle/$validate should validate fhir-fixture-unhappy-path-01.json" time="0.020" assertions="1"/>
    <testcase name="response body exists" classname="/Bundle/$validate should validate fhir-fixture-unhappy-path-01.json" time="0.020" assertions="1"/>
    <testcase name="check Result" classname="/Bundle/$validate should validate fhir-fixture-unhappy-path-01.json" time="0.020" assertions="1"/>
  </testsuite>
  <testsuite name="/Bundle/$validate should validate fhir-fixture-shinny-bronx-unhappy-path.json" tests="5" errors="0" failures="0" skipped="0" package="assurance/1115-waiver/ahc-hrsn/screening/regression-test-prime/fhir-service-prime/src/2024-05-16/fhir-service.test.http" time="0.472">
    <properties>
      <property name="title" value="/Bundle/$validate should validate fhir-fixture-shinny-bronx-unhappy-path.json"/>
      <property name="line" value="72"/>
      <property name="timestamp" value="2024-05-17T10:19:47.520Z"/>
      <property name="file" value="assurance/1115-waiver/ahc-hrsn/screening/regression-test-prime/fhir-service-prime/src/2024-05-16/fhir-service.test.http"/>
    </properties>
    <testcase name="status code 200" classname="/Bundle/$validate should validate fhir-fixture-shinny-bronx-unhappy-path.json" time="0.094" assertions="1"/>
    <testcase name="Check content-type" classname="/Bundle/$validate should validate fhir-fixture-shinny-bronx-unhappy-path.json" time="0.094" assertions="1"/>
    <testcase name="response body exists" classname="/Bundle/$validate should validate fhir-fixture-shinny-bronx-unhappy-path.json" time="0.094" assertions="1"/>
    <testcase name="check Result" classname="/Bundle/$validate should validate fhir-fixture-shinny-bronx-unhappy-path.json" time="0.094" assertions="1"/>
    <testcase name="check Diagnostics" classname="/Bundle/$validate should validate fhir-fixture-shinny-bronx-unhappy-path.json" time="0.094" assertions="1"/>
  </testsuite>
  <testsuite name="/Bundle/$validate should validate fhir-fixture-shinny-healtheconnections-unhappy-path.json" tests="5" errors="0" failures="0" skipped="0" package="assurance/1115-waiver/ahc-hrsn/screening/regression-test-prime/fhir-service-prime/src/2024-05-16/fhir-service.test.http" time="0.080">
    <properties>
      <property name="title" value="/Bundle/$validate should validate fhir-fixture-shinny-healtheconnections-unhappy-path.json"/>
      <property name="line" value="98"/>
      <property name="timestamp" value="2024-05-17T10:19:47.992Z"/>
      <property name="file" value="assurance/1115-waiver/ahc-hrsn/screening/regression-test-prime/fhir-service-prime/src/2024-05-16/fhir-service.test.http"/>
    </properties>
    <testcase name="status code 200" classname="/Bundle/$validate should validate fhir-fixture-shinny-healtheconnections-unhappy-path.json" time="0.016" assertions="1"/>
    <testcase name="Check content-type" classname="/Bundle/$validate should validate fhir-fixture-shinny-healtheconnections-unhappy-path.json" time="0.016" assertions="1"/>
    <testcase name="response body exists" classname="/Bundle/$validate should validate fhir-fixture-shinny-healtheconnections-unhappy-path.json" time="0.016" assertions="1"/>
    <testcase name="check Result" classname="/Bundle/$validate should validate fhir-fixture-shinny-healtheconnections-unhappy-path.json" time="0.016" assertions="1"/>
    <testcase name="check Diagnostics" classname="/Bundle/$validate should validate fhir-fixture-shinny-healtheconnections-unhappy-path.json" time="0.016" assertions="1"/>
  </testsuite>
  <testsuite name="/Bundle should validate and submit fhir-fixture-shinny-impl-guide-sample.json as HEALTHeLINK" tests="4" errors="0" failures="0" skipped="0" package="assurance/1115-waiver/ahc-hrsn/screening/regression-test-prime/fhir-service-prime/src/2024-05-16/fhir-service.test.http" time="0.337">
    <properties>
      <property name="title" value="/Bundle should validate and submit fhir-fixture-shinny-impl-guide-sample.json as HEALTHeLINK"/>
      <property name="line" value="123"/>
      <property name="timestamp" value="2024-05-17T10:19:48.072Z"/>
      <property name="file" value="assurance/1115-waiver/ahc-hrsn/screening/regression-test-prime/fhir-service-prime/src/2024-05-16/fhir-service.test.http"/>
    </properties>
    <testcase name="status code 201" classname="/Bundle should validate and submit fhir-fixture-shinny-impl-guide-sample.json as HEALTHeLINK" time="0.084" assertions="1"/>
    <testcase name="Check content-type" classname="/Bundle should validate and submit fhir-fixture-shinny-impl-guide-sample.json as HEALTHeLINK" time="0.084" assertions="1"/>
    <testcase name="response body exists" classname="/Bundle should validate and submit fhir-fixture-shinny-impl-guide-sample.json as HEALTHeLINK" time="0.084" assertions="1"/>
    <testcase name="check Result" classname="/Bundle should validate and submit fhir-fixture-shinny-impl-guide-sample.json as HEALTHeLINK" time="0.084" assertions="1"/>
  </testsuite>
  <testsuite name="/admin/diagnostics endpoint should be an HTML page" tests="1" errors="0" failures="0" skipped="0" package="assurance/1115-waiver/ahc-hrsn/screening/regression-test-prime/fhir-service-prime/src/2024-05-16/fhir-service.test.http" time="0.078">
    <properties>
      <property name="title" value="/admin/diagnostics endpoint should be an HTML page"/>
      <property name="line" value="143"/>
      <property name="timestamp" value="2024-05-17T10:19:48.410Z"/>
      <property name="file" value="assurance/1115-waiver/ahc-hrsn/screening/regression-test-prime/fhir-service-prime/src/2024-05-16/fhir-service.test.http"/>
    </properties>
    <testcase name="status code 200" classname="/admin/diagnostics endpoint should be an HTML page" time="0.078" assertions="1"/>
  </testsuite>
</testsuites>
