<?xml version="1.0" encoding="UTF-8"?>
<testsuites name="httpyac" tests="26" errors="0" disabled="0" failures="0" time="2.745">
  <testsuite name="/metadata endpoint should return FHIR CapabilityStatement" tests="3" errors="0" failures="0" skipped="0" package="assurance/1115-waiver/ahc-hrsn/screening/regression-test-prime/fhir-service-prime/src/2024-06-10/fhir-service.test.http" time="0.437">
    <properties>
      <property name="title" value="/metadata endpoint should return FHIR CapabilityStatement"/>
      <property name="line" value="38"/>
      <property name="timestamp" value="2024-06-10T08:07:15.270Z"/>
      <property name="file" value="assurance/1115-waiver/ahc-hrsn/screening/regression-test-prime/fhir-service-prime/src/2024-06-10/fhir-service.test.http"/>
    </properties>
    <testcase name="status == 200" classname="/metadata endpoint should return FHIR CapabilityStatement" time="0.146" assertions="1"/>
    <testcase name="content-type == text/html;charset=UTF-8" classname="/metadata endpoint should return FHIR CapabilityStatement" time="0.146" assertions="1"/>
    <testcase name="response.body != null" classname="/metadata endpoint should return FHIR CapabilityStatement" time="0.146" assertions="1"/>
  </testsuite>
  <testsuite name="/Bundle/$validate should validate TestCase300.json" tests="7" errors="0" failures="0" skipped="0" package="assurance/1115-waiver/ahc-hrsn/screening/regression-test-prime/fhir-service-prime/src/2024-06-10/fhir-service.test.http" time="0.532">
    <properties>
      <property name="title" value="/Bundle/$validate should validate TestCase300.json"/>
      <property name="line" value="48"/>
      <property name="timestamp" value="2024-06-10T08:07:15.708Z"/>
      <property name="file" value="assurance/1115-waiver/ahc-hrsn/screening/regression-test-prime/fhir-service-prime/src/2024-06-10/fhir-service.test.http"/>
    </properties>
    <testcase name="status == 200" classname="/Bundle/$validate should validate TestCase300.json" time="0.076" assertions="1"/>
    <testcase name="content-type == application/fhir+json;charset=utf-8" classname="/Bundle/$validate should validate TestCase300.json" time="0.076" assertions="1"/>
    <testcase name="response.body != null" classname="/Bundle/$validate should validate TestCase300.json" time="0.076" assertions="1"/>
    <testcase name="response.parsedBody.OperationOutcome.resourceType == OperationOutcome" classname="/Bundle/$validate should validate TestCase300.json" time="0.076" assertions="1"/>
    <testcase name="response.parsedBody.OperationOutcome.validationResults[0].issues[0].severity == ERROR" classname="/Bundle/$validate should validate TestCase300.json" time="0.076" assertions="1"/>
    <testcase name="response.parsedBody.OperationOutcome.validationResults[0].issues[0].location.line == 1" classname="/Bundle/$validate should validate TestCase300.json" time="0.076" assertions="1"/>
    <testcase name="response.parsedBody.OperationOutcome.validationResults[0].issues[0].location.column == 91" classname="/Bundle/$validate should validate TestCase300.json" time="0.076" assertions="1"/>
  </testsuite>
  <testsuite name="/Bundle/$validate should validate TestCase301.json" tests="7" errors="0" failures="0" skipped="0" package="assurance/1115-waiver/ahc-hrsn/screening/regression-test-prime/fhir-service-prime/src/2024-06-10/fhir-service.test.http" time="0.347">
    <properties>
      <property name="title" value="/Bundle/$validate should validate TestCase301.json"/>
      <property name="line" value="66"/>
      <property name="timestamp" value="2024-06-10T08:07:16.239Z"/>
      <property name="file" value="assurance/1115-waiver/ahc-hrsn/screening/regression-test-prime/fhir-service-prime/src/2024-06-10/fhir-service.test.http"/>
    </properties>
    <testcase name="status == 200" classname="/Bundle/$validate should validate TestCase301.json" time="0.050" assertions="1"/>
    <testcase name="content-type == application/fhir+json;charset=utf-8" classname="/Bundle/$validate should validate TestCase301.json" time="0.050" assertions="1"/>
    <testcase name="response.body != null" classname="/Bundle/$validate should validate TestCase301.json" time="0.050" assertions="1"/>
    <testcase name="response.parsedBody.OperationOutcome.resourceType == OperationOutcome" classname="/Bundle/$validate should validate TestCase301.json" time="0.050" assertions="1"/>
    <testcase name="response.parsedBody.OperationOutcome.validationResults[0].issues[0].severity == FATAL" classname="/Bundle/$validate should validate TestCase301.json" time="0.050" assertions="1"/>
    <testcase name="response.parsedBody.OperationOutcome.validationResults[0].issues[0].location.line == null" classname="/Bundle/$validate should validate TestCase301.json" time="0.050" assertions="1"/>
    <testcase name="response.parsedBody.OperationOutcome.validationResults[0].issues[0].location.column == null" classname="/Bundle/$validate should validate TestCase301.json" time="0.050" assertions="1"/>
  </testsuite>
  <testsuite name="/Bundle/$validate should validate TestCase302.json" tests="7" errors="0" failures="0" skipped="0" package="assurance/1115-waiver/ahc-hrsn/screening/regression-test-prime/fhir-service-prime/src/2024-06-10/fhir-service.test.http" time="0.317">
    <properties>
      <property name="title" value="/Bundle/$validate should validate TestCase302.json"/>
      <property name="line" value="85"/>
      <property name="timestamp" value="2024-06-10T08:07:16.586Z"/>
      <property name="file" value="assurance/1115-waiver/ahc-hrsn/screening/regression-test-prime/fhir-service-prime/src/2024-06-10/fhir-service.test.http"/>
    </properties>
    <testcase name="status == 200" classname="/Bundle/$validate should validate TestCase302.json" time="0.045" assertions="1"/>
    <testcase name="content-type == application/fhir+json;charset=utf-8" classname="/Bundle/$validate should validate TestCase302.json" time="0.045" assertions="1"/>
    <testcase name="response.body != null" classname="/Bundle/$validate should validate TestCase302.json" time="0.045" assertions="1"/>
    <testcase name="response.parsedBody.OperationOutcome.resourceType == OperationOutcome" classname="/Bundle/$validate should validate TestCase302.json" time="0.045" assertions="1"/>
    <testcase name="response.parsedBody.OperationOutcome.validationResults[0].issues[0].severity == FATAL" classname="/Bundle/$validate should validate TestCase302.json" time="0.045" assertions="1"/>
    <testcase name="response.parsedBody.OperationOutcome.validationResults[0].issues[0].location.line == null" classname="/Bundle/$validate should validate TestCase302.json" time="0.045" assertions="1"/>
    <testcase name="response.parsedBody.OperationOutcome.validationResults[0].issues[0].location.column == null" classname="/Bundle/$validate should validate TestCase302.json" time="0.045" assertions="1"/>
  </testsuite>
  <testsuite name="/Bundle should validate and submit fhir-fixture-shinny-impl-guide-sample.json as HEALTHeLINK" tests="2" errors="0" failures="0" skipped="0" package="assurance/1115-waiver/ahc-hrsn/screening/regression-test-prime/fhir-service-prime/src/2024-06-10/fhir-service.test.http" time="1.113">
    <properties>
      <property name="title" value="/Bundle should validate and submit fhir-fixture-shinny-impl-guide-sample.json as HEALTHeLINK"/>
      <property name="line" value="103"/>
      <property name="timestamp" value="2024-06-10T08:07:16.904Z"/>
      <property name="file" value="assurance/1115-waiver/ahc-hrsn/screening/regression-test-prime/fhir-service-prime/src/2024-06-10/fhir-service.test.http"/>
    </properties>
    <testcase name="status != 201" classname="/Bundle should validate and submit fhir-fixture-shinny-impl-guide-sample.json as HEALTHeLINK" time="0.556" assertions="1"/>
    <testcase name="response.body != null" classname="/Bundle should validate and submit fhir-fixture-shinny-impl-guide-sample.json as HEALTHeLINK" time="0.556" assertions="1"/>
  </testsuite>
</testsuites>
