<?xml version="1.0" encoding="UTF-8"?>
<testsuites name="httpyac" tests="45" errors="0" disabled="0" failures="8" time="11.011">
  <testsuite name="/metadata endpoint should return FHIR CapabilityStatement" tests="3" errors="0" failures="0" skipped="0" package="assurance/1115-waiver/ahc-hrsn/screening/regression-test-prime/fhir-service-prime/src/2024-09-12/fhir-service.test.http" time="0.221">
    <properties>
      <property name="title" value="/metadata endpoint should return FHIR CapabilityStatement"/>
      <property name="line" value="20"/>
      <property name="timestamp" value="2024-09-12T05:56:07.994Z"/>
      <property name="file" value="assurance/1115-waiver/ahc-hrsn/screening/regression-test-prime/fhir-service-prime/src/2024-09-12/fhir-service.test.http"/>
    </properties>
    <testcase name="status == 200" classname="/metadata endpoint should return FHIR CapabilityStatement" time="0.074" assertions="1"/>
    <testcase name="content-type == text/html;charset=UTF-8" classname="/metadata endpoint should return FHIR CapabilityStatement" time="0.074" assertions="1"/>
    <testcase name="response.body != null" classname="/metadata endpoint should return FHIR CapabilityStatement" time="0.074" assertions="1"/>
  </testsuite>
  <testsuite name="/Bundle/$validate should validate AHCHRSNQuestionnaireResponseExample.json with Content-Type application/json" tests="5" errors="0" failures="1" skipped="0" package="assurance/1115-waiver/ahc-hrsn/screening/regression-test-prime/fhir-service-prime/src/2024-09-12/fhir-service.test.http" time="0.708">
    <properties>
      <property name="title" value="/Bundle/$validate should validate AHCHRSNQuestionnaireResponseExample.json with Content-Type application/json"/>
      <property name="line" value="27"/>
      <property name="timestamp" value="2024-09-12T05:56:08.215Z"/>
      <property name="file" value="assurance/1115-waiver/ahc-hrsn/screening/regression-test-prime/fhir-service-prime/src/2024-09-12/fhir-service.test.http"/>
    </properties>
    <testcase name="status == 200" classname="/Bundle/$validate should validate AHCHRSNQuestionnaireResponseExample.json with Content-Type application/json" time="0.142" assertions="1"/>
    <testcase name="response.body != null" classname="/Bundle/$validate should validate AHCHRSNQuestionnaireResponseExample.json with Content-Type application/json" time="0.142" assertions="1"/>
    <testcase name="response.parsedBody.OperationOutcome.resourceType == OperationOutcome" classname="/Bundle/$validate should validate AHCHRSNQuestionnaireResponseExample.json with Content-Type application/json" time="0.142" assertions="1"/>
    <testcase name="response.parsedBody.OperationOutcome.validationResults[0].operationOutcome.issue[0].severity == error" classname="/Bundle/$validate should validate AHCHRSNQuestionnaireResponseExample.json with Content-Type application/json" time="0.142" assertions="1">
      <properties>
        <property name="displayMessage" value="TypeError: Cannot read properties of null (reading 'issue') - Object.userJS (/home/runner/work/docs.techbd.org/docs.techbd.org/assurance/1115-waiver/ahc-hrsn/screening/regression-test-prime/fhir-service-prime/src/2024-09-12/fhir-service.test.http:35:95"/>
        <property name="file" value="Object.userJS (/home/runner/work/docs.techbd.org/docs.techbd.org/assurance/1115-waiver/ahc-hrsn/screening/regression-test-prime/fhir-service-prime/src/2024-09-12/fhir-service.test.http"/>
        <property name="line" value="35"/>
        <property name="offset" value="95"/>
        <property name="errorType" value="TypeError"/>
        <property name="message" value="Cannot read properties of null (reading 'issue')"/>
      </properties>
      <failure message="response.parsedBody.OperationOutcome.validationResults[0].operationOutcome.issue[0].severity == error" type="TypeError">{"message":"Cannot read properties of null (reading 'issue')","name":"TypeError","stack":"TypeError: Cannot read properties of null (reading 'issue')\n    at Object.userJS (/home/runner/work/docs.techbd.org/docs.techbd.org/assurance/1115-waiver/ahc-hrsn/screening/regression-test-prime/fhir-service-prime/src/2024-09-12/fhir-service.test.http:35:95)\n    at pr (/opt/hostedtoolcache/node/20.17.0/x64/lib/node_modules/httpyac/dist/index.js:120:2730)\n    at Object.Mo [as evalExpression] (/opt/hostedtoolcache/node/20.17.0/x64/lib/node_modules/httpyac/dist/index.js:120:3324)\n    at Object.Di [as action] (/opt/hostedtoolcache/node/20.17.0/x64/lib/node_modules/httpyac/dist/index.js:3:38170)\n    at Dt.trigger (/opt/hostedtoolcache/node/20.17.0/x64/lib/node_modules/httpyac/node_modules/hookpoint/dist/index.js:1:2889)\n    at process.processTicksAndRejections (node:internal/process/task_queues:95:5)\n    at async /opt/hostedtoolcache/node/20.17.0/x64/lib/node_modules/httpyac/dist/index.js:3:36248\n    at async /opt/hostedtoolcache/node/20.17.0/x64/lib/node_modules/httpyac/dist/index.js:3:30247\n    at async Object.action (/opt/hostedtoolcache/node/20.17.0/x64/lib/node_modules/httpyac/dist/index.js:3:36183)\n    at async o.trigger (/opt/hostedtoolcache/node/20.17.0/x64/lib/node_modules/httpyac/node_modules/hookpoint/dist/index.js:1:2872)"}</failure>
    </testcase>
    <testcase name="response.parsedBody.OperationOutcome.validationResults[0].valid == false" classname="/Bundle/$validate should validate AHCHRSNQuestionnaireResponseExample.json with Content-Type application/json" time="0.142" assertions="1"/>
  </testsuite>
  <testsuite name="/Bundle/$validate should validate AHCHRSNScreeningResponseExample.json with Content-Type application/json" tests="5" errors="0" failures="1" skipped="0" package="assurance/1115-waiver/ahc-hrsn/screening/regression-test-prime/fhir-service-prime/src/2024-09-12/fhir-service.test.http" time="0.625">
    <properties>
      <property name="title" value="/Bundle/$validate should validate AHCHRSNScreeningResponseExample.json with Content-Type application/json"/>
      <property name="line" value="39"/>
      <property name="timestamp" value="2024-09-12T05:56:08.923Z"/>
      <property name="file" value="assurance/1115-waiver/ahc-hrsn/screening/regression-test-prime/fhir-service-prime/src/2024-09-12/fhir-service.test.http"/>
    </properties>
    <testcase name="status == 200" classname="/Bundle/$validate should validate AHCHRSNScreeningResponseExample.json with Content-Type application/json" time="0.125" assertions="1"/>
    <testcase name="response.body != null" classname="/Bundle/$validate should validate AHCHRSNScreeningResponseExample.json with Content-Type application/json" time="0.125" assertions="1"/>
    <testcase name="response.parsedBody.OperationOutcome.resourceType == OperationOutcome" classname="/Bundle/$validate should validate AHCHRSNScreeningResponseExample.json with Content-Type application/json" time="0.125" assertions="1"/>
    <testcase name="response.parsedBody.OperationOutcome.validationResults[0].operationOutcome.issue[0].severity == error" classname="/Bundle/$validate should validate AHCHRSNScreeningResponseExample.json with Content-Type application/json" time="0.125" assertions="1">
      <properties>
        <property name="displayMessage" value="TypeError: Cannot read properties of null (reading 'issue') - Object.userJS (/home/runner/work/docs.techbd.org/docs.techbd.org/assurance/1115-waiver/ahc-hrsn/screening/regression-test-prime/fhir-service-prime/src/2024-09-12/fhir-service.test.http:48:95"/>
        <property name="file" value="Object.userJS (/home/runner/work/docs.techbd.org/docs.techbd.org/assurance/1115-waiver/ahc-hrsn/screening/regression-test-prime/fhir-service-prime/src/2024-09-12/fhir-service.test.http"/>
        <property name="line" value="48"/>
        <property name="offset" value="95"/>
        <property name="errorType" value="TypeError"/>
        <property name="message" value="Cannot read properties of null (reading 'issue')"/>
      </properties>
      <failure message="response.parsedBody.OperationOutcome.validationResults[0].operationOutcome.issue[0].severity == error" type="TypeError">{"message":"Cannot read properties of null (reading 'issue')","name":"TypeError","stack":"TypeError: Cannot read properties of null (reading 'issue')\n    at Object.userJS (/home/runner/work/docs.techbd.org/docs.techbd.org/assurance/1115-waiver/ahc-hrsn/screening/regression-test-prime/fhir-service-prime/src/2024-09-12/fhir-service.test.http:48:95)\n    at pr (/opt/hostedtoolcache/node/20.17.0/x64/lib/node_modules/httpyac/dist/index.js:120:2730)\n    at Object.Mo [as evalExpression] (/opt/hostedtoolcache/node/20.17.0/x64/lib/node_modules/httpyac/dist/index.js:120:3324)\n    at Object.Di [as action] (/opt/hostedtoolcache/node/20.17.0/x64/lib/node_modules/httpyac/dist/index.js:3:38170)\n    at Dt.trigger (/opt/hostedtoolcache/node/20.17.0/x64/lib/node_modules/httpyac/node_modules/hookpoint/dist/index.js:1:2889)\n    at process.processTicksAndRejections (node:internal/process/task_queues:95:5)\n    at async /opt/hostedtoolcache/node/20.17.0/x64/lib/node_modules/httpyac/dist/index.js:3:36248\n    at async /opt/hostedtoolcache/node/20.17.0/x64/lib/node_modules/httpyac/dist/index.js:3:30247\n    at async Object.action (/opt/hostedtoolcache/node/20.17.0/x64/lib/node_modules/httpyac/dist/index.js:3:36183)\n    at async o.trigger (/opt/hostedtoolcache/node/20.17.0/x64/lib/node_modules/httpyac/node_modules/hookpoint/dist/index.js:1:2872)"}</failure>
    </testcase>
    <testcase name="response.parsedBody.OperationOutcome.validationResults[0].valid == false" classname="/Bundle/$validate should validate AHCHRSNScreeningResponseExample.json with Content-Type application/json" time="0.125" assertions="1"/>
  </testsuite>
  <testsuite name="/Bundle/$validate should validate NYScreeningResponseExample.json with Content-Type application/json" tests="5" errors="0" failures="1" skipped="0" package="assurance/1115-waiver/ahc-hrsn/screening/regression-test-prime/fhir-service-prime/src/2024-09-12/fhir-service.test.http" time="0.581">
    <properties>
      <property name="title" value="/Bundle/$validate should validate NYScreeningResponseExample.json with Content-Type application/json"/>
      <property name="line" value="53"/>
      <property name="timestamp" value="2024-09-12T05:56:09.548Z"/>
      <property name="file" value="assurance/1115-waiver/ahc-hrsn/screening/regression-test-prime/fhir-service-prime/src/2024-09-12/fhir-service.test.http"/>
    </properties>
    <testcase name="status == 200" classname="/Bundle/$validate should validate NYScreeningResponseExample.json with Content-Type application/json" time="0.116" assertions="1"/>
    <testcase name="response.body != null" classname="/Bundle/$validate should validate NYScreeningResponseExample.json with Content-Type application/json" time="0.116" assertions="1"/>
    <testcase name="response.parsedBody.OperationOutcome.resourceType == OperationOutcome" classname="/Bundle/$validate should validate NYScreeningResponseExample.json with Content-Type application/json" time="0.116" assertions="1"/>
    <testcase name="response.parsedBody.OperationOutcome.validationResults[0].operationOutcome.issue[0].severity == error" classname="/Bundle/$validate should validate NYScreeningResponseExample.json with Content-Type application/json" time="0.116" assertions="1">
      <properties>
        <property name="displayMessage" value="TypeError: Cannot read properties of null (reading 'issue') - Object.userJS (/home/runner/work/docs.techbd.org/docs.techbd.org/assurance/1115-waiver/ahc-hrsn/screening/regression-test-prime/fhir-service-prime/src/2024-09-12/fhir-service.test.http:62:95"/>
        <property name="file" value="Object.userJS (/home/runner/work/docs.techbd.org/docs.techbd.org/assurance/1115-waiver/ahc-hrsn/screening/regression-test-prime/fhir-service-prime/src/2024-09-12/fhir-service.test.http"/>
        <property name="line" value="62"/>
        <property name="offset" value="95"/>
        <property name="errorType" value="TypeError"/>
        <property name="message" value="Cannot read properties of null (reading 'issue')"/>
      </properties>
      <failure message="response.parsedBody.OperationOutcome.validationResults[0].operationOutcome.issue[0].severity == error" type="TypeError">{"message":"Cannot read properties of null (reading 'issue')","name":"TypeError","stack":"TypeError: Cannot read properties of null (reading 'issue')\n    at Object.userJS (/home/runner/work/docs.techbd.org/docs.techbd.org/assurance/1115-waiver/ahc-hrsn/screening/regression-test-prime/fhir-service-prime/src/2024-09-12/fhir-service.test.http:62:95)\n    at pr (/opt/hostedtoolcache/node/20.17.0/x64/lib/node_modules/httpyac/dist/index.js:120:2730)\n    at Object.Mo [as evalExpression] (/opt/hostedtoolcache/node/20.17.0/x64/lib/node_modules/httpyac/dist/index.js:120:3324)\n    at Object.Di [as action] (/opt/hostedtoolcache/node/20.17.0/x64/lib/node_modules/httpyac/dist/index.js:3:38170)\n    at Dt.trigger (/opt/hostedtoolcache/node/20.17.0/x64/lib/node_modules/httpyac/node_modules/hookpoint/dist/index.js:1:2889)\n    at process.processTicksAndRejections (node:internal/process/task_queues:95:5)\n    at async /opt/hostedtoolcache/node/20.17.0/x64/lib/node_modules/httpyac/dist/index.js:3:36248\n    at async /opt/hostedtoolcache/node/20.17.0/x64/lib/node_modules/httpyac/dist/index.js:3:30247\n    at async Object.action (/opt/hostedtoolcache/node/20.17.0/x64/lib/node_modules/httpyac/dist/index.js:3:36183)\n    at async o.trigger (/opt/hostedtoolcache/node/20.17.0/x64/lib/node_modules/httpyac/node_modules/hookpoint/dist/index.js:1:2872)"}</failure>
    </testcase>
    <testcase name="response.parsedBody.OperationOutcome.validationResults[0].valid == false" classname="/Bundle/$validate should validate NYScreeningResponseExample.json with Content-Type application/json" time="0.116" assertions="1"/>
  </testsuite>
  <testsuite name="/Bundle/$validate should validate ObservationAssessmentFoodInsecurityExample.json with Content-Type application/json" tests="5" errors="0" failures="1" skipped="0" package="assurance/1115-waiver/ahc-hrsn/screening/regression-test-prime/fhir-service-prime/src/2024-09-12/fhir-service.test.http" time="5.750">
    <properties>
      <property name="title" value="/Bundle/$validate should validate ObservationAssessmentFoodInsecurityExample.json with Content-Type application/json"/>
      <property name="line" value="66"/>
      <property name="timestamp" value="2024-09-12T05:56:10.129Z"/>
      <property name="file" value="assurance/1115-waiver/ahc-hrsn/screening/regression-test-prime/fhir-service-prime/src/2024-09-12/fhir-service.test.http"/>
    </properties>
    <testcase name="status == 200" classname="/Bundle/$validate should validate ObservationAssessmentFoodInsecurityExample.json with Content-Type application/json" time="1.150" assertions="1"/>
    <testcase name="response.body != null" classname="/Bundle/$validate should validate ObservationAssessmentFoodInsecurityExample.json with Content-Type application/json" time="1.150" assertions="1"/>
    <testcase name="response.parsedBody.OperationOutcome.resourceType == OperationOutcome" classname="/Bundle/$validate should validate ObservationAssessmentFoodInsecurityExample.json with Content-Type application/json" time="1.150" assertions="1"/>
    <testcase name="response.parsedBody.OperationOutcome.validationResults[0].operationOutcome.issue[0].severity == error" classname="/Bundle/$validate should validate ObservationAssessmentFoodInsecurityExample.json with Content-Type application/json" time="1.150" assertions="1">
      <properties>
        <property name="displayMessage" value="TypeError: Cannot read properties of null (reading 'issue') - Object.userJS (/home/runner/work/docs.techbd.org/docs.techbd.org/assurance/1115-waiver/ahc-hrsn/screening/regression-test-prime/fhir-service-prime/src/2024-09-12/fhir-service.test.http:75:95"/>
        <property name="file" value="Object.userJS (/home/runner/work/docs.techbd.org/docs.techbd.org/assurance/1115-waiver/ahc-hrsn/screening/regression-test-prime/fhir-service-prime/src/2024-09-12/fhir-service.test.http"/>
        <property name="line" value="75"/>
        <property name="offset" value="95"/>
        <property name="errorType" value="TypeError"/>
        <property name="message" value="Cannot read properties of null (reading 'issue')"/>
      </properties>
      <failure message="response.parsedBody.OperationOutcome.validationResults[0].operationOutcome.issue[0].severity == error" type="TypeError">{"message":"Cannot read properties of null (reading 'issue')","name":"TypeError","stack":"TypeError: Cannot read properties of null (reading 'issue')\n    at Object.userJS (/home/runner/work/docs.techbd.org/docs.techbd.org/assurance/1115-waiver/ahc-hrsn/screening/regression-test-prime/fhir-service-prime/src/2024-09-12/fhir-service.test.http:75:95)\n    at pr (/opt/hostedtoolcache/node/20.17.0/x64/lib/node_modules/httpyac/dist/index.js:120:2730)\n    at Object.Mo [as evalExpression] (/opt/hostedtoolcache/node/20.17.0/x64/lib/node_modules/httpyac/dist/index.js:120:3324)\n    at Object.Di [as action] (/opt/hostedtoolcache/node/20.17.0/x64/lib/node_modules/httpyac/dist/index.js:3:38170)\n    at Dt.trigger (/opt/hostedtoolcache/node/20.17.0/x64/lib/node_modules/httpyac/node_modules/hookpoint/dist/index.js:1:2889)\n    at process.processTicksAndRejections (node:internal/process/task_queues:95:5)\n    at async /opt/hostedtoolcache/node/20.17.0/x64/lib/node_modules/httpyac/dist/index.js:3:36248\n    at async /opt/hostedtoolcache/node/20.17.0/x64/lib/node_modules/httpyac/dist/index.js:3:30247\n    at async Object.action (/opt/hostedtoolcache/node/20.17.0/x64/lib/node_modules/httpyac/dist/index.js:3:36183)\n    at async o.trigger (/opt/hostedtoolcache/node/20.17.0/x64/lib/node_modules/httpyac/node_modules/hookpoint/dist/index.js:1:2872)"}</failure>
    </testcase>
    <testcase name="response.parsedBody.OperationOutcome.validationResults[0].valid == false" classname="/Bundle/$validate should validate ObservationAssessmentFoodInsecurityExample.json with Content-Type application/json" time="1.150" assertions="1"/>
  </testsuite>
  <testsuite name="/Bundle/$validate should validate ServiceRequestExample.json with Content-Type application/json" tests="5" errors="0" failures="1" skipped="0" package="assurance/1115-waiver/ahc-hrsn/screening/regression-test-prime/fhir-service-prime/src/2024-09-12/fhir-service.test.http" time="0.605">
    <properties>
      <property name="title" value="/Bundle/$validate should validate ServiceRequestExample.json with Content-Type application/json"/>
      <property name="line" value="80"/>
      <property name="timestamp" value="2024-09-12T05:56:15.879Z"/>
      <property name="file" value="assurance/1115-waiver/ahc-hrsn/screening/regression-test-prime/fhir-service-prime/src/2024-09-12/fhir-service.test.http"/>
    </properties>
    <testcase name="status == 200" classname="/Bundle/$validate should validate ServiceRequestExample.json with Content-Type application/json" time="0.121" assertions="1"/>
    <testcase name="response.body != null" classname="/Bundle/$validate should validate ServiceRequestExample.json with Content-Type application/json" time="0.121" assertions="1"/>
    <testcase name="response.parsedBody.OperationOutcome.resourceType == OperationOutcome" classname="/Bundle/$validate should validate ServiceRequestExample.json with Content-Type application/json" time="0.121" assertions="1"/>
    <testcase name="response.parsedBody.OperationOutcome.validationResults[0].operationOutcome.issue[0].severity == error" classname="/Bundle/$validate should validate ServiceRequestExample.json with Content-Type application/json" time="0.121" assertions="1">
      <properties>
        <property name="displayMessage" value="TypeError: Cannot read properties of null (reading 'issue') - Object.userJS (/home/runner/work/docs.techbd.org/docs.techbd.org/assurance/1115-waiver/ahc-hrsn/screening/regression-test-prime/fhir-service-prime/src/2024-09-12/fhir-service.test.http:89:95"/>
        <property name="file" value="Object.userJS (/home/runner/work/docs.techbd.org/docs.techbd.org/assurance/1115-waiver/ahc-hrsn/screening/regression-test-prime/fhir-service-prime/src/2024-09-12/fhir-service.test.http"/>
        <property name="line" value="89"/>
        <property name="offset" value="95"/>
        <property name="errorType" value="TypeError"/>
        <property name="message" value="Cannot read properties of null (reading 'issue')"/>
      </properties>
      <failure message="response.parsedBody.OperationOutcome.validationResults[0].operationOutcome.issue[0].severity == error" type="TypeError">{"message":"Cannot read properties of null (reading 'issue')","name":"TypeError","stack":"TypeError: Cannot read properties of null (reading 'issue')\n    at Object.userJS (/home/runner/work/docs.techbd.org/docs.techbd.org/assurance/1115-waiver/ahc-hrsn/screening/regression-test-prime/fhir-service-prime/src/2024-09-12/fhir-service.test.http:89:95)\n    at pr (/opt/hostedtoolcache/node/20.17.0/x64/lib/node_modules/httpyac/dist/index.js:120:2730)\n    at Object.Mo [as evalExpression] (/opt/hostedtoolcache/node/20.17.0/x64/lib/node_modules/httpyac/dist/index.js:120:3324)\n    at Object.Di [as action] (/opt/hostedtoolcache/node/20.17.0/x64/lib/node_modules/httpyac/dist/index.js:3:38170)\n    at Dt.trigger (/opt/hostedtoolcache/node/20.17.0/x64/lib/node_modules/httpyac/node_modules/hookpoint/dist/index.js:1:2889)\n    at process.processTicksAndRejections (node:internal/process/task_queues:95:5)\n    at async /opt/hostedtoolcache/node/20.17.0/x64/lib/node_modules/httpyac/dist/index.js:3:36248\n    at async /opt/hostedtoolcache/node/20.17.0/x64/lib/node_modules/httpyac/dist/index.js:3:30247\n    at async Object.action (/opt/hostedtoolcache/node/20.17.0/x64/lib/node_modules/httpyac/dist/index.js:3:36183)\n    at async o.trigger (/opt/hostedtoolcache/node/20.17.0/x64/lib/node_modules/httpyac/node_modules/hookpoint/dist/index.js:1:2872)"}</failure>
    </testcase>
    <testcase name="response.parsedBody.OperationOutcome.validationResults[0].valid == false" classname="/Bundle/$validate should validate ServiceRequestExample.json with Content-Type application/json" time="0.121" assertions="1"/>
  </testsuite>
  <testsuite name="/Bundle/$validate should validate TaskCompletedExample.json with Content-Type application/json" tests="5" errors="0" failures="1" skipped="0" package="assurance/1115-waiver/ahc-hrsn/screening/regression-test-prime/fhir-service-prime/src/2024-09-12/fhir-service.test.http" time="0.555">
    <properties>
      <property name="title" value="/Bundle/$validate should validate TaskCompletedExample.json with Content-Type application/json"/>
      <property name="line" value="93"/>
      <property name="timestamp" value="2024-09-12T05:56:16.484Z"/>
      <property name="file" value="assurance/1115-waiver/ahc-hrsn/screening/regression-test-prime/fhir-service-prime/src/2024-09-12/fhir-service.test.http"/>
    </properties>
    <testcase name="status == 200" classname="/Bundle/$validate should validate TaskCompletedExample.json with Content-Type application/json" time="0.111" assertions="1"/>
    <testcase name="response.body != null" classname="/Bundle/$validate should validate TaskCompletedExample.json with Content-Type application/json" time="0.111" assertions="1"/>
    <testcase name="response.parsedBody.OperationOutcome.resourceType == OperationOutcome" classname="/Bundle/$validate should validate TaskCompletedExample.json with Content-Type application/json" time="0.111" assertions="1"/>
    <testcase name="response.parsedBody.OperationOutcome.validationResults[0].operationOutcome.issue[0].severity == error" classname="/Bundle/$validate should validate TaskCompletedExample.json with Content-Type application/json" time="0.111" assertions="1">
      <properties>
        <property name="displayMessage" value="TypeError: Cannot read properties of null (reading 'issue') - Object.userJS (/home/runner/work/docs.techbd.org/docs.techbd.org/assurance/1115-waiver/ahc-hrsn/screening/regression-test-prime/fhir-service-prime/src/2024-09-12/fhir-service.test.http:102:95"/>
        <property name="file" value="Object.userJS (/home/runner/work/docs.techbd.org/docs.techbd.org/assurance/1115-waiver/ahc-hrsn/screening/regression-test-prime/fhir-service-prime/src/2024-09-12/fhir-service.test.http"/>
        <property name="line" value="102"/>
        <property name="offset" value="95"/>
        <property name="errorType" value="TypeError"/>
        <property name="message" value="Cannot read properties of null (reading 'issue')"/>
      </properties>
      <failure message="response.parsedBody.OperationOutcome.validationResults[0].operationOutcome.issue[0].severity == error" type="TypeError">{"message":"Cannot read properties of null (reading 'issue')","name":"TypeError","stack":"TypeError: Cannot read properties of null (reading 'issue')\n    at Object.userJS (/home/runner/work/docs.techbd.org/docs.techbd.org/assurance/1115-waiver/ahc-hrsn/screening/regression-test-prime/fhir-service-prime/src/2024-09-12/fhir-service.test.http:102:95)\n    at pr (/opt/hostedtoolcache/node/20.17.0/x64/lib/node_modules/httpyac/dist/index.js:120:2730)\n    at Object.Mo [as evalExpression] (/opt/hostedtoolcache/node/20.17.0/x64/lib/node_modules/httpyac/dist/index.js:120:3324)\n    at Object.Di [as action] (/opt/hostedtoolcache/node/20.17.0/x64/lib/node_modules/httpyac/dist/index.js:3:38170)\n    at Dt.trigger (/opt/hostedtoolcache/node/20.17.0/x64/lib/node_modules/httpyac/node_modules/hookpoint/dist/index.js:1:2889)\n    at process.processTicksAndRejections (node:internal/process/task_queues:95:5)\n    at async /opt/hostedtoolcache/node/20.17.0/x64/lib/node_modules/httpyac/dist/index.js:3:36248\n    at async /opt/hostedtoolcache/node/20.17.0/x64/lib/node_modules/httpyac/dist/index.js:3:30247\n    at async Object.action (/opt/hostedtoolcache/node/20.17.0/x64/lib/node_modules/httpyac/dist/index.js:3:36183)\n    at async o.trigger (/opt/hostedtoolcache/node/20.17.0/x64/lib/node_modules/httpyac/node_modules/hookpoint/dist/index.js:1:2872)"}</failure>
    </testcase>
    <testcase name="response.parsedBody.OperationOutcome.validationResults[0].valid == false" classname="/Bundle/$validate should validate TaskCompletedExample.json with Content-Type application/json" time="0.111" assertions="1"/>
  </testsuite>
  <testsuite name="/Bundle/$validate should validate TaskExample.json with Content-Type application/json" tests="5" errors="0" failures="1" skipped="0" package="assurance/1115-waiver/ahc-hrsn/screening/regression-test-prime/fhir-service-prime/src/2024-09-12/fhir-service.test.http" time="0.590">
    <properties>
      <property name="title" value="/Bundle/$validate should validate TaskExample.json with Content-Type application/json"/>
      <property name="line" value="106"/>
      <property name="timestamp" value="2024-09-12T05:56:17.039Z"/>
      <property name="file" value="assurance/1115-waiver/ahc-hrsn/screening/regression-test-prime/fhir-service-prime/src/2024-09-12/fhir-service.test.http"/>
    </properties>
    <testcase name="status == 200" classname="/Bundle/$validate should validate TaskExample.json with Content-Type application/json" time="0.118" assertions="1"/>
    <testcase name="response.body != null" classname="/Bundle/$validate should validate TaskExample.json with Content-Type application/json" time="0.118" assertions="1"/>
    <testcase name="response.parsedBody.OperationOutcome.resourceType == OperationOutcome" classname="/Bundle/$validate should validate TaskExample.json with Content-Type application/json" time="0.118" assertions="1"/>
    <testcase name="response.parsedBody.OperationOutcome.validationResults[0].operationOutcome.issue[0].severity == error" classname="/Bundle/$validate should validate TaskExample.json with Content-Type application/json" time="0.118" assertions="1">
      <properties>
        <property name="displayMessage" value="TypeError: Cannot read properties of null (reading 'issue') - Object.userJS (/home/runner/work/docs.techbd.org/docs.techbd.org/assurance/1115-waiver/ahc-hrsn/screening/regression-test-prime/fhir-service-prime/src/2024-09-12/fhir-service.test.http:115:95"/>
        <property name="file" value="Object.userJS (/home/runner/work/docs.techbd.org/docs.techbd.org/assurance/1115-waiver/ahc-hrsn/screening/regression-test-prime/fhir-service-prime/src/2024-09-12/fhir-service.test.http"/>
        <property name="line" value="115"/>
        <property name="offset" value="95"/>
        <property name="errorType" value="TypeError"/>
        <property name="message" value="Cannot read properties of null (reading 'issue')"/>
      </properties>
      <failure message="response.parsedBody.OperationOutcome.validationResults[0].operationOutcome.issue[0].severity == error" type="TypeError">{"message":"Cannot read properties of null (reading 'issue')","name":"TypeError","stack":"TypeError: Cannot read properties of null (reading 'issue')\n    at Object.userJS (/home/runner/work/docs.techbd.org/docs.techbd.org/assurance/1115-waiver/ahc-hrsn/screening/regression-test-prime/fhir-service-prime/src/2024-09-12/fhir-service.test.http:115:95)\n    at pr (/opt/hostedtoolcache/node/20.17.0/x64/lib/node_modules/httpyac/dist/index.js:120:2730)\n    at Object.Mo [as evalExpression] (/opt/hostedtoolcache/node/20.17.0/x64/lib/node_modules/httpyac/dist/index.js:120:3324)\n    at Object.Di [as action] (/opt/hostedtoolcache/node/20.17.0/x64/lib/node_modules/httpyac/dist/index.js:3:38170)\n    at Dt.trigger (/opt/hostedtoolcache/node/20.17.0/x64/lib/node_modules/httpyac/node_modules/hookpoint/dist/index.js:1:2889)\n    at process.processTicksAndRejections (node:internal/process/task_queues:95:5)\n    at async /opt/hostedtoolcache/node/20.17.0/x64/lib/node_modules/httpyac/dist/index.js:3:36248\n    at async /opt/hostedtoolcache/node/20.17.0/x64/lib/node_modules/httpyac/dist/index.js:3:30247\n    at async Object.action (/opt/hostedtoolcache/node/20.17.0/x64/lib/node_modules/httpyac/dist/index.js:3:36183)\n    at async o.trigger (/opt/hostedtoolcache/node/20.17.0/x64/lib/node_modules/httpyac/node_modules/hookpoint/dist/index.js:1:2872)"}</failure>
    </testcase>
    <testcase name="response.parsedBody.OperationOutcome.validationResults[0].valid == false" classname="/Bundle/$validate should validate TaskExample.json with Content-Type application/json" time="0.118" assertions="1"/>
  </testsuite>
  <testsuite name="/Bundle/$validate should validate TaskOutputProcedureExample.json with Content-Type application/json" tests="5" errors="0" failures="1" skipped="0" package="assurance/1115-waiver/ahc-hrsn/screening/regression-test-prime/fhir-service-prime/src/2024-09-12/fhir-service.test.http" time="0.621">
    <properties>
      <property name="title" value="/Bundle/$validate should validate TaskOutputProcedureExample.json with Content-Type application/json"/>
      <property name="line" value="120"/>
      <property name="timestamp" value="2024-09-12T05:56:17.630Z"/>
      <property name="file" value="assurance/1115-waiver/ahc-hrsn/screening/regression-test-prime/fhir-service-prime/src/2024-09-12/fhir-service.test.http"/>
    </properties>
    <testcase name="status == 200" classname="/Bundle/$validate should validate TaskOutputProcedureExample.json with Content-Type application/json" time="0.124" assertions="1"/>
    <testcase name="response.body != null" classname="/Bundle/$validate should validate TaskOutputProcedureExample.json with Content-Type application/json" time="0.124" assertions="1"/>
    <testcase name="response.parsedBody.OperationOutcome.resourceType == OperationOutcome" classname="/Bundle/$validate should validate TaskOutputProcedureExample.json with Content-Type application/json" time="0.124" assertions="1"/>
    <testcase name="response.parsedBody.OperationOutcome.validationResults[0].operationOutcome.issue[0].severity == error" classname="/Bundle/$validate should validate TaskOutputProcedureExample.json with Content-Type application/json" time="0.124" assertions="1">
      <properties>
        <property name="displayMessage" value="TypeError: Cannot read properties of null (reading 'issue') - Object.userJS (/home/runner/work/docs.techbd.org/docs.techbd.org/assurance/1115-waiver/ahc-hrsn/screening/regression-test-prime/fhir-service-prime/src/2024-09-12/fhir-service.test.http:129:95"/>
        <property name="file" value="Object.userJS (/home/runner/work/docs.techbd.org/docs.techbd.org/assurance/1115-waiver/ahc-hrsn/screening/regression-test-prime/fhir-service-prime/src/2024-09-12/fhir-service.test.http"/>
        <property name="line" value="129"/>
        <property name="offset" value="95"/>
        <property name="errorType" value="TypeError"/>
        <property name="message" value="Cannot read properties of null (reading 'issue')"/>
      </properties>
      <failure message="response.parsedBody.OperationOutcome.validationResults[0].operationOutcome.issue[0].severity == error" type="TypeError">{"message":"Cannot read properties of null (reading 'issue')","name":"TypeError","stack":"TypeError: Cannot read properties of null (reading 'issue')\n    at Object.userJS (/home/runner/work/docs.techbd.org/docs.techbd.org/assurance/1115-waiver/ahc-hrsn/screening/regression-test-prime/fhir-service-prime/src/2024-09-12/fhir-service.test.http:129:95)\n    at pr (/opt/hostedtoolcache/node/20.17.0/x64/lib/node_modules/httpyac/dist/index.js:120:2730)\n    at Object.Mo [as evalExpression] (/opt/hostedtoolcache/node/20.17.0/x64/lib/node_modules/httpyac/dist/index.js:120:3324)\n    at Object.Di [as action] (/opt/hostedtoolcache/node/20.17.0/x64/lib/node_modules/httpyac/dist/index.js:3:38170)\n    at Dt.trigger (/opt/hostedtoolcache/node/20.17.0/x64/lib/node_modules/httpyac/node_modules/hookpoint/dist/index.js:1:2889)\n    at process.processTicksAndRejections (node:internal/process/task_queues:95:5)\n    at async /opt/hostedtoolcache/node/20.17.0/x64/lib/node_modules/httpyac/dist/index.js:3:36248\n    at async /opt/hostedtoolcache/node/20.17.0/x64/lib/node_modules/httpyac/dist/index.js:3:30247\n    at async Object.action (/opt/hostedtoolcache/node/20.17.0/x64/lib/node_modules/httpyac/dist/index.js:3:36183)\n    at async o.trigger (/opt/hostedtoolcache/node/20.17.0/x64/lib/node_modules/httpyac/node_modules/hookpoint/dist/index.js:1:2872)"}</failure>
    </testcase>
    <testcase name="response.parsedBody.OperationOutcome.validationResults[0].valid == false" classname="/Bundle/$validate should validate TaskOutputProcedureExample.json with Content-Type application/json" time="0.124" assertions="1"/>
  </testsuite>
  <testsuite name="Bundle should validate and submit Test​ServiceRequest.json as @TECH_BD_FHIR_SERVICE_QE_IDENTIFIER -  with Content-Type application/fhir+json" tests="2" errors="0" failures="0" skipped="0" package="assurance/1115-waiver/ahc-hrsn/screening/regression-test-prime/fhir-service-prime/src/2024-09-12/fhir-service.test.http" time="0.755">
    <properties>
      <property name="title" value="Bundle should validate and submit Test​ServiceRequest.json as @TECH_BD_FHIR_SERVICE_QE_IDENTIFIER -  with Content-Type application/fhir+json"/>
      <property name="line" value="134"/>
      <property name="timestamp" value="2024-09-12T05:56:18.251Z"/>
      <property name="file" value="assurance/1115-waiver/ahc-hrsn/screening/regression-test-prime/fhir-service-prime/src/2024-09-12/fhir-service.test.http"/>
    </properties>
    <testcase name="status == 200" classname="Bundle should validate and submit Test​ServiceRequest.json as @TECH_BD_FHIR_SERVICE_QE_IDENTIFIER -  with Content-Type application/fhir+json" time="0.378" assertions="1"/>
    <testcase name="response.body != null" classname="Bundle should validate and submit Test​ServiceRequest.json as @TECH_BD_FHIR_SERVICE_QE_IDENTIFIER -  with Content-Type application/fhir+json" time="0.378" assertions="1"/>
  </testsuite>
</testsuites>
