<?xml version="1.0" encoding="UTF-8"?>
<testsuites name="httpyac" tests="57" errors="0" disabled="0" failures="7" time="2.636">
  <testsuite name="/metadata endpoint should return FHIR CapabilityStatement" tests="3" errors="0" failures="0" skipped="0" package="assurance/1115-waiver/ahc-hrsn/screening/regression-test-prime/fhir-service-prime/src/2024-07-04/fhir-service.test.http" time="0.538">
    <properties>
      <property name="title" value="/metadata endpoint should return FHIR CapabilityStatement"/>
      <property name="line" value="20"/>
      <property name="timestamp" value="2024-07-04T06:21:54.813Z"/>
      <property name="file" value="assurance/1115-waiver/ahc-hrsn/screening/regression-test-prime/fhir-service-prime/src/2024-07-04/fhir-service.test.http"/>
    </properties>
    <testcase name="status == 200" classname="/metadata endpoint should return FHIR CapabilityStatement" time="0.179" assertions="1"/>
    <testcase name="content-type == text/html;charset=UTF-8" classname="/metadata endpoint should return FHIR CapabilityStatement" time="0.179" assertions="1"/>
    <testcase name="response.body != null" classname="/metadata endpoint should return FHIR CapabilityStatement" time="0.179" assertions="1"/>
  </testsuite>
  <testsuite name="/Bundle/$validate should validate TestCase300.json with Content-Type application/json" tests="6" errors="0" failures="0" skipped="0" package="assurance/1115-waiver/ahc-hrsn/screening/regression-test-prime/fhir-service-prime/src/2024-07-04/fhir-service.test.http" time="0.230">
    <properties>
      <property name="title" value="/Bundle/$validate should validate TestCase300.json with Content-Type application/json"/>
      <property name="line" value="27"/>
      <property name="timestamp" value="2024-07-04T06:21:55.352Z"/>
      <property name="file" value="assurance/1115-waiver/ahc-hrsn/screening/regression-test-prime/fhir-service-prime/src/2024-07-04/fhir-service.test.http"/>
    </properties>
    <testcase name="status == 200" classname="/Bundle/$validate should validate TestCase300.json with Content-Type application/json" time="0.038" assertions="1"/>
    <testcase name="response.body != null" classname="/Bundle/$validate should validate TestCase300.json with Content-Type application/json" time="0.038" assertions="1"/>
    <testcase name="response.parsedBody.OperationOutcome.resourceType == OperationOutcome" classname="/Bundle/$validate should validate TestCase300.json with Content-Type application/json" time="0.038" assertions="1"/>
    <testcase name="response.parsedBody.OperationOutcome.validationResults[0].issues[0].severity == ERROR" classname="/Bundle/$validate should validate TestCase300.json with Content-Type application/json" time="0.038" assertions="1"/>
    <testcase name="response.parsedBody.OperationOutcome.validationResults[0].issues[0].location.line == 1" classname="/Bundle/$validate should validate TestCase300.json with Content-Type application/json" time="0.038" assertions="1"/>
    <testcase name="response.parsedBody.OperationOutcome.validationResults[0].issues[0].location.column == 91" classname="/Bundle/$validate should validate TestCase300.json with Content-Type application/json" time="0.038" assertions="1"/>
  </testsuite>
  <testsuite name="/Bundle/$validate should validate TestCase301.json with Content-Type application/json" tests="6" errors="0" failures="0" skipped="0" package="assurance/1115-waiver/ahc-hrsn/screening/regression-test-prime/fhir-service-prime/src/2024-07-04/fhir-service.test.http" time="0.172">
    <properties>
      <property name="title" value="/Bundle/$validate should validate TestCase301.json with Content-Type application/json"/>
      <property name="line" value="40"/>
      <property name="timestamp" value="2024-07-04T06:21:55.583Z"/>
      <property name="file" value="assurance/1115-waiver/ahc-hrsn/screening/regression-test-prime/fhir-service-prime/src/2024-07-04/fhir-service.test.http"/>
    </properties>
    <testcase name="status == 200" classname="/Bundle/$validate should validate TestCase301.json with Content-Type application/json" time="0.029" assertions="1"/>
    <testcase name="response.body != null" classname="/Bundle/$validate should validate TestCase301.json with Content-Type application/json" time="0.029" assertions="1"/>
    <testcase name="response.parsedBody.OperationOutcome.resourceType == OperationOutcome" classname="/Bundle/$validate should validate TestCase301.json with Content-Type application/json" time="0.029" assertions="1"/>
    <testcase name="response.parsedBody.OperationOutcome.validationResults[0].issues[0].severity == FATAL" classname="/Bundle/$validate should validate TestCase301.json with Content-Type application/json" time="0.029" assertions="1"/>
    <testcase name="response.parsedBody.OperationOutcome.validationResults[0].issues[0].location.line == null" classname="/Bundle/$validate should validate TestCase301.json with Content-Type application/json" time="0.029" assertions="1"/>
    <testcase name="response.parsedBody.OperationOutcome.validationResults[0].issues[0].location.column == null" classname="/Bundle/$validate should validate TestCase301.json with Content-Type application/json" time="0.029" assertions="1"/>
  </testsuite>
  <testsuite name="/Bundle/$validate should validate TestCase302.json with Content-Type application/json" tests="6" errors="0" failures="0" skipped="0" package="assurance/1115-waiver/ahc-hrsn/screening/regression-test-prime/fhir-service-prime/src/2024-07-04/fhir-service.test.http" time="0.162">
    <properties>
      <property name="title" value="/Bundle/$validate should validate TestCase302.json with Content-Type application/json"/>
      <property name="line" value="54"/>
      <property name="timestamp" value="2024-07-04T06:21:55.755Z"/>
      <property name="file" value="assurance/1115-waiver/ahc-hrsn/screening/regression-test-prime/fhir-service-prime/src/2024-07-04/fhir-service.test.http"/>
    </properties>
    <testcase name="status == 200" classname="/Bundle/$validate should validate TestCase302.json with Content-Type application/json" time="0.027" assertions="1"/>
    <testcase name="response.body != null" classname="/Bundle/$validate should validate TestCase302.json with Content-Type application/json" time="0.027" assertions="1"/>
    <testcase name="response.parsedBody.OperationOutcome.resourceType == OperationOutcome" classname="/Bundle/$validate should validate TestCase302.json with Content-Type application/json" time="0.027" assertions="1"/>
    <testcase name="response.parsedBody.OperationOutcome.validationResults[0].issues[0].severity == FATAL" classname="/Bundle/$validate should validate TestCase302.json with Content-Type application/json" time="0.027" assertions="1"/>
    <testcase name="response.parsedBody.OperationOutcome.validationResults[0].issues[0].location.line == null" classname="/Bundle/$validate should validate TestCase302.json with Content-Type application/json" time="0.027" assertions="1"/>
    <testcase name="response.parsedBody.OperationOutcome.validationResults[0].issues[0].location.column == null" classname="/Bundle/$validate should validate TestCase302.json with Content-Type application/json" time="0.027" assertions="1"/>
  </testsuite>
  <testsuite name="/Bundle/$validate should validate Test​ServiceRequest.json with Content-Type application/json" tests="6" errors="0" failures="0" skipped="0" package="assurance/1115-waiver/ahc-hrsn/screening/regression-test-prime/fhir-service-prime/src/2024-07-04/fhir-service.test.http" time="0.210">
    <properties>
      <property name="title" value="/Bundle/$validate should validate Test​ServiceRequest.json with Content-Type application/json"/>
      <property name="line" value="68"/>
      <property name="timestamp" value="2024-07-04T06:21:55.917Z"/>
      <property name="file" value="assurance/1115-waiver/ahc-hrsn/screening/regression-test-prime/fhir-service-prime/src/2024-07-04/fhir-service.test.http"/>
    </properties>
    <testcase name="status == 200" classname="/Bundle/$validate should validate Test​ServiceRequest.json with Content-Type application/json" time="0.035" assertions="1"/>
    <testcase name="response.body != null" classname="/Bundle/$validate should validate Test​ServiceRequest.json with Content-Type application/json" time="0.035" assertions="1"/>
    <testcase name="response.parsedBody.OperationOutcome.resourceType == OperationOutcome" classname="/Bundle/$validate should validate Test​ServiceRequest.json with Content-Type application/json" time="0.035" assertions="1"/>
    <testcase name="response.parsedBody.OperationOutcome.validationResults[0].issues[0].severity == FATAL" classname="/Bundle/$validate should validate Test​ServiceRequest.json with Content-Type application/json" time="0.035" assertions="1"/>
    <testcase name="response.parsedBody.OperationOutcome.validationResults[0].issues[0].location.line == null" classname="/Bundle/$validate should validate Test​ServiceRequest.json with Content-Type application/json" time="0.035" assertions="1"/>
    <testcase name="response.parsedBody.OperationOutcome.validationResults[0].issues[0].location.column == null" classname="/Bundle/$validate should validate Test​ServiceRequest.json with Content-Type application/json" time="0.035" assertions="1"/>
  </testsuite>
  <testsuite name="/Bundle/$validate should validate TestServiceRequest.json with Content-Type application/fhir+json" tests="6" errors="0" failures="5" skipped="0" package="assurance/1115-waiver/ahc-hrsn/screening/regression-test-prime/fhir-service-prime/src/2024-07-04/fhir-service.test.http" time="0.156">
    <properties>
      <property name="title" value="/Bundle/$validate should validate TestServiceRequest.json with Content-Type application/fhir+json"/>
      <property name="line" value="83"/>
      <property name="timestamp" value="2024-07-04T06:21:56.126Z"/>
      <property name="file" value="assurance/1115-waiver/ahc-hrsn/screening/regression-test-prime/fhir-service-prime/src/2024-07-04/fhir-service.test.http"/>
    </properties>
    <testcase name="status == 200" classname="/Bundle/$validate should validate TestServiceRequest.json with Content-Type application/fhir+json" time="0.026" assertions="1">
      <properties>
        <property name="displayMessage" value="AssertionError [ERR_ASSERTION]: status (415) == 200 - /opt/hostedtoolcache/node/20.15.0/x64/lib/node_modules/httpyac/dist/index.js:2:47053"/>
        <property name="file" value="/opt/hostedtoolcache/node/20.15.0/x64/lib/node_modules/httpyac/dist/index.js"/>
        <property name="line" value="2"/>
        <property name="offset" value="47053"/>
        <property name="errorType" value="AssertionError [ERR_ASSERTION]"/>
        <property name="message" value="status (415) == 200"/>
      </properties>
      <failure message="status == 200" type="AssertionError [ERR_ASSERTION]">{"message":"status (415) == 200","name":"AssertionError","stack":"AssertionError [ERR_ASSERTION]: status (415) == 200\n    at /opt/hostedtoolcache/node/20.15.0/x64/lib/node_modules/httpyac/dist/index.js:2:47053\n    at process.processTicksAndRejections (node:internal/process/task_queues:95:5)\n    at async /opt/hostedtoolcache/node/20.15.0/x64/lib/node_modules/httpyac/dist/index.js:2:40725\n    at async Object.action (/opt/hostedtoolcache/node/20.15.0/x64/lib/node_modules/httpyac/dist/index.js:2:46814)\n    at async n.trigger (/opt/hostedtoolcache/node/20.15.0/x64/lib/node_modules/httpyac/node_modules/hookpoint/dist/index.js:1:2872)\n    at async cp (/opt/hostedtoolcache/node/20.15.0/x64/lib/node_modules/httpyac/dist/index.js:2:22407)\n    at async Object.action (/opt/hostedtoolcache/node/20.15.0/x64/lib/node_modules/httpyac/dist/index.js:2:20619)\n    at async n.trigger (/opt/hostedtoolcache/node/20.15.0/x64/lib/node_modules/httpyac/node_modules/hookpoint/dist/index.js:1:2872)\n    at async t.execute (/opt/hostedtoolcache/node/20.15.0/x64/lib/node_modules/httpyac/dist/index.js:2:53166)\n    at async cu (/opt/hostedtoolcache/node/20.15.0/x64/lib/node_modules/httpyac/dist/index.js:119:32241)"}</failure>
    </testcase>
    <testcase name="response.body != null" classname="/Bundle/$validate should validate TestServiceRequest.json with Content-Type application/fhir+json" time="0.026" assertions="1"/>
    <testcase name="response.parsedBody.OperationOutcome.resourceType == OperationOutcome" classname="/Bundle/$validate should validate TestServiceRequest.json with Content-Type application/fhir+json" time="0.026" assertions="1">
      <properties>
        <property name="displayMessage" value="TypeError: Cannot read properties of undefined (reading 'resourceType') - Object.userJS (/home/runner/work/docs.techbd.org/docs.techbd.org/assurance/1115-waiver/ahc-hrsn/screening/regression-test-prime/fhir-service-prime/src/2024-07-04/fhir-service.test.http:91:57"/>
        <property name="file" value="Object.userJS (/home/runner/work/docs.techbd.org/docs.techbd.org/assurance/1115-waiver/ahc-hrsn/screening/regression-test-prime/fhir-service-prime/src/2024-07-04/fhir-service.test.http"/>
        <property name="line" value="91"/>
        <property name="offset" value="57"/>
        <property name="errorType" value="TypeError"/>
        <property name="message" value="Cannot read properties of undefined (reading 'resourceType')"/>
      </properties>
      <failure message="response.parsedBody.OperationOutcome.resourceType == OperationOutcome" type="TypeError">{"message":"Cannot read properties of undefined (reading 'resourceType')","name":"TypeError","stack":"TypeError: Cannot read properties of undefined (reading 'resourceType')\n    at Object.userJS (/home/runner/work/docs.techbd.org/docs.techbd.org/assurance/1115-waiver/ahc-hrsn/screening/regression-test-prime/fhir-service-prime/src/2024-07-04/fhir-service.test.http:91:57)\n    at sr (/opt/hostedtoolcache/node/20.15.0/x64/lib/node_modules/httpyac/dist/index.js:119:2730)\n    at Object.qo [as evalExpression] (/opt/hostedtoolcache/node/20.15.0/x64/lib/node_modules/httpyac/dist/index.js:119:3298)\n    at Object.Ti [as action] (/opt/hostedtoolcache/node/20.15.0/x64/lib/node_modules/httpyac/dist/index.js:2:48801)\n    at At.trigger (/opt/hostedtoolcache/node/20.15.0/x64/lib/node_modules/httpyac/node_modules/hookpoint/dist/index.js:1:2889)\n    at process.processTicksAndRejections (node:internal/process/task_queues:95:5)\n    at async /opt/hostedtoolcache/node/20.15.0/x64/lib/node_modules/httpyac/dist/index.js:2:46879\n    at async /opt/hostedtoolcache/node/20.15.0/x64/lib/node_modules/httpyac/dist/index.js:2:40725\n    at async Object.action (/opt/hostedtoolcache/node/20.15.0/x64/lib/node_modules/httpyac/dist/index.js:2:46814)\n    at async n.trigger (/opt/hostedtoolcache/node/20.15.0/x64/lib/node_modules/httpyac/node_modules/hookpoint/dist/index.js:1:2872)"}</failure>
    </testcase>
    <testcase name="response.parsedBody.OperationOutcome.validationResults[0].issues[0].severity == FATAL" classname="/Bundle/$validate should validate TestServiceRequest.json with Content-Type application/fhir+json" time="0.026" assertions="1">
      <properties>
        <property name="displayMessage" value="TypeError: Cannot read properties of undefined (reading 'validationResults') - Object.userJS (/home/runner/work/docs.techbd.org/docs.techbd.org/assurance/1115-waiver/ahc-hrsn/screening/regression-test-prime/fhir-service-prime/src/2024-07-04/fhir-service.test.http:92:57"/>
        <property name="file" value="Object.userJS (/home/runner/work/docs.techbd.org/docs.techbd.org/assurance/1115-waiver/ahc-hrsn/screening/regression-test-prime/fhir-service-prime/src/2024-07-04/fhir-service.test.http"/>
        <property name="line" value="92"/>
        <property name="offset" value="57"/>
        <property name="errorType" value="TypeError"/>
        <property name="message" value="Cannot read properties of undefined (reading 'validationResults')"/>
      </properties>
      <failure message="response.parsedBody.OperationOutcome.validationResults[0].issues[0].severity == FATAL" type="TypeError">{"message":"Cannot read properties of undefined (reading 'validationResults')","name":"TypeError","stack":"TypeError: Cannot read properties of undefined (reading 'validationResults')\n    at Object.userJS (/home/runner/work/docs.techbd.org/docs.techbd.org/assurance/1115-waiver/ahc-hrsn/screening/regression-test-prime/fhir-service-prime/src/2024-07-04/fhir-service.test.http:92:57)\n    at sr (/opt/hostedtoolcache/node/20.15.0/x64/lib/node_modules/httpyac/dist/index.js:119:2730)\n    at Object.qo [as evalExpression] (/opt/hostedtoolcache/node/20.15.0/x64/lib/node_modules/httpyac/dist/index.js:119:3298)\n    at Object.Ti [as action] (/opt/hostedtoolcache/node/20.15.0/x64/lib/node_modules/httpyac/dist/index.js:2:48801)\n    at At.trigger (/opt/hostedtoolcache/node/20.15.0/x64/lib/node_modules/httpyac/node_modules/hookpoint/dist/index.js:1:2889)\n    at process.processTicksAndRejections (node:internal/process/task_queues:95:5)\n    at async /opt/hostedtoolcache/node/20.15.0/x64/lib/node_modules/httpyac/dist/index.js:2:46879\n    at async /opt/hostedtoolcache/node/20.15.0/x64/lib/node_modules/httpyac/dist/index.js:2:40725\n    at async Object.action (/opt/hostedtoolcache/node/20.15.0/x64/lib/node_modules/httpyac/dist/index.js:2:46814)\n    at async n.trigger (/opt/hostedtoolcache/node/20.15.0/x64/lib/node_modules/httpyac/node_modules/hookpoint/dist/index.js:1:2872)"}</failure>
    </testcase>
    <testcase name="response.parsedBody.OperationOutcome.validationResults[0].issues[0].location.line == null" classname="/Bundle/$validate should validate TestServiceRequest.json with Content-Type application/fhir+json" time="0.026" assertions="1">
      <properties>
        <property name="displayMessage" value="TypeError: Cannot read properties of undefined (reading 'validationResults') - Object.userJS (/home/runner/work/docs.techbd.org/docs.techbd.org/assurance/1115-waiver/ahc-hrsn/screening/regression-test-prime/fhir-service-prime/src/2024-07-04/fhir-service.test.http:93:57"/>
        <property name="file" value="Object.userJS (/home/runner/work/docs.techbd.org/docs.techbd.org/assurance/1115-waiver/ahc-hrsn/screening/regression-test-prime/fhir-service-prime/src/2024-07-04/fhir-service.test.http"/>
        <property name="line" value="93"/>
        <property name="offset" value="57"/>
        <property name="errorType" value="TypeError"/>
        <property name="message" value="Cannot read properties of undefined (reading 'validationResults')"/>
      </properties>
      <failure message="response.parsedBody.OperationOutcome.validationResults[0].issues[0].location.line == null" type="TypeError">{"message":"Cannot read properties of undefined (reading 'validationResults')","name":"TypeError","stack":"TypeError: Cannot read properties of undefined (reading 'validationResults')\n    at Object.userJS (/home/runner/work/docs.techbd.org/docs.techbd.org/assurance/1115-waiver/ahc-hrsn/screening/regression-test-prime/fhir-service-prime/src/2024-07-04/fhir-service.test.http:93:57)\n    at sr (/opt/hostedtoolcache/node/20.15.0/x64/lib/node_modules/httpyac/dist/index.js:119:2730)\n    at Object.qo [as evalExpression] (/opt/hostedtoolcache/node/20.15.0/x64/lib/node_modules/httpyac/dist/index.js:119:3298)\n    at Object.Ti [as action] (/opt/hostedtoolcache/node/20.15.0/x64/lib/node_modules/httpyac/dist/index.js:2:48801)\n    at At.trigger (/opt/hostedtoolcache/node/20.15.0/x64/lib/node_modules/httpyac/node_modules/hookpoint/dist/index.js:1:2889)\n    at process.processTicksAndRejections (node:internal/process/task_queues:95:5)\n    at async /opt/hostedtoolcache/node/20.15.0/x64/lib/node_modules/httpyac/dist/index.js:2:46879\n    at async /opt/hostedtoolcache/node/20.15.0/x64/lib/node_modules/httpyac/dist/index.js:2:40725\n    at async Object.action (/opt/hostedtoolcache/node/20.15.0/x64/lib/node_modules/httpyac/dist/index.js:2:46814)\n    at async n.trigger (/opt/hostedtoolcache/node/20.15.0/x64/lib/node_modules/httpyac/node_modules/hookpoint/dist/index.js:1:2872)"}</failure>
    </testcase>
    <testcase name="response.parsedBody.OperationOutcome.validationResults[0].issues[0].location.column == null" classname="/Bundle/$validate should validate TestServiceRequest.json with Content-Type application/fhir+json" time="0.026" assertions="1">
      <properties>
        <property name="displayMessage" value="TypeError: Cannot read properties of undefined (reading 'validationResults') - Object.userJS (/home/runner/work/docs.techbd.org/docs.techbd.org/assurance/1115-waiver/ahc-hrsn/screening/regression-test-prime/fhir-service-prime/src/2024-07-04/fhir-service.test.http:94:57"/>
        <property name="file" value="Object.userJS (/home/runner/work/docs.techbd.org/docs.techbd.org/assurance/1115-waiver/ahc-hrsn/screening/regression-test-prime/fhir-service-prime/src/2024-07-04/fhir-service.test.http"/>
        <property name="line" value="94"/>
        <property name="offset" value="57"/>
        <property name="errorType" value="TypeError"/>
        <property name="message" value="Cannot read properties of undefined (reading 'validationResults')"/>
      </properties>
      <failure message="response.parsedBody.OperationOutcome.validationResults[0].issues[0].location.column == null" type="TypeError">{"message":"Cannot read properties of undefined (reading 'validationResults')","name":"TypeError","stack":"TypeError: Cannot read properties of undefined (reading 'validationResults')\n    at Object.userJS (/home/runner/work/docs.techbd.org/docs.techbd.org/assurance/1115-waiver/ahc-hrsn/screening/regression-test-prime/fhir-service-prime/src/2024-07-04/fhir-service.test.http:94:57)\n    at sr (/opt/hostedtoolcache/node/20.15.0/x64/lib/node_modules/httpyac/dist/index.js:119:2730)\n    at Object.qo [as evalExpression] (/opt/hostedtoolcache/node/20.15.0/x64/lib/node_modules/httpyac/dist/index.js:119:3298)\n    at Object.Ti [as action] (/opt/hostedtoolcache/node/20.15.0/x64/lib/node_modules/httpyac/dist/index.js:2:48801)\n    at At.trigger (/opt/hostedtoolcache/node/20.15.0/x64/lib/node_modules/httpyac/node_modules/hookpoint/dist/index.js:1:2889)\n    at process.processTicksAndRejections (node:internal/process/task_queues:95:5)\n    at async /opt/hostedtoolcache/node/20.15.0/x64/lib/node_modules/httpyac/dist/index.js:2:46879\n    at async /opt/hostedtoolcache/node/20.15.0/x64/lib/node_modules/httpyac/dist/index.js:2:40725\n    at async Object.action (/opt/hostedtoolcache/node/20.15.0/x64/lib/node_modules/httpyac/dist/index.js:2:46814)\n    at async n.trigger (/opt/hostedtoolcache/node/20.15.0/x64/lib/node_modules/httpyac/node_modules/hookpoint/dist/index.js:1:2872)"}</failure>
    </testcase>
  </testsuite>
  <testsuite name="/Bundle/$validate should validate TestTask.json" tests="6" errors="0" failures="0" skipped="0" package="assurance/1115-waiver/ahc-hrsn/screening/regression-test-prime/fhir-service-prime/src/2024-07-04/fhir-service.test.http" time="0.155">
    <properties>
      <property name="title" value="/Bundle/$validate should validate TestTask.json"/>
      <property name="line" value="97"/>
      <property name="timestamp" value="2024-07-04T06:21:56.283Z"/>
      <property name="file" value="assurance/1115-waiver/ahc-hrsn/screening/regression-test-prime/fhir-service-prime/src/2024-07-04/fhir-service.test.http"/>
    </properties>
    <testcase name="status == 200" classname="/Bundle/$validate should validate TestTask.json" time="0.026" assertions="1"/>
    <testcase name="response.body != null" classname="/Bundle/$validate should validate TestTask.json" time="0.026" assertions="1"/>
    <testcase name="response.parsedBody.OperationOutcome.resourceType == OperationOutcome" classname="/Bundle/$validate should validate TestTask.json" time="0.026" assertions="1"/>
    <testcase name="response.parsedBody.OperationOutcome.validationResults[0].issues[0].severity == FATAL" classname="/Bundle/$validate should validate TestTask.json" time="0.026" assertions="1"/>
    <testcase name="response.parsedBody.OperationOutcome.validationResults[0].issues[0].location.line == null" classname="/Bundle/$validate should validate TestTask.json" time="0.026" assertions="1"/>
    <testcase name="response.parsedBody.OperationOutcome.validationResults[0].issues[0].location.column == null" classname="/Bundle/$validate should validate TestTask.json" time="0.026" assertions="1"/>
  </testsuite>
  <testsuite name="/Bundle/$validate should validate TestTaskCompleted.json" tests="6" errors="0" failures="0" skipped="0" package="assurance/1115-waiver/ahc-hrsn/screening/regression-test-prime/fhir-service-prime/src/2024-07-04/fhir-service.test.http" time="0.199">
    <properties>
      <property name="title" value="/Bundle/$validate should validate TestTaskCompleted.json"/>
      <property name="line" value="111"/>
      <property name="timestamp" value="2024-07-04T06:21:56.438Z"/>
      <property name="file" value="assurance/1115-waiver/ahc-hrsn/screening/regression-test-prime/fhir-service-prime/src/2024-07-04/fhir-service.test.http"/>
    </properties>
    <testcase name="status == 200" classname="/Bundle/$validate should validate TestTaskCompleted.json" time="0.033" assertions="1"/>
    <testcase name="response.body != null" classname="/Bundle/$validate should validate TestTaskCompleted.json" time="0.033" assertions="1"/>
    <testcase name="response.parsedBody.OperationOutcome.resourceType == OperationOutcome" classname="/Bundle/$validate should validate TestTaskCompleted.json" time="0.033" assertions="1"/>
    <testcase name="response.parsedBody.OperationOutcome.validationResults[0].issues[0].severity == FATAL" classname="/Bundle/$validate should validate TestTaskCompleted.json" time="0.033" assertions="1"/>
    <testcase name="response.parsedBody.OperationOutcome.validationResults[0].issues[0].location.line == null" classname="/Bundle/$validate should validate TestTaskCompleted.json" time="0.033" assertions="1"/>
    <testcase name="response.parsedBody.OperationOutcome.validationResults[0].issues[0].location.column == null" classname="/Bundle/$validate should validate TestTaskCompleted.json" time="0.033" assertions="1"/>
  </testsuite>
  <testsuite name="/Bundle/$validate should validate Test​ProcedureCompleted.json" tests="6" errors="0" failures="0" skipped="0" package="assurance/1115-waiver/ahc-hrsn/screening/regression-test-prime/fhir-service-prime/src/2024-07-04/fhir-service.test.http" time="0.151">
    <properties>
      <property name="title" value="/Bundle/$validate should validate Test​ProcedureCompleted.json"/>
      <property name="line" value="125"/>
      <property name="timestamp" value="2024-07-04T06:21:56.637Z"/>
      <property name="file" value="assurance/1115-waiver/ahc-hrsn/screening/regression-test-prime/fhir-service-prime/src/2024-07-04/fhir-service.test.http"/>
    </properties>
    <testcase name="status == 200" classname="/Bundle/$validate should validate Test​ProcedureCompleted.json" time="0.025" assertions="1"/>
    <testcase name="response.body != null" classname="/Bundle/$validate should validate Test​ProcedureCompleted.json" time="0.025" assertions="1"/>
    <testcase name="response.parsedBody.OperationOutcome.resourceType == OperationOutcome" classname="/Bundle/$validate should validate Test​ProcedureCompleted.json" time="0.025" assertions="1"/>
    <testcase name="response.parsedBody.OperationOutcome.validationResults[0].issues[0].severity == FATAL" classname="/Bundle/$validate should validate Test​ProcedureCompleted.json" time="0.025" assertions="1"/>
    <testcase name="response.parsedBody.OperationOutcome.validationResults[0].issues[0].location.line == null" classname="/Bundle/$validate should validate Test​ProcedureCompleted.json" time="0.025" assertions="1"/>
    <testcase name="response.parsedBody.OperationOutcome.validationResults[0].issues[0].location.column == null" classname="/Bundle/$validate should validate Test​ProcedureCompleted.json" time="0.025" assertions="1"/>
  </testsuite>
  <testsuite name="Bundle should validate and submit Test​ServiceRequest.json as @TECH_BD_FHIR_SERVICE_QE_IDENTIFIER -  with Content-Type application/json" tests="2" errors="0" failures="0" skipped="0" package="assurance/1115-waiver/ahc-hrsn/screening/regression-test-prime/fhir-service-prime/src/2024-07-04/fhir-service.test.http" time="0.266">
    <properties>
      <property name="title" value="Bundle should validate and submit Test​ServiceRequest.json as @TECH_BD_FHIR_SERVICE_QE_IDENTIFIER -  with Content-Type application/json"/>
      <property name="line" value="139"/>
      <property name="timestamp" value="2024-07-04T06:21:56.789Z"/>
      <property name="file" value="assurance/1115-waiver/ahc-hrsn/screening/regression-test-prime/fhir-service-prime/src/2024-07-04/fhir-service.test.http"/>
    </properties>
    <testcase name="status == 200" classname="Bundle should validate and submit Test​ServiceRequest.json as @TECH_BD_FHIR_SERVICE_QE_IDENTIFIER -  with Content-Type application/json" time="0.133" assertions="1"/>
    <testcase name="response.body != null" classname="Bundle should validate and submit Test​ServiceRequest.json as @TECH_BD_FHIR_SERVICE_QE_IDENTIFIER -  with Content-Type application/json" time="0.133" assertions="1"/>
  </testsuite>
  <testsuite name="/Bundle should validate and submit Test​ServiceRequest.json Test​ServiceRequest.json  with Content-Type application/fhir+json" tests="2" errors="0" failures="1" skipped="0" package="assurance/1115-waiver/ahc-hrsn/screening/regression-test-prime/fhir-service-prime/src/2024-07-04/fhir-service.test.http" time="0.246">
    <properties>
      <property name="title" value="/Bundle should validate and submit Test​ServiceRequest.json Test​ServiceRequest.json  with Content-Type application/fhir+json"/>
      <property name="line" value="150"/>
      <property name="timestamp" value="2024-07-04T06:21:57.054Z"/>
      <property name="file" value="assurance/1115-waiver/ahc-hrsn/screening/regression-test-prime/fhir-service-prime/src/2024-07-04/fhir-service.test.http"/>
    </properties>
    <testcase name="status == 200" classname="/Bundle should validate and submit Test​ServiceRequest.json Test​ServiceRequest.json  with Content-Type application/fhir+json" time="0.123" assertions="1">
      <properties>
        <property name="displayMessage" value="AssertionError [ERR_ASSERTION]: status (415) == 200 - /opt/hostedtoolcache/node/20.15.0/x64/lib/node_modules/httpyac/dist/index.js:2:47053"/>
        <property name="file" value="/opt/hostedtoolcache/node/20.15.0/x64/lib/node_modules/httpyac/dist/index.js"/>
        <property name="line" value="2"/>
        <property name="offset" value="47053"/>
        <property name="errorType" value="AssertionError [ERR_ASSERTION]"/>
        <property name="message" value="status (415) == 200"/>
      </properties>
      <failure message="status == 200" type="AssertionError [ERR_ASSERTION]">{"message":"status (415) == 200","name":"AssertionError","stack":"AssertionError [ERR_ASSERTION]: status (415) == 200\n    at /opt/hostedtoolcache/node/20.15.0/x64/lib/node_modules/httpyac/dist/index.js:2:47053\n    at process.processTicksAndRejections (node:internal/process/task_queues:95:5)\n    at async /opt/hostedtoolcache/node/20.15.0/x64/lib/node_modules/httpyac/dist/index.js:2:40725\n    at async Object.action (/opt/hostedtoolcache/node/20.15.0/x64/lib/node_modules/httpyac/dist/index.js:2:46814)\n    at async n.trigger (/opt/hostedtoolcache/node/20.15.0/x64/lib/node_modules/httpyac/node_modules/hookpoint/dist/index.js:1:2872)\n    at async cp (/opt/hostedtoolcache/node/20.15.0/x64/lib/node_modules/httpyac/dist/index.js:2:22407)\n    at async Object.action (/opt/hostedtoolcache/node/20.15.0/x64/lib/node_modules/httpyac/dist/index.js:2:20619)\n    at async n.trigger (/opt/hostedtoolcache/node/20.15.0/x64/lib/node_modules/httpyac/node_modules/hookpoint/dist/index.js:1:2872)\n    at async t.execute (/opt/hostedtoolcache/node/20.15.0/x64/lib/node_modules/httpyac/dist/index.js:2:53166)\n    at async cu (/opt/hostedtoolcache/node/20.15.0/x64/lib/node_modules/httpyac/dist/index.js:119:32241)"}</failure>
    </testcase>
    <testcase name="response.body != null" classname="/Bundle should validate and submit Test​ServiceRequest.json Test​ServiceRequest.json  with Content-Type application/fhir+json" time="0.123" assertions="1"/>
  </testsuite>
  <testsuite name="/Bundle should validate and submit Test​ServiceRequest.json Test​ServiceRequest.json  with header  DATALAKE_API_CONTENT_TYPE" tests="2" errors="0" failures="1" skipped="0" package="assurance/1115-waiver/ahc-hrsn/screening/regression-test-prime/fhir-service-prime/src/2024-07-04/fhir-service.test.http" time="0.151">
    <properties>
      <property name="title" value="/Bundle should validate and submit Test​ServiceRequest.json Test​ServiceRequest.json  with header  DATALAKE_API_CONTENT_TYPE"/>
      <property name="line" value="160"/>
      <property name="timestamp" value="2024-07-04T06:21:57.300Z"/>
      <property name="file" value="assurance/1115-waiver/ahc-hrsn/screening/regression-test-prime/fhir-service-prime/src/2024-07-04/fhir-service.test.http"/>
    </properties>
    <testcase name="status == 200" classname="/Bundle should validate and submit Test​ServiceRequest.json Test​ServiceRequest.json  with header  DATALAKE_API_CONTENT_TYPE" time="0.076" assertions="1">
      <properties>
        <property name="displayMessage" value="AssertionError [ERR_ASSERTION]: status (415) == 200 - /opt/hostedtoolcache/node/20.15.0/x64/lib/node_modules/httpyac/dist/index.js:2:47053"/>
        <property name="file" value="/opt/hostedtoolcache/node/20.15.0/x64/lib/node_modules/httpyac/dist/index.js"/>
        <property name="line" value="2"/>
        <property name="offset" value="47053"/>
        <property name="errorType" value="AssertionError [ERR_ASSERTION]"/>
        <property name="message" value="status (415) == 200"/>
      </properties>
      <failure message="status == 200" type="AssertionError [ERR_ASSERTION]">{"message":"status (415) == 200","name":"AssertionError","stack":"AssertionError [ERR_ASSERTION]: status (415) == 200\n    at /opt/hostedtoolcache/node/20.15.0/x64/lib/node_modules/httpyac/dist/index.js:2:47053\n    at process.processTicksAndRejections (node:internal/process/task_queues:95:5)\n    at async /opt/hostedtoolcache/node/20.15.0/x64/lib/node_modules/httpyac/dist/index.js:2:40725\n    at async Object.action (/opt/hostedtoolcache/node/20.15.0/x64/lib/node_modules/httpyac/dist/index.js:2:46814)\n    at async n.trigger (/opt/hostedtoolcache/node/20.15.0/x64/lib/node_modules/httpyac/node_modules/hookpoint/dist/index.js:1:2872)\n    at async cp (/opt/hostedtoolcache/node/20.15.0/x64/lib/node_modules/httpyac/dist/index.js:2:22407)\n    at async Object.action (/opt/hostedtoolcache/node/20.15.0/x64/lib/node_modules/httpyac/dist/index.js:2:20619)\n    at async n.trigger (/opt/hostedtoolcache/node/20.15.0/x64/lib/node_modules/httpyac/node_modules/hookpoint/dist/index.js:1:2872)\n    at async t.execute (/opt/hostedtoolcache/node/20.15.0/x64/lib/node_modules/httpyac/dist/index.js:2:53166)\n    at async cu (/opt/hostedtoolcache/node/20.15.0/x64/lib/node_modules/httpyac/dist/index.js:119:32241)"}</failure>
    </testcase>
    <testcase name="response.body != null" classname="/Bundle should validate and submit Test​ServiceRequest.json Test​ServiceRequest.json  with header  DATALAKE_API_CONTENT_TYPE" time="0.076" assertions="1"/>
  </testsuite>
</testsuites>
