<!DOCTYPE html>
<html lang="en">
<head>
    <meta charset="UTF-8">
    <title>regression-test-results.httpyac.junit.xml</title>
    <style type="text/css">
        body {
    background-color: white;
    padding-bottom: 20em;
    margin: 0;
    min-height: 15cm;
}

h1, h2, h3, h4, h5, h6, h7 {
    font-family: sans-serif;
}

h1 {
    background-color: #007acc;
    color: white;
    padding: 3mm;
    margin-top: 0;
    margin-bottom: 1mm;
}

.footer {
    font-style: italic;
    font-size: small;
    text-align: right;
    padding: 1em;
}

.testsuite {
    padding-bottom: 2em;
    margin-left: 1em;
}

.proplist {
    width: 100%;
    margin-bottom: 2em;
    border-collapse: collapse;
    border: 1px solid grey;
}

.proplist th {
    background-color: silver;
    width: 5em;
    padding: 2px;
    padding-right: 1em;
    text-align: left;
}

.proplist td {
    padding: 2px;
    word-break: break-all;
}

.index-table {
    width: 90%;
    margin-left: 1em;
}

.index-table td {
    vertical-align: top;
    max-width: 200px;
    word-wrap: break-word;
}

.failure-index {

}

.toc {
    margin-bottom: 2em;
    font-family: monospace;
}

.stdio, pre {
    min-height: 1em;
    background-color: #1e1e1e;
    color: silver;
    padding: 0.5em;
}
.tdpre {
    background-color: #1e1e1e;
}

.test {
    margin-left: 0.5cm;
}

.toc {
    list-style: none;
}

.toc li.outcome {
    list-style: none;
}

.toc li.outcome::before {
    content: "\2022";
    color: black;
    font-weight: bold;
    display: inline-block;
    width: 1.27em;
    margin-left: -1.27em;
    font-size: 1.2em;
}

.toc li.outcome-failed {
    background-color: lightcoral;
}

.toc li.outcome-failed::before {
    color: red;
}

.toc li.outcome-passed::before {
    color: green;
}

.toc li.outcome-skipped::before {
    color: orange;
}

.testcases .outcome {
    border-left: 1em;
    padding: 2px;
}

.testcases .outcome-failed {
    border-left: 1em solid lightcoral;
}


.outcome-passed {
    border-left: 1em solid lightgreen;
}

.outcome-skipped {
    border-left: 1em dotted silver;
}

.testcases .outcome-passed {
    border-left: 1em solid lightgreen;
}

.testcases .outcome-skipped {
    border-left: 1em solid #FED8B1;
}

.stats-table {
}

.stats-table td {
    min-width: 4em;
    text-align: right;
}

.stats-table .failed {
    background-color: lightcoral;
}

.stats-table .passed {
    background-color: lightgreen;
}

.matrix-table {
    table-layout: fixed;
    border-spacing: 0;
    width: available;
    margin-left: 1em;
}

.matrix-table td {
    vertical-align: center;
}

.matrix-table td:last-child {
    width: 0;
}

.matrix-table tr:hover {
    background-color: yellow;
}

.matrix-axis-name {
    white-space: nowrap;
    padding-right: 0.5em;
    border-left: 1px solid black;
    border-top: 1px solid black;
    text-align: right;
}

.matrix-axis-line {
    border-left: 1px solid black;
    width: 0.5em;
}

.matrix-classname {
    text-align: left;
    width: 100%;
    border-top: 2px solid grey;
    border-bottom: 1px solid silver;
}

.matrix-casename {
    text-align: left;
    font-weight: normal;
    font-style: italic;
    padding-left: 1em;
    border-bottom: 1px solid silver;
}

.matrix-result {
    display: block;
    width: 1em;
    text-align: center;
    padding: 1mm;
    margin: 0;
}

.matrix-result-combined {
    white-space: nowrap;
    padding-right: 0.2em;
    text-align: right;
}

.matrix-result-failed {
    background-color: lightcoral;
}

.matrix-result-passed {
    background-color: lightgreen;
}

.matrix-result-skipped {
    background-color: lightyellow;
}

.matrix-even {
    background-color: lightgray;
}
    </style>
</head>
<body>
    
<h1>
    Test Report : regression-test-results.httpyac.junit.xml
</h1>


<a id="toc"></a>
<table class="index-table">
    <tr>
        <td>
            <ul class="toc">
            
                
                <li>/metadata endpoint should return FHIR CapabilityStatement
                <ul>
                    
                    <li class="outcome outcome-passed"><a href="#c73a7a87-92a3-47b3-baea-c2b3d81b81db">status == 200</a></li>
                    
                    <li class="outcome outcome-passed"><a href="#54447c65-0d58-4dad-80be-08c3f33cd6ff">content-type == text/html;charset=UTF-8</a></li>
                    
                    <li class="outcome outcome-passed"><a href="#51997144-3400-4a56-a949-cb2a6b89ddef">response.body != null</a></li>
                    
                </ul>
                </li>
                
            
                
                <li>/Bundle/$validate should validate Test​ServiceRequest.json with Content-Type application/json
                <ul>
                    
                    <li class="outcome outcome-failed"><a href="#6fd048fd-ee01-4eb6-8791-2f147770ba28">status == 200</a></li>
                    
                    <li class="outcome outcome-passed"><a href="#eace17cf-d3fc-45d8-85c8-cfdd1df92399">response.body != null</a></li>
                    
                    <li class="outcome outcome-failed"><a href="#0d5f4b9e-3aba-44ac-97c2-54b7141852c4">response.parsedBody.OperationOutcome.resourceType == OperationOutcome</a></li>
                    
                    <li class="outcome outcome-failed"><a href="#1d55c70b-86a0-4f05-82c1-72551c677fdb">response.parsedBody.OperationOutcome.validationResults[0].issues[0].severity == FATAL</a></li>
                    
                    <li class="outcome outcome-failed"><a href="#0e76474d-4234-43f2-89be-a7b190a98292">response.parsedBody.OperationOutcome.validationResults[0].issues[0].location.line == null</a></li>
                    
                    <li class="outcome outcome-failed"><a href="#a66fd4c1-6c97-4b8a-b18b-669db89ab74a">response.parsedBody.OperationOutcome.validationResults[0].issues[0].location.column == null</a></li>
                    
                </ul>
                </li>
                
            
                
                <li>/Bundle/$validate should validate TestServiceRequest.json with Content-Type application/json+fhir
                <ul>
                    
                    <li class="outcome outcome-failed"><a href="#a1c726e8-6b51-4ed8-883a-f63c6babbc97">status == 200</a></li>
                    
                    <li class="outcome outcome-passed"><a href="#1346eeb0-f6f6-46ce-aff2-b1d106f12914">response.body != null</a></li>
                    
                    <li class="outcome outcome-failed"><a href="#e4336c3d-f85d-4c17-be5d-3385e28adc7a">response.parsedBody.OperationOutcome.resourceType == OperationOutcome</a></li>
                    
                    <li class="outcome outcome-failed"><a href="#7c4b24a5-3f38-4405-862a-2ce8b002d721">response.parsedBody.OperationOutcome.validationResults[0].issues[0].severity == FATAL</a></li>
                    
                    <li class="outcome outcome-failed"><a href="#caed1cbb-925f-4c0e-af33-6414e6dad519">response.parsedBody.OperationOutcome.validationResults[0].issues[0].location.line == null</a></li>
                    
                    <li class="outcome outcome-failed"><a href="#d5b65dc4-8813-4458-8af4-e3f5367f3f96">response.parsedBody.OperationOutcome.validationResults[0].issues[0].location.column == null</a></li>
                    
                </ul>
                </li>
                
            
                
                <li>/Bundle/$validate should validate TestTask.json
                <ul>
                    
                    <li class="outcome outcome-passed"><a href="#831b7098-f1ec-4081-a8bf-08b6a8db1d22">status == 200</a></li>
                    
                    <li class="outcome outcome-passed"><a href="#50e7ee10-0eb4-458b-8f7d-cc4ad1b3e7b1">response.body != null</a></li>
                    
                    <li class="outcome outcome-passed"><a href="#018b17de-5b05-44b7-b42c-c66470e65244">response.parsedBody.OperationOutcome.resourceType == OperationOutcome</a></li>
                    
                    <li class="outcome outcome-passed"><a href="#ba737eb0-a8dc-4ce5-8541-23d3e8bd99df">response.parsedBody.OperationOutcome.validationResults[0].issues[0].severity == FATAL</a></li>
                    
                    <li class="outcome outcome-passed"><a href="#af5b7220-47a1-4e02-a8dd-468b3e8a1805">response.parsedBody.OperationOutcome.validationResults[0].issues[0].location.line == null</a></li>
                    
                    <li class="outcome outcome-passed"><a href="#2a0db49f-60f7-47bb-ba43-c9c479c82fee">response.parsedBody.OperationOutcome.validationResults[0].issues[0].location.column == null</a></li>
                    
                </ul>
                </li>
                
            
                
                <li>/Bundle/$validate should validate TestTaskCompleted.json
                <ul>
                    
                    <li class="outcome outcome-passed"><a href="#21eff4a3-98fc-41da-82c6-cad5ea5a78ba">status == 200</a></li>
                    
                    <li class="outcome outcome-passed"><a href="#e9677dfb-b090-4f03-8654-6d69c691512a">response.body != null</a></li>
                    
                    <li class="outcome outcome-passed"><a href="#e632802a-e6bc-4772-9bb5-afc4d009e3b4">response.parsedBody.OperationOutcome.resourceType == OperationOutcome</a></li>
                    
                    <li class="outcome outcome-passed"><a href="#67e5fed4-a678-4efd-927a-11dc2ac43d10">response.parsedBody.OperationOutcome.validationResults[0].issues[0].severity == FATAL</a></li>
                    
                    <li class="outcome outcome-passed"><a href="#7a61bfab-ad2d-424e-be9b-6d7be6f157e8">response.parsedBody.OperationOutcome.validationResults[0].issues[0].location.line == null</a></li>
                    
                    <li class="outcome outcome-passed"><a href="#2804cf03-2d5f-462c-ac5c-3e0ecae440ef">response.parsedBody.OperationOutcome.validationResults[0].issues[0].location.column == null</a></li>
                    
                </ul>
                </li>
                
            
                
                <li>/Bundle/$validate should validate Test​ProcedureCompleted.json
                <ul>
                    
                    <li class="outcome outcome-passed"><a href="#329bab7f-2812-4857-8532-e23c1a6dccf4">status == 200</a></li>
                    
                    <li class="outcome outcome-passed"><a href="#ef07364d-4fca-4839-9d3d-cdad8823e1ec">response.body != null</a></li>
                    
                    <li class="outcome outcome-passed"><a href="#98464507-de9b-4dd3-b167-5adb745b34b6">response.parsedBody.OperationOutcome.resourceType == OperationOutcome</a></li>
                    
                    <li class="outcome outcome-passed"><a href="#2c50dcbe-8b9e-4636-9d71-5c8d6d8ffb62">response.parsedBody.OperationOutcome.validationResults[0].issues[0].severity == FATAL</a></li>
                    
                    <li class="outcome outcome-passed"><a href="#039f610a-e34c-47b1-8fe7-2261d995b411">response.parsedBody.OperationOutcome.validationResults[0].issues[0].location.line == null</a></li>
                    
                    <li class="outcome outcome-passed"><a href="#d181588b-568e-48bc-b85c-987d6c1470a5">response.parsedBody.OperationOutcome.validationResults[0].issues[0].location.column == null</a></li>
                    
                </ul>
                </li>
                
            
                
                <li>Bundle should validate and submit Test​ServiceRequest.json as @TECH_BD_FHIR_SERVICE_QE_IDENTIFIER -  with Content-Type application/json
                <ul>
                    
                    <li class="outcome outcome-passed"><a href="#64275904-d74b-4b09-aa98-6e05866266a0">status == 200</a></li>
                    
                    <li class="outcome outcome-passed"><a href="#8bf9c277-63bc-4667-ba09-423ca26d36cd">response.body != null</a></li>
                    
                </ul>
                </li>
                
            
                
                <li>/Bundle should validate and submit Test​ServiceRequest.json Test​ServiceRequest.json  with Content-Type application/json+fhir
                <ul>
                    
                    <li class="outcome outcome-failed"><a href="#2fe30796-5644-419d-84ee-a6edbf289de6">status == 200</a></li>
                    
                    <li class="outcome outcome-passed"><a href="#eea85782-cf32-434d-a738-95156d17b70c">response.body != null</a></li>
                    
                </ul>
                </li>
                
            
                
                <li>/Bundle should validate and submit Test​ServiceRequest.json Test​ServiceRequest.json  with header  DATALAKE_API_CONTENT_TYPE
                <ul>
                    
                    <li class="outcome outcome-failed"><a href="#8be9bd95-12ed-4f4f-b8b5-3384dfebdc76">status == 200</a></li>
                    
                    <li class="outcome outcome-passed"><a href="#5c8a15b3-44c3-4366-9284-b3434268ae2b">response.body != null</a></li>
                    
                </ul>
                </li>
                
            
            </ul>
        </td>
        <td class="failure-index">
            <ul class="toc">
            
                
                    
                    
                    
                    
                    
                    
                    
                
            
                
                    
                    
                    <li><a href="#6fd048fd-ee01-4eb6-8791-2f147770ba28">[F] /Bundle/$validate should validate Test​ServiceRequest.json with Content-Type application/json : status == 200</a></li>
                    
                    
                    
                    
                    
                    <li><a href="#0d5f4b9e-3aba-44ac-97c2-54b7141852c4">[F] /Bundle/$validate should validate Test​ServiceRequest.json with Content-Type application/json : response.parsedBody.OperationOutcome.resourceType == OperationOutcome</a></li>
                    
                    
                    
                    <li><a href="#1d55c70b-86a0-4f05-82c1-72551c677fdb">[F] /Bundle/$validate should validate Test​ServiceRequest.json with Content-Type application/json : response.parsedBody.OperationOutcome.validationResults[0].issues[0].severity == FATAL</a></li>
                    
                    
                    
                    <li><a href="#0e76474d-4234-43f2-89be-a7b190a98292">[F] /Bundle/$validate should validate Test​ServiceRequest.json with Content-Type application/json : response.parsedBody.OperationOutcome.validationResults[0].issues[0].location.line == null</a></li>
                    
                    
                    
                    <li><a href="#a66fd4c1-6c97-4b8a-b18b-669db89ab74a">[F] /Bundle/$validate should validate Test​ServiceRequest.json with Content-Type application/json : response.parsedBody.OperationOutcome.validationResults[0].issues[0].location.column == null</a></li>
                    
                    
                
            
                
                    
                    
                    <li><a href="#a1c726e8-6b51-4ed8-883a-f63c6babbc97">[F] /Bundle/$validate should validate TestServiceRequest.json with Content-Type application/json+fhir : status == 200</a></li>
                    
                    
                    
                    
                    
                    <li><a href="#e4336c3d-f85d-4c17-be5d-3385e28adc7a">[F] /Bundle/$validate should validate TestServiceRequest.json with Content-Type application/json+fhir : response.parsedBody.OperationOutcome.resourceType == OperationOutcome</a></li>
                    
                    
                    
                    <li><a href="#7c4b24a5-3f38-4405-862a-2ce8b002d721">[F] /Bundle/$validate should validate TestServiceRequest.json with Content-Type application/json+fhir : response.parsedBody.OperationOutcome.validationResults[0].issues[0].severity == FATAL</a></li>
                    
                    
                    
                    <li><a href="#caed1cbb-925f-4c0e-af33-6414e6dad519">[F] /Bundle/$validate should validate TestServiceRequest.json with Content-Type application/json+fhir : response.parsedBody.OperationOutcome.validationResults[0].issues[0].location.line == null</a></li>
                    
                    
                    
                    <li><a href="#d5b65dc4-8813-4458-8af4-e3f5367f3f96">[F] /Bundle/$validate should validate TestServiceRequest.json with Content-Type application/json+fhir : response.parsedBody.OperationOutcome.validationResults[0].issues[0].location.column == null</a></li>
                    
                    
                
            
                
                    
                    
                    
                    
                    
                    
                    
                    
                    
                    
                    
                    
                    
                
            
                
                    
                    
                    
                    
                    
                    
                    
                    
                    
                    
                    
                    
                    
                
            
                
                    
                    
                    
                    
                    
                    
                    
                    
                    
                    
                    
                    
                    
                
            
                
                    
                    
                    
                    
                    
                
            
                
                    
                    
                    <li><a href="#2fe30796-5644-419d-84ee-a6edbf289de6">[F] /Bundle should validate and submit Test​ServiceRequest.json Test​ServiceRequest.json  with Content-Type application/json+fhir : status == 200</a></li>
                    
                    
                    
                    
                
            
                
                    
                    
                    <li><a href="#8be9bd95-12ed-4f4f-b8b5-3384dfebdc76">[F] /Bundle should validate and submit Test​ServiceRequest.json Test​ServiceRequest.json  with header  DATALAKE_API_CONTENT_TYPE : status == 200</a></li>
                    
                    
                    
                    
                
            
            </ul>
        </td>
    </tr>
</table>



    <div class="testsuite">
        <h2>Test Suite: /metadata endpoint should return FHIR CapabilityStatement</h2>
        <a id="5f7d7c46-04bc-436e-9a65-9b129c43daf0"></a>
        
        <span>Package: assurance/1115-waiver/ahc-hrsn/screening/regression-test-prime/fhir-service-prime/src/2024-06-28/fhir-service.test.http</span>
        
        
        <h3>Suite Properties</h3>
        <table class="proplist">
            
            <tr>
                <th>title</th><td>/metadata endpoint should return FHIR CapabilityStatement</td>
            </tr>
            
            <tr>
                <th>line</th><td>20</td>
            </tr>
            
            <tr>
                <th>timestamp</th><td>2024-06-28T14:14:00.090Z</td>
            </tr>
            
            <tr>
                <th>file</th><td>assurance/1115-waiver/ahc-hrsn/screening/regression-test-prime/fhir-service-prime/src/2024-06-28/fhir-service.test.http</td>
            </tr>
            
        </table>
        
        <h3>Results</h3>
        <table class="proplist">
            <tr>
                <th>Duration</th><td>30.614 sec</td>
            </tr>
            <tr>
                <th>Tests</th><td>3</td>
            </tr>
            <tr>
                <th>Failures</th><td>0</td>
            </tr>
        </table>

        <div class="testclasses">
            <h3>Tests</h3>
            
            <div class="testclass">
                <h4>/metadata endpoint should return FHIR CapabilityStatement</h4>
                <div class="testcases">
                
                    <div class="test outcome outcome-passed">
                        <a id="c73a7a87-92a3-47b3-baea-c2b3d81b81db"></a>
                        <table class="proplist">
                            <tr><th>Test case:</th><td><b>status == 200</b></td></tr>
                            <tr><th>Outcome:</th><td>Passed</td></tr>
                            <tr><th>Duration:</th><td>10.205 sec</td></tr>
                        
                        
                        </table>

                        
                        

                        
                        
                        
                    </div>
                
                    <div class="test outcome outcome-passed">
                        <a id="54447c65-0d58-4dad-80be-08c3f33cd6ff"></a>
                        <table class="proplist">
                            <tr><th>Test case:</th><td><b>content-type == text/html;charset=UTF-8</b></td></tr>
                            <tr><th>Outcome:</th><td>Passed</td></tr>
                            <tr><th>Duration:</th><td>10.205 sec</td></tr>
                        
                        
                        </table>

                        
                        

                        
                        
                        
                    </div>
                
                    <div class="test outcome outcome-passed">
                        <a id="51997144-3400-4a56-a949-cb2a6b89ddef"></a>
                        <table class="proplist">
                            <tr><th>Test case:</th><td><b>response.body != null</b></td></tr>
                            <tr><th>Outcome:</th><td>Passed</td></tr>
                            <tr><th>Duration:</th><td>10.205 sec</td></tr>
                        
                        
                        </table>

                        
                        

                        
                        
                        
                    </div>
                
                </div>
            </div>
            
        </div>
    </div>
    

    <div class="testsuite">
        <h2>Test Suite: /Bundle/$validate should validate Test​ServiceRequest.json with Content-Type application/json</h2>
        <a id="3d92f664-25b2-427a-a938-6b98d8ed43dd"></a>
        
        <span>Package: assurance/1115-waiver/ahc-hrsn/screening/regression-test-prime/fhir-service-prime/src/2024-06-28/fhir-service.test.http</span>
        
        
        <h3>Suite Properties</h3>
        <table class="proplist">
            
            <tr>
                <th>title</th><td>/Bundle/$validate should validate Test​ServiceRequest.json with Content-Type application/json</td>
            </tr>
            
            <tr>
                <th>line</th><td>28</td>
            </tr>
            
            <tr>
                <th>timestamp</th><td>2024-06-28T14:14:30.705Z</td>
            </tr>
            
            <tr>
                <th>file</th><td>assurance/1115-waiver/ahc-hrsn/screening/regression-test-prime/fhir-service-prime/src/2024-06-28/fhir-service.test.http</td>
            </tr>
            
        </table>
        
        <h3>Results</h3>
        <table class="proplist">
            <tr>
                <th>Duration</th><td>0.145 sec</td>
            </tr>
            <tr>
                <th>Tests</th><td>6</td>
            </tr>
            <tr>
                <th>Failures</th><td>5</td>
            </tr>
        </table>

        <div class="testclasses">
            <h3>Tests</h3>
            
            <div class="testclass">
                <h4>/Bundle/$validate should validate Test​ServiceRequest.json with Content-Type application/json</h4>
                <div class="testcases">
                
                    <div class="test outcome outcome-failed">
                        <a id="6fd048fd-ee01-4eb6-8791-2f147770ba28"></a>
                        <table class="proplist">
                            <tr><th>Test case:</th><td><b>status == 200</b></td></tr>
                            <tr><th>Outcome:</th><td>Failed</td></tr>
                            <tr><th>Duration:</th><td>0.024 sec</td></tr>
                        
                            <tr><th>Failed</th><td>status == 200</td></tr>
                        
                        
                        </table>

                        
                        <pre>{&#34;message&#34;:&#34;status (502) == 200&#34;,&#34;name&#34;:&#34;AssertionError&#34;,&#34;stack&#34;:&#34;AssertionError [ERR_ASSERTION]: status (502) == 200\n    at /opt/hostedtoolcache/node/20.15.0/x64/lib/node_modules/httpyac/dist/index.js:2:47053\n    at process.processTicksAndRejections (node:internal/process/task_queues:95:5)\n    at async /opt/hostedtoolcache/node/20.15.0/x64/lib/node_modules/httpyac/dist/index.js:2:40725\n    at async Object.action (/opt/hostedtoolcache/node/20.15.0/x64/lib/node_modules/httpyac/dist/index.js:2:46814)\n    at async n.trigger (/opt/hostedtoolcache/node/20.15.0/x64/lib/node_modules/httpyac/node_modules/hookpoint/dist/index.js:1:2872)\n    at async cp (/opt/hostedtoolcache/node/20.15.0/x64/lib/node_modules/httpyac/dist/index.js:2:22407)\n    at async Object.action (/opt/hostedtoolcache/node/20.15.0/x64/lib/node_modules/httpyac/dist/index.js:2:20619)\n    at async n.trigger (/opt/hostedtoolcache/node/20.15.0/x64/lib/node_modules/httpyac/node_modules/hookpoint/dist/index.js:1:2872)\n    at async t.execute (/opt/hostedtoolcache/node/20.15.0/x64/lib/node_modules/httpyac/dist/index.js:2:53166)\n    at async cu (/opt/hostedtoolcache/node/20.15.0/x64/lib/node_modules/httpyac/dist/index.js:119:32241)&#34;}</pre>
                        
                        

                        
                        <table class="proplist">
                            
                            <tr>
                                <th>displayMessage</th><td>AssertionError [ERR_ASSERTION]: status (502) == 200 - /opt/hostedtoolcache/node/20.15.0/x64/lib/node_modules/httpyac/dist/index.js:2:47053</td>
                            </tr>
                            
                            <tr>
                                <th>file</th><td>/opt/hostedtoolcache/node/20.15.0/x64/lib/node_modules/httpyac/dist/index.js</td>
                            </tr>
                            
                            <tr>
                                <th>line</th><td>2</td>
                            </tr>
                            
                            <tr>
                                <th>offset</th><td>47053</td>
                            </tr>
                            
                            <tr>
                                <th>errorType</th><td>AssertionError [ERR_ASSERTION]</td>
                            </tr>
                            
                            <tr>
                                <th>message</th><td>status (502) == 200</td>
                            </tr>
                            
                        </table>
                        
                        
                        
                    </div>
                
                    <div class="test outcome outcome-passed">
                        <a id="eace17cf-d3fc-45d8-85c8-cfdd1df92399"></a>
                        <table class="proplist">
                            <tr><th>Test case:</th><td><b>response.body != null</b></td></tr>
                            <tr><th>Outcome:</th><td>Passed</td></tr>
                            <tr><th>Duration:</th><td>0.024 sec</td></tr>
                        
                        
                        </table>

                        
                        

                        
                        
                        
                    </div>
                
                    <div class="test outcome outcome-failed">
                        <a id="0d5f4b9e-3aba-44ac-97c2-54b7141852c4"></a>
                        <table class="proplist">
                            <tr><th>Test case:</th><td><b>response.parsedBody.OperationOutcome.resourceType == OperationOutcome</b></td></tr>
                            <tr><th>Outcome:</th><td>Failed</td></tr>
                            <tr><th>Duration:</th><td>0.024 sec</td></tr>
                        
                            <tr><th>Failed</th><td>response.parsedBody.OperationOutcome.resourceType == OperationOutcome</td></tr>
                        
                        
                        </table>

                        
                        <pre>{&#34;message&#34;:&#34;Cannot read properties of undefined (reading &#39;OperationOutcome&#39;)&#34;,&#34;name&#34;:&#34;TypeError&#34;,&#34;stack&#34;:&#34;TypeError: Cannot read properties of undefined (reading &#39;OperationOutcome&#39;)\n    at Object.userJS (/home/runner/work/docs.techbd.org/docs.techbd.org/assurance/1115-waiver/ahc-hrsn/screening/regression-test-prime/fhir-service-prime/src/2024-06-28/fhir-service.test.http:36:40)\n    at sr (/opt/hostedtoolcache/node/20.15.0/x64/lib/node_modules/httpyac/dist/index.js:119:2730)\n    at Object.qo [as evalExpression] (/opt/hostedtoolcache/node/20.15.0/x64/lib/node_modules/httpyac/dist/index.js:119:3298)\n    at Object.Ti [as action] (/opt/hostedtoolcache/node/20.15.0/x64/lib/node_modules/httpyac/dist/index.js:2:48801)\n    at At.trigger (/opt/hostedtoolcache/node/20.15.0/x64/lib/node_modules/httpyac/node_modules/hookpoint/dist/index.js:1:2889)\n    at process.processTicksAndRejections (node:internal/process/task_queues:95:5)\n    at async /opt/hostedtoolcache/node/20.15.0/x64/lib/node_modules/httpyac/dist/index.js:2:46879\n    at async /opt/hostedtoolcache/node/20.15.0/x64/lib/node_modules/httpyac/dist/index.js:2:40725\n    at async Object.action (/opt/hostedtoolcache/node/20.15.0/x64/lib/node_modules/httpyac/dist/index.js:2:46814)\n    at async n.trigger (/opt/hostedtoolcache/node/20.15.0/x64/lib/node_modules/httpyac/node_modules/hookpoint/dist/index.js:1:2872)&#34;}</pre>
                        
                        

                        
                        <table class="proplist">
                            
                            <tr>
                                <th>displayMessage</th><td>TypeError: Cannot read properties of undefined (reading &#39;OperationOutcome&#39;) - Object.userJS (/home/runner/work/docs.techbd.org/docs.techbd.org/assurance/1115-waiver/ahc-hrsn/screening/regression-test-prime/fhir-service-prime/src/2024-06-28/fhir-service.test.http:36:40</td>
                            </tr>
                            
                            <tr>
                                <th>file</th><td>Object.userJS (/home/runner/work/docs.techbd.org/docs.techbd.org/assurance/1115-waiver/ahc-hrsn/screening/regression-test-prime/fhir-service-prime/src/2024-06-28/fhir-service.test.http</td>
                            </tr>
                            
                            <tr>
                                <th>line</th><td>36</td>
                            </tr>
                            
                            <tr>
                                <th>offset</th><td>40</td>
                            </tr>
                            
                            <tr>
                                <th>errorType</th><td>TypeError</td>
                            </tr>
                            
                            <tr>
                                <th>message</th><td>Cannot read properties of undefined (reading &#39;OperationOutcome&#39;)</td>
                            </tr>
                            
                        </table>
                        
                        
                        
                    </div>
                
                    <div class="test outcome outcome-failed">
                        <a id="1d55c70b-86a0-4f05-82c1-72551c677fdb"></a>
                        <table class="proplist">
                            <tr><th>Test case:</th><td><b>response.parsedBody.OperationOutcome.validationResults[0].issues[0].severity == FATAL</b></td></tr>
                            <tr><th>Outcome:</th><td>Failed</td></tr>
                            <tr><th>Duration:</th><td>0.024 sec</td></tr>
                        
                            <tr><th>Failed</th><td>response.parsedBody.OperationOutcome.validationResults[0].issues[0].severity == FATAL</td></tr>
                        
                        
                        </table>

                        
                        <pre>{&#34;message&#34;:&#34;Cannot read properties of undefined (reading &#39;OperationOutcome&#39;)&#34;,&#34;name&#34;:&#34;TypeError&#34;,&#34;stack&#34;:&#34;TypeError: Cannot read properties of undefined (reading &#39;OperationOutcome&#39;)\n    at Object.userJS (/home/runner/work/docs.techbd.org/docs.techbd.org/assurance/1115-waiver/ahc-hrsn/screening/regression-test-prime/fhir-service-prime/src/2024-06-28/fhir-service.test.http:37:40)\n    at sr (/opt/hostedtoolcache/node/20.15.0/x64/lib/node_modules/httpyac/dist/index.js:119:2730)\n    at Object.qo [as evalExpression] (/opt/hostedtoolcache/node/20.15.0/x64/lib/node_modules/httpyac/dist/index.js:119:3298)\n    at Object.Ti [as action] (/opt/hostedtoolcache/node/20.15.0/x64/lib/node_modules/httpyac/dist/index.js:2:48801)\n    at At.trigger (/opt/hostedtoolcache/node/20.15.0/x64/lib/node_modules/httpyac/node_modules/hookpoint/dist/index.js:1:2889)\n    at process.processTicksAndRejections (node:internal/process/task_queues:95:5)\n    at async /opt/hostedtoolcache/node/20.15.0/x64/lib/node_modules/httpyac/dist/index.js:2:46879\n    at async /opt/hostedtoolcache/node/20.15.0/x64/lib/node_modules/httpyac/dist/index.js:2:40725\n    at async Object.action (/opt/hostedtoolcache/node/20.15.0/x64/lib/node_modules/httpyac/dist/index.js:2:46814)\n    at async n.trigger (/opt/hostedtoolcache/node/20.15.0/x64/lib/node_modules/httpyac/node_modules/hookpoint/dist/index.js:1:2872)&#34;}</pre>
                        
                        

                        
                        <table class="proplist">
                            
                            <tr>
                                <th>displayMessage</th><td>TypeError: Cannot read properties of undefined (reading &#39;OperationOutcome&#39;) - Object.userJS (/home/runner/work/docs.techbd.org/docs.techbd.org/assurance/1115-waiver/ahc-hrsn/screening/regression-test-prime/fhir-service-prime/src/2024-06-28/fhir-service.test.http:37:40</td>
                            </tr>
                            
                            <tr>
                                <th>file</th><td>Object.userJS (/home/runner/work/docs.techbd.org/docs.techbd.org/assurance/1115-waiver/ahc-hrsn/screening/regression-test-prime/fhir-service-prime/src/2024-06-28/fhir-service.test.http</td>
                            </tr>
                            
                            <tr>
                                <th>line</th><td>37</td>
                            </tr>
                            
                            <tr>
                                <th>offset</th><td>40</td>
                            </tr>
                            
                            <tr>
                                <th>errorType</th><td>TypeError</td>
                            </tr>
                            
                            <tr>
                                <th>message</th><td>Cannot read properties of undefined (reading &#39;OperationOutcome&#39;)</td>
                            </tr>
                            
                        </table>
                        
                        
                        
                    </div>
                
                    <div class="test outcome outcome-failed">
                        <a id="0e76474d-4234-43f2-89be-a7b190a98292"></a>
                        <table class="proplist">
                            <tr><th>Test case:</th><td><b>response.parsedBody.OperationOutcome.validationResults[0].issues[0].location.line == null</b></td></tr>
                            <tr><th>Outcome:</th><td>Failed</td></tr>
                            <tr><th>Duration:</th><td>0.024 sec</td></tr>
                        
                            <tr><th>Failed</th><td>response.parsedBody.OperationOutcome.validationResults[0].issues[0].location.line == null</td></tr>
                        
                        
                        </table>

                        
                        <pre>{&#34;message&#34;:&#34;Cannot read properties of undefined (reading &#39;OperationOutcome&#39;)&#34;,&#34;name&#34;:&#34;TypeError&#34;,&#34;stack&#34;:&#34;TypeError: Cannot read properties of undefined (reading &#39;OperationOutcome&#39;)\n    at Object.userJS (/home/runner/work/docs.techbd.org/docs.techbd.org/assurance/1115-waiver/ahc-hrsn/screening/regression-test-prime/fhir-service-prime/src/2024-06-28/fhir-service.test.http:38:40)\n    at sr (/opt/hostedtoolcache/node/20.15.0/x64/lib/node_modules/httpyac/dist/index.js:119:2730)\n    at Object.qo [as evalExpression] (/opt/hostedtoolcache/node/20.15.0/x64/lib/node_modules/httpyac/dist/index.js:119:3298)\n    at Object.Ti [as action] (/opt/hostedtoolcache/node/20.15.0/x64/lib/node_modules/httpyac/dist/index.js:2:48801)\n    at At.trigger (/opt/hostedtoolcache/node/20.15.0/x64/lib/node_modules/httpyac/node_modules/hookpoint/dist/index.js:1:2889)\n    at process.processTicksAndRejections (node:internal/process/task_queues:95:5)\n    at async /opt/hostedtoolcache/node/20.15.0/x64/lib/node_modules/httpyac/dist/index.js:2:46879\n    at async /opt/hostedtoolcache/node/20.15.0/x64/lib/node_modules/httpyac/dist/index.js:2:40725\n    at async Object.action (/opt/hostedtoolcache/node/20.15.0/x64/lib/node_modules/httpyac/dist/index.js:2:46814)\n    at async n.trigger (/opt/hostedtoolcache/node/20.15.0/x64/lib/node_modules/httpyac/node_modules/hookpoint/dist/index.js:1:2872)&#34;}</pre>
                        
                        

                        
                        <table class="proplist">
                            
                            <tr>
                                <th>displayMessage</th><td>TypeError: Cannot read properties of undefined (reading &#39;OperationOutcome&#39;) - Object.userJS (/home/runner/work/docs.techbd.org/docs.techbd.org/assurance/1115-waiver/ahc-hrsn/screening/regression-test-prime/fhir-service-prime/src/2024-06-28/fhir-service.test.http:38:40</td>
                            </tr>
                            
                            <tr>
                                <th>file</th><td>Object.userJS (/home/runner/work/docs.techbd.org/docs.techbd.org/assurance/1115-waiver/ahc-hrsn/screening/regression-test-prime/fhir-service-prime/src/2024-06-28/fhir-service.test.http</td>
                            </tr>
                            
                            <tr>
                                <th>line</th><td>38</td>
                            </tr>
                            
                            <tr>
                                <th>offset</th><td>40</td>
                            </tr>
                            
                            <tr>
                                <th>errorType</th><td>TypeError</td>
                            </tr>
                            
                            <tr>
                                <th>message</th><td>Cannot read properties of undefined (reading &#39;OperationOutcome&#39;)</td>
                            </tr>
                            
                        </table>
                        
                        
                        
                    </div>
                
                    <div class="test outcome outcome-failed">
                        <a id="a66fd4c1-6c97-4b8a-b18b-669db89ab74a"></a>
                        <table class="proplist">
                            <tr><th>Test case:</th><td><b>response.parsedBody.OperationOutcome.validationResults[0].issues[0].location.column == null</b></td></tr>
                            <tr><th>Outcome:</th><td>Failed</td></tr>
                            <tr><th>Duration:</th><td>0.024 sec</td></tr>
                        
                            <tr><th>Failed</th><td>response.parsedBody.OperationOutcome.validationResults[0].issues[0].location.column == null</td></tr>
                        
                        
                        </table>

                        
                        <pre>{&#34;message&#34;:&#34;Cannot read properties of undefined (reading &#39;OperationOutcome&#39;)&#34;,&#34;name&#34;:&#34;TypeError&#34;,&#34;stack&#34;:&#34;TypeError: Cannot read properties of undefined (reading &#39;OperationOutcome&#39;)\n    at Object.userJS (/home/runner/work/docs.techbd.org/docs.techbd.org/assurance/1115-waiver/ahc-hrsn/screening/regression-test-prime/fhir-service-prime/src/2024-06-28/fhir-service.test.http:39:40)\n    at sr (/opt/hostedtoolcache/node/20.15.0/x64/lib/node_modules/httpyac/dist/index.js:119:2730)\n    at Object.qo [as evalExpression] (/opt/hostedtoolcache/node/20.15.0/x64/lib/node_modules/httpyac/dist/index.js:119:3298)\n    at Object.Ti [as action] (/opt/hostedtoolcache/node/20.15.0/x64/lib/node_modules/httpyac/dist/index.js:2:48801)\n    at At.trigger (/opt/hostedtoolcache/node/20.15.0/x64/lib/node_modules/httpyac/node_modules/hookpoint/dist/index.js:1:2889)\n    at process.processTicksAndRejections (node:internal/process/task_queues:95:5)\n    at async /opt/hostedtoolcache/node/20.15.0/x64/lib/node_modules/httpyac/dist/index.js:2:46879\n    at async /opt/hostedtoolcache/node/20.15.0/x64/lib/node_modules/httpyac/dist/index.js:2:40725\n    at async Object.action (/opt/hostedtoolcache/node/20.15.0/x64/lib/node_modules/httpyac/dist/index.js:2:46814)\n    at async n.trigger (/opt/hostedtoolcache/node/20.15.0/x64/lib/node_modules/httpyac/node_modules/hookpoint/dist/index.js:1:2872)&#34;}</pre>
                        
                        

                        
                        <table class="proplist">
                            
                            <tr>
                                <th>displayMessage</th><td>TypeError: Cannot read properties of undefined (reading &#39;OperationOutcome&#39;) - Object.userJS (/home/runner/work/docs.techbd.org/docs.techbd.org/assurance/1115-waiver/ahc-hrsn/screening/regression-test-prime/fhir-service-prime/src/2024-06-28/fhir-service.test.http:39:40</td>
                            </tr>
                            
                            <tr>
                                <th>file</th><td>Object.userJS (/home/runner/work/docs.techbd.org/docs.techbd.org/assurance/1115-waiver/ahc-hrsn/screening/regression-test-prime/fhir-service-prime/src/2024-06-28/fhir-service.test.http</td>
                            </tr>
                            
                            <tr>
                                <th>line</th><td>39</td>
                            </tr>
                            
                            <tr>
                                <th>offset</th><td>40</td>
                            </tr>
                            
                            <tr>
                                <th>errorType</th><td>TypeError</td>
                            </tr>
                            
                            <tr>
                                <th>message</th><td>Cannot read properties of undefined (reading &#39;OperationOutcome&#39;)</td>
                            </tr>
                            
                        </table>
                        
                        
                        
                    </div>
                
                </div>
            </div>
            
        </div>
    </div>
    

    <div class="testsuite">
        <h2>Test Suite: /Bundle/$validate should validate TestServiceRequest.json with Content-Type application/json+fhir</h2>
        <a id="d0277b66-10c5-4296-b034-9885405d6aa8"></a>
        
        <span>Package: assurance/1115-waiver/ahc-hrsn/screening/regression-test-prime/fhir-service-prime/src/2024-06-28/fhir-service.test.http</span>
        
        
        <h3>Suite Properties</h3>
        <table class="proplist">
            
            <tr>
                <th>title</th><td>/Bundle/$validate should validate TestServiceRequest.json with Content-Type application/json+fhir</td>
            </tr>
            
            <tr>
                <th>line</th><td>43</td>
            </tr>
            
            <tr>
                <th>timestamp</th><td>2024-06-28T14:14:30.850Z</td>
            </tr>
            
            <tr>
                <th>file</th><td>assurance/1115-waiver/ahc-hrsn/screening/regression-test-prime/fhir-service-prime/src/2024-06-28/fhir-service.test.http</td>
            </tr>
            
        </table>
        
        <h3>Results</h3>
        <table class="proplist">
            <tr>
                <th>Duration</th><td>0.376 sec</td>
            </tr>
            <tr>
                <th>Tests</th><td>6</td>
            </tr>
            <tr>
                <th>Failures</th><td>5</td>
            </tr>
        </table>

        <div class="testclasses">
            <h3>Tests</h3>
            
            <div class="testclass">
                <h4>/Bundle/$validate should validate TestServiceRequest.json with Content-Type application/json+fhir</h4>
                <div class="testcases">
                
                    <div class="test outcome outcome-failed">
                        <a id="a1c726e8-6b51-4ed8-883a-f63c6babbc97"></a>
                        <table class="proplist">
                            <tr><th>Test case:</th><td><b>status == 200</b></td></tr>
                            <tr><th>Outcome:</th><td>Failed</td></tr>
                            <tr><th>Duration:</th><td>0.063 sec</td></tr>
                        
                            <tr><th>Failed</th><td>status == 200</td></tr>
                        
                        
                        </table>

                        
                        <pre>{&#34;message&#34;:&#34;status (502) == 200&#34;,&#34;name&#34;:&#34;AssertionError&#34;,&#34;stack&#34;:&#34;AssertionError [ERR_ASSERTION]: status (502) == 200\n    at /opt/hostedtoolcache/node/20.15.0/x64/lib/node_modules/httpyac/dist/index.js:2:47053\n    at process.processTicksAndRejections (node:internal/process/task_queues:95:5)\n    at async /opt/hostedtoolcache/node/20.15.0/x64/lib/node_modules/httpyac/dist/index.js:2:40725\n    at async Object.action (/opt/hostedtoolcache/node/20.15.0/x64/lib/node_modules/httpyac/dist/index.js:2:46814)\n    at async n.trigger (/opt/hostedtoolcache/node/20.15.0/x64/lib/node_modules/httpyac/node_modules/hookpoint/dist/index.js:1:2872)\n    at async cp (/opt/hostedtoolcache/node/20.15.0/x64/lib/node_modules/httpyac/dist/index.js:2:22407)\n    at async Object.action (/opt/hostedtoolcache/node/20.15.0/x64/lib/node_modules/httpyac/dist/index.js:2:20619)\n    at async n.trigger (/opt/hostedtoolcache/node/20.15.0/x64/lib/node_modules/httpyac/node_modules/hookpoint/dist/index.js:1:2872)\n    at async t.execute (/opt/hostedtoolcache/node/20.15.0/x64/lib/node_modules/httpyac/dist/index.js:2:53166)\n    at async cu (/opt/hostedtoolcache/node/20.15.0/x64/lib/node_modules/httpyac/dist/index.js:119:32241)&#34;}</pre>
                        
                        

                        
                        <table class="proplist">
                            
                            <tr>
                                <th>displayMessage</th><td>AssertionError [ERR_ASSERTION]: status (502) == 200 - /opt/hostedtoolcache/node/20.15.0/x64/lib/node_modules/httpyac/dist/index.js:2:47053</td>
                            </tr>
                            
                            <tr>
                                <th>file</th><td>/opt/hostedtoolcache/node/20.15.0/x64/lib/node_modules/httpyac/dist/index.js</td>
                            </tr>
                            
                            <tr>
                                <th>line</th><td>2</td>
                            </tr>
                            
                            <tr>
                                <th>offset</th><td>47053</td>
                            </tr>
                            
                            <tr>
                                <th>errorType</th><td>AssertionError [ERR_ASSERTION]</td>
                            </tr>
                            
                            <tr>
                                <th>message</th><td>status (502) == 200</td>
                            </tr>
                            
                        </table>
                        
                        
                        
                    </div>
                
                    <div class="test outcome outcome-passed">
                        <a id="1346eeb0-f6f6-46ce-aff2-b1d106f12914"></a>
                        <table class="proplist">
                            <tr><th>Test case:</th><td><b>response.body != null</b></td></tr>
                            <tr><th>Outcome:</th><td>Passed</td></tr>
                            <tr><th>Duration:</th><td>0.063 sec</td></tr>
                        
                        
                        </table>

                        
                        

                        
                        
                        
                    </div>
                
                    <div class="test outcome outcome-failed">
                        <a id="e4336c3d-f85d-4c17-be5d-3385e28adc7a"></a>
                        <table class="proplist">
                            <tr><th>Test case:</th><td><b>response.parsedBody.OperationOutcome.resourceType == OperationOutcome</b></td></tr>
                            <tr><th>Outcome:</th><td>Failed</td></tr>
                            <tr><th>Duration:</th><td>0.063 sec</td></tr>
                        
                            <tr><th>Failed</th><td>response.parsedBody.OperationOutcome.resourceType == OperationOutcome</td></tr>
                        
                        
                        </table>

                        
                        <pre>{&#34;message&#34;:&#34;Cannot read properties of undefined (reading &#39;OperationOutcome&#39;)&#34;,&#34;name&#34;:&#34;TypeError&#34;,&#34;stack&#34;:&#34;TypeError: Cannot read properties of undefined (reading &#39;OperationOutcome&#39;)\n    at Object.userJS (/home/runner/work/docs.techbd.org/docs.techbd.org/assurance/1115-waiver/ahc-hrsn/screening/regression-test-prime/fhir-service-prime/src/2024-06-28/fhir-service.test.http:51:40)\n    at sr (/opt/hostedtoolcache/node/20.15.0/x64/lib/node_modules/httpyac/dist/index.js:119:2730)\n    at Object.qo [as evalExpression] (/opt/hostedtoolcache/node/20.15.0/x64/lib/node_modules/httpyac/dist/index.js:119:3298)\n    at Object.Ti [as action] (/opt/hostedtoolcache/node/20.15.0/x64/lib/node_modules/httpyac/dist/index.js:2:48801)\n    at At.trigger (/opt/hostedtoolcache/node/20.15.0/x64/lib/node_modules/httpyac/node_modules/hookpoint/dist/index.js:1:2889)\n    at process.processTicksAndRejections (node:internal/process/task_queues:95:5)\n    at async /opt/hostedtoolcache/node/20.15.0/x64/lib/node_modules/httpyac/dist/index.js:2:46879\n    at async /opt/hostedtoolcache/node/20.15.0/x64/lib/node_modules/httpyac/dist/index.js:2:40725\n    at async Object.action (/opt/hostedtoolcache/node/20.15.0/x64/lib/node_modules/httpyac/dist/index.js:2:46814)\n    at async n.trigger (/opt/hostedtoolcache/node/20.15.0/x64/lib/node_modules/httpyac/node_modules/hookpoint/dist/index.js:1:2872)&#34;}</pre>
                        
                        

                        
                        <table class="proplist">
                            
                            <tr>
                                <th>displayMessage</th><td>TypeError: Cannot read properties of undefined (reading &#39;OperationOutcome&#39;) - Object.userJS (/home/runner/work/docs.techbd.org/docs.techbd.org/assurance/1115-waiver/ahc-hrsn/screening/regression-test-prime/fhir-service-prime/src/2024-06-28/fhir-service.test.http:51:40</td>
                            </tr>
                            
                            <tr>
                                <th>file</th><td>Object.userJS (/home/runner/work/docs.techbd.org/docs.techbd.org/assurance/1115-waiver/ahc-hrsn/screening/regression-test-prime/fhir-service-prime/src/2024-06-28/fhir-service.test.http</td>
                            </tr>
                            
                            <tr>
                                <th>line</th><td>51</td>
                            </tr>
                            
                            <tr>
                                <th>offset</th><td>40</td>
                            </tr>
                            
                            <tr>
                                <th>errorType</th><td>TypeError</td>
                            </tr>
                            
                            <tr>
                                <th>message</th><td>Cannot read properties of undefined (reading &#39;OperationOutcome&#39;)</td>
                            </tr>
                            
                        </table>
                        
                        
                        
                    </div>
                
                    <div class="test outcome outcome-failed">
                        <a id="7c4b24a5-3f38-4405-862a-2ce8b002d721"></a>
                        <table class="proplist">
                            <tr><th>Test case:</th><td><b>response.parsedBody.OperationOutcome.validationResults[0].issues[0].severity == FATAL</b></td></tr>
                            <tr><th>Outcome:</th><td>Failed</td></tr>
                            <tr><th>Duration:</th><td>0.063 sec</td></tr>
                        
                            <tr><th>Failed</th><td>response.parsedBody.OperationOutcome.validationResults[0].issues[0].severity == FATAL</td></tr>
                        
                        
                        </table>

                        
                        <pre>{&#34;message&#34;:&#34;Cannot read properties of undefined (reading &#39;OperationOutcome&#39;)&#34;,&#34;name&#34;:&#34;TypeError&#34;,&#34;stack&#34;:&#34;TypeError: Cannot read properties of undefined (reading &#39;OperationOutcome&#39;)\n    at Object.userJS (/home/runner/work/docs.techbd.org/docs.techbd.org/assurance/1115-waiver/ahc-hrsn/screening/regression-test-prime/fhir-service-prime/src/2024-06-28/fhir-service.test.http:52:40)\n    at sr (/opt/hostedtoolcache/node/20.15.0/x64/lib/node_modules/httpyac/dist/index.js:119:2730)\n    at Object.qo [as evalExpression] (/opt/hostedtoolcache/node/20.15.0/x64/lib/node_modules/httpyac/dist/index.js:119:3298)\n    at Object.Ti [as action] (/opt/hostedtoolcache/node/20.15.0/x64/lib/node_modules/httpyac/dist/index.js:2:48801)\n    at At.trigger (/opt/hostedtoolcache/node/20.15.0/x64/lib/node_modules/httpyac/node_modules/hookpoint/dist/index.js:1:2889)\n    at process.processTicksAndRejections (node:internal/process/task_queues:95:5)\n    at async /opt/hostedtoolcache/node/20.15.0/x64/lib/node_modules/httpyac/dist/index.js:2:46879\n    at async /opt/hostedtoolcache/node/20.15.0/x64/lib/node_modules/httpyac/dist/index.js:2:40725\n    at async Object.action (/opt/hostedtoolcache/node/20.15.0/x64/lib/node_modules/httpyac/dist/index.js:2:46814)\n    at async n.trigger (/opt/hostedtoolcache/node/20.15.0/x64/lib/node_modules/httpyac/node_modules/hookpoint/dist/index.js:1:2872)&#34;}</pre>
                        
                        

                        
                        <table class="proplist">
                            
                            <tr>
                                <th>displayMessage</th><td>TypeError: Cannot read properties of undefined (reading &#39;OperationOutcome&#39;) - Object.userJS (/home/runner/work/docs.techbd.org/docs.techbd.org/assurance/1115-waiver/ahc-hrsn/screening/regression-test-prime/fhir-service-prime/src/2024-06-28/fhir-service.test.http:52:40</td>
                            </tr>
                            
                            <tr>
                                <th>file</th><td>Object.userJS (/home/runner/work/docs.techbd.org/docs.techbd.org/assurance/1115-waiver/ahc-hrsn/screening/regression-test-prime/fhir-service-prime/src/2024-06-28/fhir-service.test.http</td>
                            </tr>
                            
                            <tr>
                                <th>line</th><td>52</td>
                            </tr>
                            
                            <tr>
                                <th>offset</th><td>40</td>
                            </tr>
                            
                            <tr>
                                <th>errorType</th><td>TypeError</td>
                            </tr>
                            
                            <tr>
                                <th>message</th><td>Cannot read properties of undefined (reading &#39;OperationOutcome&#39;)</td>
                            </tr>
                            
                        </table>
                        
                        
                        
                    </div>
                
                    <div class="test outcome outcome-failed">
                        <a id="caed1cbb-925f-4c0e-af33-6414e6dad519"></a>
                        <table class="proplist">
                            <tr><th>Test case:</th><td><b>response.parsedBody.OperationOutcome.validationResults[0].issues[0].location.line == null</b></td></tr>
                            <tr><th>Outcome:</th><td>Failed</td></tr>
                            <tr><th>Duration:</th><td>0.063 sec</td></tr>
                        
                            <tr><th>Failed</th><td>response.parsedBody.OperationOutcome.validationResults[0].issues[0].location.line == null</td></tr>
                        
                        
                        </table>

                        
                        <pre>{&#34;message&#34;:&#34;Cannot read properties of undefined (reading &#39;OperationOutcome&#39;)&#34;,&#34;name&#34;:&#34;TypeError&#34;,&#34;stack&#34;:&#34;TypeError: Cannot read properties of undefined (reading &#39;OperationOutcome&#39;)\n    at Object.userJS (/home/runner/work/docs.techbd.org/docs.techbd.org/assurance/1115-waiver/ahc-hrsn/screening/regression-test-prime/fhir-service-prime/src/2024-06-28/fhir-service.test.http:53:40)\n    at sr (/opt/hostedtoolcache/node/20.15.0/x64/lib/node_modules/httpyac/dist/index.js:119:2730)\n    at Object.qo [as evalExpression] (/opt/hostedtoolcache/node/20.15.0/x64/lib/node_modules/httpyac/dist/index.js:119:3298)\n    at Object.Ti [as action] (/opt/hostedtoolcache/node/20.15.0/x64/lib/node_modules/httpyac/dist/index.js:2:48801)\n    at At.trigger (/opt/hostedtoolcache/node/20.15.0/x64/lib/node_modules/httpyac/node_modules/hookpoint/dist/index.js:1:2889)\n    at process.processTicksAndRejections (node:internal/process/task_queues:95:5)\n    at async /opt/hostedtoolcache/node/20.15.0/x64/lib/node_modules/httpyac/dist/index.js:2:46879\n    at async /opt/hostedtoolcache/node/20.15.0/x64/lib/node_modules/httpyac/dist/index.js:2:40725\n    at async Object.action (/opt/hostedtoolcache/node/20.15.0/x64/lib/node_modules/httpyac/dist/index.js:2:46814)\n    at async n.trigger (/opt/hostedtoolcache/node/20.15.0/x64/lib/node_modules/httpyac/node_modules/hookpoint/dist/index.js:1:2872)&#34;}</pre>
                        
                        

                        
                        <table class="proplist">
                            
                            <tr>
                                <th>displayMessage</th><td>TypeError: Cannot read properties of undefined (reading &#39;OperationOutcome&#39;) - Object.userJS (/home/runner/work/docs.techbd.org/docs.techbd.org/assurance/1115-waiver/ahc-hrsn/screening/regression-test-prime/fhir-service-prime/src/2024-06-28/fhir-service.test.http:53:40</td>
                            </tr>
                            
                            <tr>
                                <th>file</th><td>Object.userJS (/home/runner/work/docs.techbd.org/docs.techbd.org/assurance/1115-waiver/ahc-hrsn/screening/regression-test-prime/fhir-service-prime/src/2024-06-28/fhir-service.test.http</td>
                            </tr>
                            
                            <tr>
                                <th>line</th><td>53</td>
                            </tr>
                            
                            <tr>
                                <th>offset</th><td>40</td>
                            </tr>
                            
                            <tr>
                                <th>errorType</th><td>TypeError</td>
                            </tr>
                            
                            <tr>
                                <th>message</th><td>Cannot read properties of undefined (reading &#39;OperationOutcome&#39;)</td>
                            </tr>
                            
                        </table>
                        
                        
                        
                    </div>
                
                    <div class="test outcome outcome-failed">
                        <a id="d5b65dc4-8813-4458-8af4-e3f5367f3f96"></a>
                        <table class="proplist">
                            <tr><th>Test case:</th><td><b>response.parsedBody.OperationOutcome.validationResults[0].issues[0].location.column == null</b></td></tr>
                            <tr><th>Outcome:</th><td>Failed</td></tr>
                            <tr><th>Duration:</th><td>0.063 sec</td></tr>
                        
                            <tr><th>Failed</th><td>response.parsedBody.OperationOutcome.validationResults[0].issues[0].location.column == null</td></tr>
                        
                        
                        </table>

                        
                        <pre>{&#34;message&#34;:&#34;Cannot read properties of undefined (reading &#39;OperationOutcome&#39;)&#34;,&#34;name&#34;:&#34;TypeError&#34;,&#34;stack&#34;:&#34;TypeError: Cannot read properties of undefined (reading &#39;OperationOutcome&#39;)\n    at Object.userJS (/home/runner/work/docs.techbd.org/docs.techbd.org/assurance/1115-waiver/ahc-hrsn/screening/regression-test-prime/fhir-service-prime/src/2024-06-28/fhir-service.test.http:54:40)\n    at sr (/opt/hostedtoolcache/node/20.15.0/x64/lib/node_modules/httpyac/dist/index.js:119:2730)\n    at Object.qo [as evalExpression] (/opt/hostedtoolcache/node/20.15.0/x64/lib/node_modules/httpyac/dist/index.js:119:3298)\n    at Object.Ti [as action] (/opt/hostedtoolcache/node/20.15.0/x64/lib/node_modules/httpyac/dist/index.js:2:48801)\n    at At.trigger (/opt/hostedtoolcache/node/20.15.0/x64/lib/node_modules/httpyac/node_modules/hookpoint/dist/index.js:1:2889)\n    at process.processTicksAndRejections (node:internal/process/task_queues:95:5)\n    at async /opt/hostedtoolcache/node/20.15.0/x64/lib/node_modules/httpyac/dist/index.js:2:46879\n    at async /opt/hostedtoolcache/node/20.15.0/x64/lib/node_modules/httpyac/dist/index.js:2:40725\n    at async Object.action (/opt/hostedtoolcache/node/20.15.0/x64/lib/node_modules/httpyac/dist/index.js:2:46814)\n    at async n.trigger (/opt/hostedtoolcache/node/20.15.0/x64/lib/node_modules/httpyac/node_modules/hookpoint/dist/index.js:1:2872)&#34;}</pre>
                        
                        

                        
                        <table class="proplist">
                            
                            <tr>
                                <th>displayMessage</th><td>TypeError: Cannot read properties of undefined (reading &#39;OperationOutcome&#39;) - Object.userJS (/home/runner/work/docs.techbd.org/docs.techbd.org/assurance/1115-waiver/ahc-hrsn/screening/regression-test-prime/fhir-service-prime/src/2024-06-28/fhir-service.test.http:54:40</td>
                            </tr>
                            
                            <tr>
                                <th>file</th><td>Object.userJS (/home/runner/work/docs.techbd.org/docs.techbd.org/assurance/1115-waiver/ahc-hrsn/screening/regression-test-prime/fhir-service-prime/src/2024-06-28/fhir-service.test.http</td>
                            </tr>
                            
                            <tr>
                                <th>line</th><td>54</td>
                            </tr>
                            
                            <tr>
                                <th>offset</th><td>40</td>
                            </tr>
                            
                            <tr>
                                <th>errorType</th><td>TypeError</td>
                            </tr>
                            
                            <tr>
                                <th>message</th><td>Cannot read properties of undefined (reading &#39;OperationOutcome&#39;)</td>
                            </tr>
                            
                        </table>
                        
                        
                        
                    </div>
                
                </div>
            </div>
            
        </div>
    </div>
    

    <div class="testsuite">
        <h2>Test Suite: /Bundle/$validate should validate TestTask.json</h2>
        <a id="fb44607d-7061-4bac-ade9-b64685367c0a"></a>
        
        <span>Package: assurance/1115-waiver/ahc-hrsn/screening/regression-test-prime/fhir-service-prime/src/2024-06-28/fhir-service.test.http</span>
        
        
        <h3>Suite Properties</h3>
        <table class="proplist">
            
            <tr>
                <th>title</th><td>/Bundle/$validate should validate TestTask.json</td>
            </tr>
            
            <tr>
                <th>line</th><td>57</td>
            </tr>
            
            <tr>
                <th>timestamp</th><td>2024-06-28T14:14:31.226Z</td>
            </tr>
            
            <tr>
                <th>file</th><td>assurance/1115-waiver/ahc-hrsn/screening/regression-test-prime/fhir-service-prime/src/2024-06-28/fhir-service.test.http</td>
            </tr>
            
        </table>
        
        <h3>Results</h3>
        <table class="proplist">
            <tr>
                <th>Duration</th><td>30.426 sec</td>
            </tr>
            <tr>
                <th>Tests</th><td>6</td>
            </tr>
            <tr>
                <th>Failures</th><td>0</td>
            </tr>
        </table>

        <div class="testclasses">
            <h3>Tests</h3>
            
            <div class="testclass">
                <h4>/Bundle/$validate should validate TestTask.json</h4>
                <div class="testcases">
                
                    <div class="test outcome outcome-passed">
                        <a id="831b7098-f1ec-4081-a8bf-08b6a8db1d22"></a>
                        <table class="proplist">
                            <tr><th>Test case:</th><td><b>status == 200</b></td></tr>
                            <tr><th>Outcome:</th><td>Passed</td></tr>
                            <tr><th>Duration:</th><td>5.071 sec</td></tr>
                        
                        
                        </table>

                        
                        

                        
                        
                        
                    </div>
                
                    <div class="test outcome outcome-passed">
                        <a id="50e7ee10-0eb4-458b-8f7d-cc4ad1b3e7b1"></a>
                        <table class="proplist">
                            <tr><th>Test case:</th><td><b>response.body != null</b></td></tr>
                            <tr><th>Outcome:</th><td>Passed</td></tr>
                            <tr><th>Duration:</th><td>5.071 sec</td></tr>
                        
                        
                        </table>

                        
                        

                        
                        
                        
                    </div>
                
                    <div class="test outcome outcome-passed">
                        <a id="018b17de-5b05-44b7-b42c-c66470e65244"></a>
                        <table class="proplist">
                            <tr><th>Test case:</th><td><b>response.parsedBody.OperationOutcome.resourceType == OperationOutcome</b></td></tr>
                            <tr><th>Outcome:</th><td>Passed</td></tr>
                            <tr><th>Duration:</th><td>5.071 sec</td></tr>
                        
                        
                        </table>

                        
                        

                        
                        
                        
                    </div>
                
                    <div class="test outcome outcome-passed">
                        <a id="ba737eb0-a8dc-4ce5-8541-23d3e8bd99df"></a>
                        <table class="proplist">
                            <tr><th>Test case:</th><td><b>response.parsedBody.OperationOutcome.validationResults[0].issues[0].severity == FATAL</b></td></tr>
                            <tr><th>Outcome:</th><td>Passed</td></tr>
                            <tr><th>Duration:</th><td>5.071 sec</td></tr>
                        
                        
                        </table>

                        
                        

                        
                        
                        
                    </div>
                
                    <div class="test outcome outcome-passed">
                        <a id="af5b7220-47a1-4e02-a8dd-468b3e8a1805"></a>
                        <table class="proplist">
                            <tr><th>Test case:</th><td><b>response.parsedBody.OperationOutcome.validationResults[0].issues[0].location.line == null</b></td></tr>
                            <tr><th>Outcome:</th><td>Passed</td></tr>
                            <tr><th>Duration:</th><td>5.071 sec</td></tr>
                        
                        
                        </table>

                        
                        

                        
                        
                        
                    </div>
                
                    <div class="test outcome outcome-passed">
                        <a id="2a0db49f-60f7-47bb-ba43-c9c479c82fee"></a>
                        <table class="proplist">
                            <tr><th>Test case:</th><td><b>response.parsedBody.OperationOutcome.validationResults[0].issues[0].location.column == null</b></td></tr>
                            <tr><th>Outcome:</th><td>Passed</td></tr>
                            <tr><th>Duration:</th><td>5.071 sec</td></tr>
                        
                        
                        </table>

                        
                        

                        
                        
                        
                    </div>
                
                </div>
            </div>
            
        </div>
    </div>
    

    <div class="testsuite">
        <h2>Test Suite: /Bundle/$validate should validate TestTaskCompleted.json</h2>
        <a id="31cd8b56-81b6-40a4-8b14-de34984cea7b"></a>
        
        <span>Package: assurance/1115-waiver/ahc-hrsn/screening/regression-test-prime/fhir-service-prime/src/2024-06-28/fhir-service.test.http</span>
        
        
        <h3>Suite Properties</h3>
        <table class="proplist">
            
            <tr>
                <th>title</th><td>/Bundle/$validate should validate TestTaskCompleted.json</td>
            </tr>
            
            <tr>
                <th>line</th><td>71</td>
            </tr>
            
            <tr>
                <th>timestamp</th><td>2024-06-28T14:15:01.653Z</td>
            </tr>
            
            <tr>
                <th>file</th><td>assurance/1115-waiver/ahc-hrsn/screening/regression-test-prime/fhir-service-prime/src/2024-06-28/fhir-service.test.http</td>
            </tr>
            
        </table>
        
        <h3>Results</h3>
        <table class="proplist">
            <tr>
                <th>Duration</th><td>2.108 sec</td>
            </tr>
            <tr>
                <th>Tests</th><td>6</td>
            </tr>
            <tr>
                <th>Failures</th><td>0</td>
            </tr>
        </table>

        <div class="testclasses">
            <h3>Tests</h3>
            
            <div class="testclass">
                <h4>/Bundle/$validate should validate TestTaskCompleted.json</h4>
                <div class="testcases">
                
                    <div class="test outcome outcome-passed">
                        <a id="21eff4a3-98fc-41da-82c6-cad5ea5a78ba"></a>
                        <table class="proplist">
                            <tr><th>Test case:</th><td><b>status == 200</b></td></tr>
                            <tr><th>Outcome:</th><td>Passed</td></tr>
                            <tr><th>Duration:</th><td>0.351 sec</td></tr>
                        
                        
                        </table>

                        
                        

                        
                        
                        
                    </div>
                
                    <div class="test outcome outcome-passed">
                        <a id="e9677dfb-b090-4f03-8654-6d69c691512a"></a>
                        <table class="proplist">
                            <tr><th>Test case:</th><td><b>response.body != null</b></td></tr>
                            <tr><th>Outcome:</th><td>Passed</td></tr>
                            <tr><th>Duration:</th><td>0.351 sec</td></tr>
                        
                        
                        </table>

                        
                        

                        
                        
                        
                    </div>
                
                    <div class="test outcome outcome-passed">
                        <a id="e632802a-e6bc-4772-9bb5-afc4d009e3b4"></a>
                        <table class="proplist">
                            <tr><th>Test case:</th><td><b>response.parsedBody.OperationOutcome.resourceType == OperationOutcome</b></td></tr>
                            <tr><th>Outcome:</th><td>Passed</td></tr>
                            <tr><th>Duration:</th><td>0.351 sec</td></tr>
                        
                        
                        </table>

                        
                        

                        
                        
                        
                    </div>
                
                    <div class="test outcome outcome-passed">
                        <a id="67e5fed4-a678-4efd-927a-11dc2ac43d10"></a>
                        <table class="proplist">
                            <tr><th>Test case:</th><td><b>response.parsedBody.OperationOutcome.validationResults[0].issues[0].severity == FATAL</b></td></tr>
                            <tr><th>Outcome:</th><td>Passed</td></tr>
                            <tr><th>Duration:</th><td>0.351 sec</td></tr>
                        
                        
                        </table>

                        
                        

                        
                        
                        
                    </div>
                
                    <div class="test outcome outcome-passed">
                        <a id="7a61bfab-ad2d-424e-be9b-6d7be6f157e8"></a>
                        <table class="proplist">
                            <tr><th>Test case:</th><td><b>response.parsedBody.OperationOutcome.validationResults[0].issues[0].location.line == null</b></td></tr>
                            <tr><th>Outcome:</th><td>Passed</td></tr>
                            <tr><th>Duration:</th><td>0.351 sec</td></tr>
                        
                        
                        </table>

                        
                        

                        
                        
                        
                    </div>
                
                    <div class="test outcome outcome-passed">
                        <a id="2804cf03-2d5f-462c-ac5c-3e0ecae440ef"></a>
                        <table class="proplist">
                            <tr><th>Test case:</th><td><b>response.parsedBody.OperationOutcome.validationResults[0].issues[0].location.column == null</b></td></tr>
                            <tr><th>Outcome:</th><td>Passed</td></tr>
                            <tr><th>Duration:</th><td>0.351 sec</td></tr>
                        
                        
                        </table>

                        
                        

                        
                        
                        
                    </div>
                
                </div>
            </div>
            
        </div>
    </div>
    

    <div class="testsuite">
        <h2>Test Suite: /Bundle/$validate should validate Test​ProcedureCompleted.json</h2>
        <a id="fc0b3b75-48ee-46d5-8881-0ca6246670ed"></a>
        
        <span>Package: assurance/1115-waiver/ahc-hrsn/screening/regression-test-prime/fhir-service-prime/src/2024-06-28/fhir-service.test.http</span>
        
        
        <h3>Suite Properties</h3>
        <table class="proplist">
            
            <tr>
                <th>title</th><td>/Bundle/$validate should validate Test​ProcedureCompleted.json</td>
            </tr>
            
            <tr>
                <th>line</th><td>85</td>
            </tr>
            
            <tr>
                <th>timestamp</th><td>2024-06-28T14:15:03.761Z</td>
            </tr>
            
            <tr>
                <th>file</th><td>assurance/1115-waiver/ahc-hrsn/screening/regression-test-prime/fhir-service-prime/src/2024-06-28/fhir-service.test.http</td>
            </tr>
            
        </table>
        
        <h3>Results</h3>
        <table class="proplist">
            <tr>
                <th>Duration</th><td>30.265 sec</td>
            </tr>
            <tr>
                <th>Tests</th><td>6</td>
            </tr>
            <tr>
                <th>Failures</th><td>0</td>
            </tr>
        </table>

        <div class="testclasses">
            <h3>Tests</h3>
            
            <div class="testclass">
                <h4>/Bundle/$validate should validate Test​ProcedureCompleted.json</h4>
                <div class="testcases">
                
                    <div class="test outcome outcome-passed">
                        <a id="329bab7f-2812-4857-8532-e23c1a6dccf4"></a>
                        <table class="proplist">
                            <tr><th>Test case:</th><td><b>status == 200</b></td></tr>
                            <tr><th>Outcome:</th><td>Passed</td></tr>
                            <tr><th>Duration:</th><td>5.044 sec</td></tr>
                        
                        
                        </table>

                        
                        

                        
                        
                        
                    </div>
                
                    <div class="test outcome outcome-passed">
                        <a id="ef07364d-4fca-4839-9d3d-cdad8823e1ec"></a>
                        <table class="proplist">
                            <tr><th>Test case:</th><td><b>response.body != null</b></td></tr>
                            <tr><th>Outcome:</th><td>Passed</td></tr>
                            <tr><th>Duration:</th><td>5.044 sec</td></tr>
                        
                        
                        </table>

                        
                        

                        
                        
                        
                    </div>
                
                    <div class="test outcome outcome-passed">
                        <a id="98464507-de9b-4dd3-b167-5adb745b34b6"></a>
                        <table class="proplist">
                            <tr><th>Test case:</th><td><b>response.parsedBody.OperationOutcome.resourceType == OperationOutcome</b></td></tr>
                            <tr><th>Outcome:</th><td>Passed</td></tr>
                            <tr><th>Duration:</th><td>5.044 sec</td></tr>
                        
                        
                        </table>

                        
                        

                        
                        
                        
                    </div>
                
                    <div class="test outcome outcome-passed">
                        <a id="2c50dcbe-8b9e-4636-9d71-5c8d6d8ffb62"></a>
                        <table class="proplist">
                            <tr><th>Test case:</th><td><b>response.parsedBody.OperationOutcome.validationResults[0].issues[0].severity == FATAL</b></td></tr>
                            <tr><th>Outcome:</th><td>Passed</td></tr>
                            <tr><th>Duration:</th><td>5.044 sec</td></tr>
                        
                        
                        </table>

                        
                        

                        
                        
                        
                    </div>
                
                    <div class="test outcome outcome-passed">
                        <a id="039f610a-e34c-47b1-8fe7-2261d995b411"></a>
                        <table class="proplist">
                            <tr><th>Test case:</th><td><b>response.parsedBody.OperationOutcome.validationResults[0].issues[0].location.line == null</b></td></tr>
                            <tr><th>Outcome:</th><td>Passed</td></tr>
                            <tr><th>Duration:</th><td>5.044 sec</td></tr>
                        
                        
                        </table>

                        
                        

                        
                        
                        
                    </div>
                
                    <div class="test outcome outcome-passed">
                        <a id="d181588b-568e-48bc-b85c-987d6c1470a5"></a>
                        <table class="proplist">
                            <tr><th>Test case:</th><td><b>response.parsedBody.OperationOutcome.validationResults[0].issues[0].location.column == null</b></td></tr>
                            <tr><th>Outcome:</th><td>Passed</td></tr>
                            <tr><th>Duration:</th><td>5.044 sec</td></tr>
                        
                        
                        </table>

                        
                        

                        
                        
                        
                    </div>
                
                </div>
            </div>
            
        </div>
    </div>
    

    <div class="testsuite">
        <h2>Test Suite: Bundle should validate and submit Test​ServiceRequest.json as @TECH_BD_FHIR_SERVICE_QE_IDENTIFIER -  with Content-Type application/json</h2>
        <a id="d115bb6b-9f1d-4d25-9c56-0165b5cf0feb"></a>
        
        <span>Package: assurance/1115-waiver/ahc-hrsn/screening/regression-test-prime/fhir-service-prime/src/2024-06-28/fhir-service.test.http</span>
        
        
        <h3>Suite Properties</h3>
        <table class="proplist">
            
            <tr>
                <th>title</th><td>Bundle should validate and submit Test​ServiceRequest.json as @TECH_BD_FHIR_SERVICE_QE_IDENTIFIER -  with Content-Type application/json</td>
            </tr>
            
            <tr>
                <th>line</th><td>101</td>
            </tr>
            
            <tr>
                <th>timestamp</th><td>2024-06-28T14:15:34.026Z</td>
            </tr>
            
            <tr>
                <th>file</th><td>assurance/1115-waiver/ahc-hrsn/screening/regression-test-prime/fhir-service-prime/src/2024-06-28/fhir-service.test.http</td>
            </tr>
            
        </table>
        
        <h3>Results</h3>
        <table class="proplist">
            <tr>
                <th>Duration</th><td>0.611 sec</td>
            </tr>
            <tr>
                <th>Tests</th><td>2</td>
            </tr>
            <tr>
                <th>Failures</th><td>0</td>
            </tr>
        </table>

        <div class="testclasses">
            <h3>Tests</h3>
            
            <div class="testclass">
                <h4>Bundle should validate and submit Test​ServiceRequest.json as @TECH_BD_FHIR_SERVICE_QE_IDENTIFIER -  with Content-Type application/json</h4>
                <div class="testcases">
                
                    <div class="test outcome outcome-passed">
                        <a id="64275904-d74b-4b09-aa98-6e05866266a0"></a>
                        <table class="proplist">
                            <tr><th>Test case:</th><td><b>status == 200</b></td></tr>
                            <tr><th>Outcome:</th><td>Passed</td></tr>
                            <tr><th>Duration:</th><td>0.306 sec</td></tr>
                        
                        
                        </table>

                        
                        

                        
                        
                        
                    </div>
                
                    <div class="test outcome outcome-passed">
                        <a id="8bf9c277-63bc-4667-ba09-423ca26d36cd"></a>
                        <table class="proplist">
                            <tr><th>Test case:</th><td><b>response.body != null</b></td></tr>
                            <tr><th>Outcome:</th><td>Passed</td></tr>
                            <tr><th>Duration:</th><td>0.306 sec</td></tr>
                        
                        
                        </table>

                        
                        

                        
                        
                        
                    </div>
                
                </div>
            </div>
            
        </div>
    </div>
    

    <div class="testsuite">
        <h2>Test Suite: /Bundle should validate and submit Test​ServiceRequest.json Test​ServiceRequest.json  with Content-Type application/json+fhir</h2>
        <a id="24b577f0-eeaf-4d95-8982-2ebf28337093"></a>
        
        <span>Package: assurance/1115-waiver/ahc-hrsn/screening/regression-test-prime/fhir-service-prime/src/2024-06-28/fhir-service.test.http</span>
        
        
        <h3>Suite Properties</h3>
        <table class="proplist">
            
            <tr>
                <th>title</th><td>/Bundle should validate and submit Test​ServiceRequest.json Test​ServiceRequest.json  with Content-Type application/json+fhir</td>
            </tr>
            
            <tr>
                <th>line</th><td>112</td>
            </tr>
            
            <tr>
                <th>timestamp</th><td>2024-06-28T14:15:34.638Z</td>
            </tr>
            
            <tr>
                <th>file</th><td>assurance/1115-waiver/ahc-hrsn/screening/regression-test-prime/fhir-service-prime/src/2024-06-28/fhir-service.test.http</td>
            </tr>
            
        </table>
        
        <h3>Results</h3>
        <table class="proplist">
            <tr>
                <th>Duration</th><td>0.402 sec</td>
            </tr>
            <tr>
                <th>Tests</th><td>2</td>
            </tr>
            <tr>
                <th>Failures</th><td>1</td>
            </tr>
        </table>

        <div class="testclasses">
            <h3>Tests</h3>
            
            <div class="testclass">
                <h4>/Bundle should validate and submit Test​ServiceRequest.json Test​ServiceRequest.json  with Content-Type application/json+fhir</h4>
                <div class="testcases">
                
                    <div class="test outcome outcome-failed">
                        <a id="2fe30796-5644-419d-84ee-a6edbf289de6"></a>
                        <table class="proplist">
                            <tr><th>Test case:</th><td><b>status == 200</b></td></tr>
                            <tr><th>Outcome:</th><td>Failed</td></tr>
                            <tr><th>Duration:</th><td>0.201 sec</td></tr>
                        
                            <tr><th>Failed</th><td>status == 200</td></tr>
                        
                        
                        </table>

                        
                        <pre>{&#34;message&#34;:&#34;status (415) == 200&#34;,&#34;name&#34;:&#34;AssertionError&#34;,&#34;stack&#34;:&#34;AssertionError [ERR_ASSERTION]: status (415) == 200\n    at /opt/hostedtoolcache/node/20.15.0/x64/lib/node_modules/httpyac/dist/index.js:2:47053\n    at process.processTicksAndRejections (node:internal/process/task_queues:95:5)\n    at async /opt/hostedtoolcache/node/20.15.0/x64/lib/node_modules/httpyac/dist/index.js:2:40725\n    at async Object.action (/opt/hostedtoolcache/node/20.15.0/x64/lib/node_modules/httpyac/dist/index.js:2:46814)\n    at async n.trigger (/opt/hostedtoolcache/node/20.15.0/x64/lib/node_modules/httpyac/node_modules/hookpoint/dist/index.js:1:2872)\n    at async cp (/opt/hostedtoolcache/node/20.15.0/x64/lib/node_modules/httpyac/dist/index.js:2:22407)\n    at async Object.action (/opt/hostedtoolcache/node/20.15.0/x64/lib/node_modules/httpyac/dist/index.js:2:20619)\n    at async n.trigger (/opt/hostedtoolcache/node/20.15.0/x64/lib/node_modules/httpyac/node_modules/hookpoint/dist/index.js:1:2872)\n    at async t.execute (/opt/hostedtoolcache/node/20.15.0/x64/lib/node_modules/httpyac/dist/index.js:2:53166)\n    at async cu (/opt/hostedtoolcache/node/20.15.0/x64/lib/node_modules/httpyac/dist/index.js:119:32241)&#34;}</pre>
                        
                        

                        
                        <table class="proplist">
                            
                            <tr>
                                <th>displayMessage</th><td>AssertionError [ERR_ASSERTION]: status (415) == 200 - /opt/hostedtoolcache/node/20.15.0/x64/lib/node_modules/httpyac/dist/index.js:2:47053</td>
                            </tr>
                            
                            <tr>
                                <th>file</th><td>/opt/hostedtoolcache/node/20.15.0/x64/lib/node_modules/httpyac/dist/index.js</td>
                            </tr>
                            
                            <tr>
                                <th>line</th><td>2</td>
                            </tr>
                            
                            <tr>
                                <th>offset</th><td>47053</td>
                            </tr>
                            
                            <tr>
                                <th>errorType</th><td>AssertionError [ERR_ASSERTION]</td>
                            </tr>
                            
                            <tr>
                                <th>message</th><td>status (415) == 200</td>
                            </tr>
                            
                        </table>
                        
                        
                        
                    </div>
                
                    <div class="test outcome outcome-passed">
                        <a id="eea85782-cf32-434d-a738-95156d17b70c"></a>
                        <table class="proplist">
                            <tr><th>Test case:</th><td><b>response.body != null</b></td></tr>
                            <tr><th>Outcome:</th><td>Passed</td></tr>
                            <tr><th>Duration:</th><td>0.201 sec</td></tr>
                        
                        
                        </table>

                        
                        

                        
                        
                        
                    </div>
                
                </div>
            </div>
            
        </div>
    </div>
    

    <div class="testsuite">
        <h2>Test Suite: /Bundle should validate and submit Test​ServiceRequest.json Test​ServiceRequest.json  with header  DATALAKE_API_CONTENT_TYPE</h2>
        <a id="f1c55509-1be2-48d6-91fa-c0e5fe08e12d"></a>
        
        <span>Package: assurance/1115-waiver/ahc-hrsn/screening/regression-test-prime/fhir-service-prime/src/2024-06-28/fhir-service.test.http</span>
        
        
        <h3>Suite Properties</h3>
        <table class="proplist">
            
            <tr>
                <th>title</th><td>/Bundle should validate and submit Test​ServiceRequest.json Test​ServiceRequest.json  with header  DATALAKE_API_CONTENT_TYPE</td>
            </tr>
            
            <tr>
                <th>line</th><td>123</td>
            </tr>
            
            <tr>
                <th>timestamp</th><td>2024-06-28T14:15:35.040Z</td>
            </tr>
            
            <tr>
                <th>file</th><td>assurance/1115-waiver/ahc-hrsn/screening/regression-test-prime/fhir-service-prime/src/2024-06-28/fhir-service.test.http</td>
            </tr>
            
        </table>
        
        <h3>Results</h3>
        <table class="proplist">
            <tr>
                <th>Duration</th><td>0.389 sec</td>
            </tr>
            <tr>
                <th>Tests</th><td>2</td>
            </tr>
            <tr>
                <th>Failures</th><td>1</td>
            </tr>
        </table>

        <div class="testclasses">
            <h3>Tests</h3>
            
            <div class="testclass">
                <h4>/Bundle should validate and submit Test​ServiceRequest.json Test​ServiceRequest.json  with header  DATALAKE_API_CONTENT_TYPE</h4>
                <div class="testcases">
                
                    <div class="test outcome outcome-failed">
                        <a id="8be9bd95-12ed-4f4f-b8b5-3384dfebdc76"></a>
                        <table class="proplist">
                            <tr><th>Test case:</th><td><b>status == 200</b></td></tr>
                            <tr><th>Outcome:</th><td>Failed</td></tr>
                            <tr><th>Duration:</th><td>0.194 sec</td></tr>
                        
                            <tr><th>Failed</th><td>status == 200</td></tr>
                        
                        
                        </table>

                        
                        <pre>{&#34;message&#34;:&#34;status (415) == 200&#34;,&#34;name&#34;:&#34;AssertionError&#34;,&#34;stack&#34;:&#34;AssertionError [ERR_ASSERTION]: status (415) == 200\n    at /opt/hostedtoolcache/node/20.15.0/x64/lib/node_modules/httpyac/dist/index.js:2:47053\n    at process.processTicksAndRejections (node:internal/process/task_queues:95:5)\n    at async /opt/hostedtoolcache/node/20.15.0/x64/lib/node_modules/httpyac/dist/index.js:2:40725\n    at async Object.action (/opt/hostedtoolcache/node/20.15.0/x64/lib/node_modules/httpyac/dist/index.js:2:46814)\n    at async n.trigger (/opt/hostedtoolcache/node/20.15.0/x64/lib/node_modules/httpyac/node_modules/hookpoint/dist/index.js:1:2872)\n    at async cp (/opt/hostedtoolcache/node/20.15.0/x64/lib/node_modules/httpyac/dist/index.js:2:22407)\n    at async Object.action (/opt/hostedtoolcache/node/20.15.0/x64/lib/node_modules/httpyac/dist/index.js:2:20619)\n    at async n.trigger (/opt/hostedtoolcache/node/20.15.0/x64/lib/node_modules/httpyac/node_modules/hookpoint/dist/index.js:1:2872)\n    at async t.execute (/opt/hostedtoolcache/node/20.15.0/x64/lib/node_modules/httpyac/dist/index.js:2:53166)\n    at async cu (/opt/hostedtoolcache/node/20.15.0/x64/lib/node_modules/httpyac/dist/index.js:119:32241)&#34;}</pre>
                        
                        

                        
                        <table class="proplist">
                            
                            <tr>
                                <th>displayMessage</th><td>AssertionError [ERR_ASSERTION]: status (415) == 200 - /opt/hostedtoolcache/node/20.15.0/x64/lib/node_modules/httpyac/dist/index.js:2:47053</td>
                            </tr>
                            
                            <tr>
                                <th>file</th><td>/opt/hostedtoolcache/node/20.15.0/x64/lib/node_modules/httpyac/dist/index.js</td>
                            </tr>
                            
                            <tr>
                                <th>line</th><td>2</td>
                            </tr>
                            
                            <tr>
                                <th>offset</th><td>47053</td>
                            </tr>
                            
                            <tr>
                                <th>errorType</th><td>AssertionError [ERR_ASSERTION]</td>
                            </tr>
                            
                            <tr>
                                <th>message</th><td>status (415) == 200</td>
                            </tr>
                            
                        </table>
                        
                        
                        
                    </div>
                
                    <div class="test outcome outcome-passed">
                        <a id="5c8a15b3-44c3-4366-9284-b3434268ae2b"></a>
                        <table class="proplist">
                            <tr><th>Test case:</th><td><b>response.body != null</b></td></tr>
                            <tr><th>Outcome:</th><td>Passed</td></tr>
                            <tr><th>Duration:</th><td>0.194 sec</td></tr>
                        
                        
                        </table>

                        
                        

                        
                        
                        
                    </div>
                
                </div>
            </div>
            
        </div>
    </div>
    



<p class="footer">
    Generated by junit2html
</p>
</body>
</html>