<?xml version="1.0" encoding="UTF-8"?>
<testsuites name="httpyac" tests="41" errors="0" disabled="0" failures="33" time="3.016">
  <testsuite name="/metadata endpoint should return FHIR CapabilityStatement" tests="3" errors="0" failures="2" skipped="0" package="assurance/1115-waiver/ahc-hrsn/screening/regression-test-prime/fhir-service-prime/src/2024-07-18/fhir-service.test.http" time="0.354">
    <properties>
      <property name="title" value="/metadata endpoint should return FHIR CapabilityStatement"/>
      <property name="line" value="20"/>
      <property name="timestamp" value="2024-07-18T14:30:40.408Z"/>
      <property name="file" value="assurance/1115-waiver/ahc-hrsn/screening/regression-test-prime/fhir-service-prime/src/2024-07-18/fhir-service.test.http"/>
    </properties>
    <testcase name="status == 200" classname="/metadata endpoint should return FHIR CapabilityStatement" time="0.118" assertions="1">
      <properties>
        <property name="displayMessage" value="AssertionError [ERR_ASSERTION]: status (502) == 200 - /opt/hostedtoolcache/node/20.15.1/x64/lib/node_modules/httpyac/dist/index.js:2:47053"/>
        <property name="file" value="/opt/hostedtoolcache/node/20.15.1/x64/lib/node_modules/httpyac/dist/index.js"/>
        <property name="line" value="2"/>
        <property name="offset" value="47053"/>
        <property name="errorType" value="AssertionError [ERR_ASSERTION]"/>
        <property name="message" value="status (502) == 200"/>
      </properties>
      <failure message="status == 200" type="AssertionError [ERR_ASSERTION]">{"message":"status (502) == 200","name":"AssertionError","stack":"AssertionError [ERR_ASSERTION]: status (502) == 200\n    at /opt/hostedtoolcache/node/20.15.1/x64/lib/node_modules/httpyac/dist/index.js:2:47053\n    at process.processTicksAndRejections (node:internal/process/task_queues:95:5)\n    at async /opt/hostedtoolcache/node/20.15.1/x64/lib/node_modules/httpyac/dist/index.js:2:40725\n    at async Object.action (/opt/hostedtoolcache/node/20.15.1/x64/lib/node_modules/httpyac/dist/index.js:2:46814)\n    at async n.trigger (/opt/hostedtoolcache/node/20.15.1/x64/lib/node_modules/httpyac/node_modules/hookpoint/dist/index.js:1:2872)\n    at async cp (/opt/hostedtoolcache/node/20.15.1/x64/lib/node_modules/httpyac/dist/index.js:2:22407)\n    at async Object.action (/opt/hostedtoolcache/node/20.15.1/x64/lib/node_modules/httpyac/dist/index.js:2:20619)\n    at async n.trigger (/opt/hostedtoolcache/node/20.15.1/x64/lib/node_modules/httpyac/node_modules/hookpoint/dist/index.js:1:2872)\n    at async t.execute (/opt/hostedtoolcache/node/20.15.1/x64/lib/node_modules/httpyac/dist/index.js:2:53166)\n    at async cu (/opt/hostedtoolcache/node/20.15.1/x64/lib/node_modules/httpyac/dist/index.js:119:32241)"}</failure>
    </testcase>
    <testcase name="content-type == text/html;charset=UTF-8" classname="/metadata endpoint should return FHIR CapabilityStatement" time="0.118" assertions="1">
      <properties>
        <property name="displayMessage" value="AssertionError [ERR_ASSERTION]: content-type (text/html) == text/html;charset=UTF-8 - /opt/hostedtoolcache/node/20.15.1/x64/lib/node_modules/httpyac/dist/index.js:2:47053"/>
        <property name="file" value="/opt/hostedtoolcache/node/20.15.1/x64/lib/node_modules/httpyac/dist/index.js"/>
        <property name="line" value="2"/>
        <property name="offset" value="47053"/>
        <property name="errorType" value="AssertionError [ERR_ASSERTION]"/>
        <property name="message" value="content-type (text/html) == text/html;charset=UTF-8"/>
      </properties>
      <failure message="content-type == text/html;charset=UTF-8" type="AssertionError [ERR_ASSERTION]">{"message":"content-type (text/html) == text/html;charset=UTF-8","name":"AssertionError","stack":"AssertionError [ERR_ASSERTION]: content-type (text/html) == text/html;charset=UTF-8\n    at /opt/hostedtoolcache/node/20.15.1/x64/lib/node_modules/httpyac/dist/index.js:2:47053\n    at process.processTicksAndRejections (node:internal/process/task_queues:95:5)\n    at async /opt/hostedtoolcache/node/20.15.1/x64/lib/node_modules/httpyac/dist/index.js:2:40725\n    at async Object.action (/opt/hostedtoolcache/node/20.15.1/x64/lib/node_modules/httpyac/dist/index.js:2:46814)\n    at async n.trigger (/opt/hostedtoolcache/node/20.15.1/x64/lib/node_modules/httpyac/node_modules/hookpoint/dist/index.js:1:2872)\n    at async cp (/opt/hostedtoolcache/node/20.15.1/x64/lib/node_modules/httpyac/dist/index.js:2:22407)\n    at async Object.action (/opt/hostedtoolcache/node/20.15.1/x64/lib/node_modules/httpyac/dist/index.js:2:20619)\n    at async n.trigger (/opt/hostedtoolcache/node/20.15.1/x64/lib/node_modules/httpyac/node_modules/hookpoint/dist/index.js:1:2872)\n    at async t.execute (/opt/hostedtoolcache/node/20.15.1/x64/lib/node_modules/httpyac/dist/index.js:2:53166)\n    at async cu (/opt/hostedtoolcache/node/20.15.1/x64/lib/node_modules/httpyac/dist/index.js:119:32241)"}</failure>
    </testcase>
    <testcase name="response.body != null" classname="/metadata endpoint should return FHIR CapabilityStatement" time="0.118" assertions="1"/>
  </testsuite>
  <testsuite name="/Bundle/$validate should validate AHCHRSNQuestionnaireResponseExample.json with Content-Type application/json" tests="5" errors="0" failures="4" skipped="0" package="assurance/1115-waiver/ahc-hrsn/screening/regression-test-prime/fhir-service-prime/src/2024-07-18/fhir-service.test.http" time="0.148">
    <properties>
      <property name="title" value="/Bundle/$validate should validate AHCHRSNQuestionnaireResponseExample.json with Content-Type application/json"/>
      <property name="line" value="27"/>
      <property name="timestamp" value="2024-07-18T14:30:40.762Z"/>
      <property name="file" value="assurance/1115-waiver/ahc-hrsn/screening/regression-test-prime/fhir-service-prime/src/2024-07-18/fhir-service.test.http"/>
    </properties>
    <testcase name="status == 200" classname="/Bundle/$validate should validate AHCHRSNQuestionnaireResponseExample.json with Content-Type application/json" time="0.030" assertions="1">
      <properties>
        <property name="displayMessage" value="AssertionError [ERR_ASSERTION]: status (502) == 200 - /opt/hostedtoolcache/node/20.15.1/x64/lib/node_modules/httpyac/dist/index.js:2:47053"/>
        <property name="file" value="/opt/hostedtoolcache/node/20.15.1/x64/lib/node_modules/httpyac/dist/index.js"/>
        <property name="line" value="2"/>
        <property name="offset" value="47053"/>
        <property name="errorType" value="AssertionError [ERR_ASSERTION]"/>
        <property name="message" value="status (502) == 200"/>
      </properties>
      <failure message="status == 200" type="AssertionError [ERR_ASSERTION]">{"message":"status (502) == 200","name":"AssertionError","stack":"AssertionError [ERR_ASSERTION]: status (502) == 200\n    at /opt/hostedtoolcache/node/20.15.1/x64/lib/node_modules/httpyac/dist/index.js:2:47053\n    at process.processTicksAndRejections (node:internal/process/task_queues:95:5)\n    at async /opt/hostedtoolcache/node/20.15.1/x64/lib/node_modules/httpyac/dist/index.js:2:40725\n    at async Object.action (/opt/hostedtoolcache/node/20.15.1/x64/lib/node_modules/httpyac/dist/index.js:2:46814)\n    at async n.trigger (/opt/hostedtoolcache/node/20.15.1/x64/lib/node_modules/httpyac/node_modules/hookpoint/dist/index.js:1:2872)\n    at async cp (/opt/hostedtoolcache/node/20.15.1/x64/lib/node_modules/httpyac/dist/index.js:2:22407)\n    at async Object.action (/opt/hostedtoolcache/node/20.15.1/x64/lib/node_modules/httpyac/dist/index.js:2:20619)\n    at async n.trigger (/opt/hostedtoolcache/node/20.15.1/x64/lib/node_modules/httpyac/node_modules/hookpoint/dist/index.js:1:2872)\n    at async t.execute (/opt/hostedtoolcache/node/20.15.1/x64/lib/node_modules/httpyac/dist/index.js:2:53166)\n    at async cu (/opt/hostedtoolcache/node/20.15.1/x64/lib/node_modules/httpyac/dist/index.js:119:32241)"}</failure>
    </testcase>
    <testcase name="response.body != null" classname="/Bundle/$validate should validate AHCHRSNQuestionnaireResponseExample.json with Content-Type application/json" time="0.030" assertions="1"/>
    <testcase name="response.parsedBody.OperationOutcome.resourceType == OperationOutcome" classname="/Bundle/$validate should validate AHCHRSNQuestionnaireResponseExample.json with Content-Type application/json" time="0.030" assertions="1">
      <properties>
        <property name="displayMessage" value="TypeError: Cannot read properties of undefined (reading 'OperationOutcome') - Object.userJS (/home/runner/work/docs.techbd.org/docs.techbd.org/assurance/1115-waiver/ahc-hrsn/screening/regression-test-prime/fhir-service-prime/src/2024-07-18/fhir-service.test.http:34:40"/>
        <property name="file" value="Object.userJS (/home/runner/work/docs.techbd.org/docs.techbd.org/assurance/1115-waiver/ahc-hrsn/screening/regression-test-prime/fhir-service-prime/src/2024-07-18/fhir-service.test.http"/>
        <property name="line" value="34"/>
        <property name="offset" value="40"/>
        <property name="errorType" value="TypeError"/>
        <property name="message" value="Cannot read properties of undefined (reading 'OperationOutcome')"/>
      </properties>
      <failure message="response.parsedBody.OperationOutcome.resourceType == OperationOutcome" type="TypeError">{"message":"Cannot read properties of undefined (reading 'OperationOutcome')","name":"TypeError","stack":"TypeError: Cannot read properties of undefined (reading 'OperationOutcome')\n    at Object.userJS (/home/runner/work/docs.techbd.org/docs.techbd.org/assurance/1115-waiver/ahc-hrsn/screening/regression-test-prime/fhir-service-prime/src/2024-07-18/fhir-service.test.http:34:40)\n    at sr (/opt/hostedtoolcache/node/20.15.1/x64/lib/node_modules/httpyac/dist/index.js:119:2730)\n    at Object.qo [as evalExpression] (/opt/hostedtoolcache/node/20.15.1/x64/lib/node_modules/httpyac/dist/index.js:119:3298)\n    at Object.Ti [as action] (/opt/hostedtoolcache/node/20.15.1/x64/lib/node_modules/httpyac/dist/index.js:2:48801)\n    at At.trigger (/opt/hostedtoolcache/node/20.15.1/x64/lib/node_modules/httpyac/node_modules/hookpoint/dist/index.js:1:2889)\n    at process.processTicksAndRejections (node:internal/process/task_queues:95:5)\n    at async /opt/hostedtoolcache/node/20.15.1/x64/lib/node_modules/httpyac/dist/index.js:2:46879\n    at async /opt/hostedtoolcache/node/20.15.1/x64/lib/node_modules/httpyac/dist/index.js:2:40725\n    at async Object.action (/opt/hostedtoolcache/node/20.15.1/x64/lib/node_modules/httpyac/dist/index.js:2:46814)\n    at async n.trigger (/opt/hostedtoolcache/node/20.15.1/x64/lib/node_modules/httpyac/node_modules/hookpoint/dist/index.js:1:2872)"}</failure>
    </testcase>
    <testcase name="response.parsedBody.OperationOutcome.validationResults[0].operationOutcome.issue[0].severity == information" classname="/Bundle/$validate should validate AHCHRSNQuestionnaireResponseExample.json with Content-Type application/json" time="0.030" assertions="1">
      <properties>
        <property name="displayMessage" value="TypeError: Cannot read properties of undefined (reading 'OperationOutcome') - Object.userJS (/home/runner/work/docs.techbd.org/docs.techbd.org/assurance/1115-waiver/ahc-hrsn/screening/regression-test-prime/fhir-service-prime/src/2024-07-18/fhir-service.test.http:35:40"/>
        <property name="file" value="Object.userJS (/home/runner/work/docs.techbd.org/docs.techbd.org/assurance/1115-waiver/ahc-hrsn/screening/regression-test-prime/fhir-service-prime/src/2024-07-18/fhir-service.test.http"/>
        <property name="line" value="35"/>
        <property name="offset" value="40"/>
        <property name="errorType" value="TypeError"/>
        <property name="message" value="Cannot read properties of undefined (reading 'OperationOutcome')"/>
      </properties>
      <failure message="response.parsedBody.OperationOutcome.validationResults[0].operationOutcome.issue[0].severity == information" type="TypeError">{"message":"Cannot read properties of undefined (reading 'OperationOutcome')","name":"TypeError","stack":"TypeError: Cannot read properties of undefined (reading 'OperationOutcome')\n    at Object.userJS (/home/runner/work/docs.techbd.org/docs.techbd.org/assurance/1115-waiver/ahc-hrsn/screening/regression-test-prime/fhir-service-prime/src/2024-07-18/fhir-service.test.http:35:40)\n    at sr (/opt/hostedtoolcache/node/20.15.1/x64/lib/node_modules/httpyac/dist/index.js:119:2730)\n    at Object.qo [as evalExpression] (/opt/hostedtoolcache/node/20.15.1/x64/lib/node_modules/httpyac/dist/index.js:119:3298)\n    at Object.Ti [as action] (/opt/hostedtoolcache/node/20.15.1/x64/lib/node_modules/httpyac/dist/index.js:2:48801)\n    at At.trigger (/opt/hostedtoolcache/node/20.15.1/x64/lib/node_modules/httpyac/node_modules/hookpoint/dist/index.js:1:2889)\n    at process.processTicksAndRejections (node:internal/process/task_queues:95:5)\n    at async /opt/hostedtoolcache/node/20.15.1/x64/lib/node_modules/httpyac/dist/index.js:2:46879\n    at async /opt/hostedtoolcache/node/20.15.1/x64/lib/node_modules/httpyac/dist/index.js:2:40725\n    at async Object.action (/opt/hostedtoolcache/node/20.15.1/x64/lib/node_modules/httpyac/dist/index.js:2:46814)\n    at async n.trigger (/opt/hostedtoolcache/node/20.15.1/x64/lib/node_modules/httpyac/node_modules/hookpoint/dist/index.js:1:2872)"}</failure>
    </testcase>
    <testcase name="response.parsedBody.OperationOutcome.validationResults[0].valid == true" classname="/Bundle/$validate should validate AHCHRSNQuestionnaireResponseExample.json with Content-Type application/json" time="0.030" assertions="1">
      <properties>
        <property name="displayMessage" value="TypeError: Cannot read properties of undefined (reading 'OperationOutcome') - Object.userJS (/home/runner/work/docs.techbd.org/docs.techbd.org/assurance/1115-waiver/ahc-hrsn/screening/regression-test-prime/fhir-service-prime/src/2024-07-18/fhir-service.test.http:36:40"/>
        <property name="file" value="Object.userJS (/home/runner/work/docs.techbd.org/docs.techbd.org/assurance/1115-waiver/ahc-hrsn/screening/regression-test-prime/fhir-service-prime/src/2024-07-18/fhir-service.test.http"/>
        <property name="line" value="36"/>
        <property name="offset" value="40"/>
        <property name="errorType" value="TypeError"/>
        <property name="message" value="Cannot read properties of undefined (reading 'OperationOutcome')"/>
      </properties>
      <failure message="response.parsedBody.OperationOutcome.validationResults[0].valid == true" type="TypeError">{"message":"Cannot read properties of undefined (reading 'OperationOutcome')","name":"TypeError","stack":"TypeError: Cannot read properties of undefined (reading 'OperationOutcome')\n    at Object.userJS (/home/runner/work/docs.techbd.org/docs.techbd.org/assurance/1115-waiver/ahc-hrsn/screening/regression-test-prime/fhir-service-prime/src/2024-07-18/fhir-service.test.http:36:40)\n    at sr (/opt/hostedtoolcache/node/20.15.1/x64/lib/node_modules/httpyac/dist/index.js:119:2730)\n    at Object.qo [as evalExpression] (/opt/hostedtoolcache/node/20.15.1/x64/lib/node_modules/httpyac/dist/index.js:119:3298)\n    at Object.Ti [as action] (/opt/hostedtoolcache/node/20.15.1/x64/lib/node_modules/httpyac/dist/index.js:2:48801)\n    at At.trigger (/opt/hostedtoolcache/node/20.15.1/x64/lib/node_modules/httpyac/node_modules/hookpoint/dist/index.js:1:2889)\n    at process.processTicksAndRejections (node:internal/process/task_queues:95:5)\n    at async /opt/hostedtoolcache/node/20.15.1/x64/lib/node_modules/httpyac/dist/index.js:2:46879\n    at async /opt/hostedtoolcache/node/20.15.1/x64/lib/node_modules/httpyac/dist/index.js:2:40725\n    at async Object.action (/opt/hostedtoolcache/node/20.15.1/x64/lib/node_modules/httpyac/dist/index.js:2:46814)\n    at async n.trigger (/opt/hostedtoolcache/node/20.15.1/x64/lib/node_modules/httpyac/node_modules/hookpoint/dist/index.js:1:2872)"}</failure>
    </testcase>
  </testsuite>
  <testsuite name="/Bundle/$validate should validate AHCHRSNScreeningResponseExample.json with Content-Type application/json" tests="5" errors="0" failures="4" skipped="0" package="assurance/1115-waiver/ahc-hrsn/screening/regression-test-prime/fhir-service-prime/src/2024-07-18/fhir-service.test.http" time="0.303">
    <properties>
      <property name="title" value="/Bundle/$validate should validate AHCHRSNScreeningResponseExample.json with Content-Type application/json"/>
      <property name="line" value="39"/>
      <property name="timestamp" value="2024-07-18T14:30:40.910Z"/>
      <property name="file" value="assurance/1115-waiver/ahc-hrsn/screening/regression-test-prime/fhir-service-prime/src/2024-07-18/fhir-service.test.http"/>
    </properties>
    <testcase name="status == 200" classname="/Bundle/$validate should validate AHCHRSNScreeningResponseExample.json with Content-Type application/json" time="0.061" assertions="1">
      <properties>
        <property name="displayMessage" value="AssertionError [ERR_ASSERTION]: status (502) == 200 - /opt/hostedtoolcache/node/20.15.1/x64/lib/node_modules/httpyac/dist/index.js:2:47053"/>
        <property name="file" value="/opt/hostedtoolcache/node/20.15.1/x64/lib/node_modules/httpyac/dist/index.js"/>
        <property name="line" value="2"/>
        <property name="offset" value="47053"/>
        <property name="errorType" value="AssertionError [ERR_ASSERTION]"/>
        <property name="message" value="status (502) == 200"/>
      </properties>
      <failure message="status == 200" type="AssertionError [ERR_ASSERTION]">{"message":"status (502) == 200","name":"AssertionError","stack":"AssertionError [ERR_ASSERTION]: status (502) == 200\n    at /opt/hostedtoolcache/node/20.15.1/x64/lib/node_modules/httpyac/dist/index.js:2:47053\n    at process.processTicksAndRejections (node:internal/process/task_queues:95:5)\n    at async /opt/hostedtoolcache/node/20.15.1/x64/lib/node_modules/httpyac/dist/index.js:2:40725\n    at async Object.action (/opt/hostedtoolcache/node/20.15.1/x64/lib/node_modules/httpyac/dist/index.js:2:46814)\n    at async n.trigger (/opt/hostedtoolcache/node/20.15.1/x64/lib/node_modules/httpyac/node_modules/hookpoint/dist/index.js:1:2872)\n    at async cp (/opt/hostedtoolcache/node/20.15.1/x64/lib/node_modules/httpyac/dist/index.js:2:22407)\n    at async Object.action (/opt/hostedtoolcache/node/20.15.1/x64/lib/node_modules/httpyac/dist/index.js:2:20619)\n    at async n.trigger (/opt/hostedtoolcache/node/20.15.1/x64/lib/node_modules/httpyac/node_modules/hookpoint/dist/index.js:1:2872)\n    at async t.execute (/opt/hostedtoolcache/node/20.15.1/x64/lib/node_modules/httpyac/dist/index.js:2:53166)\n    at async cu (/opt/hostedtoolcache/node/20.15.1/x64/lib/node_modules/httpyac/dist/index.js:119:32241)"}</failure>
    </testcase>
    <testcase name="response.body != null" classname="/Bundle/$validate should validate AHCHRSNScreeningResponseExample.json with Content-Type application/json" time="0.061" assertions="1"/>
    <testcase name="response.parsedBody.OperationOutcome.resourceType == OperationOutcome" classname="/Bundle/$validate should validate AHCHRSNScreeningResponseExample.json with Content-Type application/json" time="0.061" assertions="1">
      <properties>
        <property name="displayMessage" value="TypeError: Cannot read properties of undefined (reading 'OperationOutcome') - Object.userJS (/home/runner/work/docs.techbd.org/docs.techbd.org/assurance/1115-waiver/ahc-hrsn/screening/regression-test-prime/fhir-service-prime/src/2024-07-18/fhir-service.test.http:47:40"/>
        <property name="file" value="Object.userJS (/home/runner/work/docs.techbd.org/docs.techbd.org/assurance/1115-waiver/ahc-hrsn/screening/regression-test-prime/fhir-service-prime/src/2024-07-18/fhir-service.test.http"/>
        <property name="line" value="47"/>
        <property name="offset" value="40"/>
        <property name="errorType" value="TypeError"/>
        <property name="message" value="Cannot read properties of undefined (reading 'OperationOutcome')"/>
      </properties>
      <failure message="response.parsedBody.OperationOutcome.resourceType == OperationOutcome" type="TypeError">{"message":"Cannot read properties of undefined (reading 'OperationOutcome')","name":"TypeError","stack":"TypeError: Cannot read properties of undefined (reading 'OperationOutcome')\n    at Object.userJS (/home/runner/work/docs.techbd.org/docs.techbd.org/assurance/1115-waiver/ahc-hrsn/screening/regression-test-prime/fhir-service-prime/src/2024-07-18/fhir-service.test.http:47:40)\n    at sr (/opt/hostedtoolcache/node/20.15.1/x64/lib/node_modules/httpyac/dist/index.js:119:2730)\n    at Object.qo [as evalExpression] (/opt/hostedtoolcache/node/20.15.1/x64/lib/node_modules/httpyac/dist/index.js:119:3298)\n    at Object.Ti [as action] (/opt/hostedtoolcache/node/20.15.1/x64/lib/node_modules/httpyac/dist/index.js:2:48801)\n    at At.trigger (/opt/hostedtoolcache/node/20.15.1/x64/lib/node_modules/httpyac/node_modules/hookpoint/dist/index.js:1:2889)\n    at process.processTicksAndRejections (node:internal/process/task_queues:95:5)\n    at async /opt/hostedtoolcache/node/20.15.1/x64/lib/node_modules/httpyac/dist/index.js:2:46879\n    at async /opt/hostedtoolcache/node/20.15.1/x64/lib/node_modules/httpyac/dist/index.js:2:40725\n    at async Object.action (/opt/hostedtoolcache/node/20.15.1/x64/lib/node_modules/httpyac/dist/index.js:2:46814)\n    at async n.trigger (/opt/hostedtoolcache/node/20.15.1/x64/lib/node_modules/httpyac/node_modules/hookpoint/dist/index.js:1:2872)"}</failure>
    </testcase>
    <testcase name="response.parsedBody.OperationOutcome.validationResults[0].operationOutcome.issue[0].severity == information" classname="/Bundle/$validate should validate AHCHRSNScreeningResponseExample.json with Content-Type application/json" time="0.061" assertions="1">
      <properties>
        <property name="displayMessage" value="TypeError: Cannot read properties of undefined (reading 'OperationOutcome') - Object.userJS (/home/runner/work/docs.techbd.org/docs.techbd.org/assurance/1115-waiver/ahc-hrsn/screening/regression-test-prime/fhir-service-prime/src/2024-07-18/fhir-service.test.http:48:40"/>
        <property name="file" value="Object.userJS (/home/runner/work/docs.techbd.org/docs.techbd.org/assurance/1115-waiver/ahc-hrsn/screening/regression-test-prime/fhir-service-prime/src/2024-07-18/fhir-service.test.http"/>
        <property name="line" value="48"/>
        <property name="offset" value="40"/>
        <property name="errorType" value="TypeError"/>
        <property name="message" value="Cannot read properties of undefined (reading 'OperationOutcome')"/>
      </properties>
      <failure message="response.parsedBody.OperationOutcome.validationResults[0].operationOutcome.issue[0].severity == information" type="TypeError">{"message":"Cannot read properties of undefined (reading 'OperationOutcome')","name":"TypeError","stack":"TypeError: Cannot read properties of undefined (reading 'OperationOutcome')\n    at Object.userJS (/home/runner/work/docs.techbd.org/docs.techbd.org/assurance/1115-waiver/ahc-hrsn/screening/regression-test-prime/fhir-service-prime/src/2024-07-18/fhir-service.test.http:48:40)\n    at sr (/opt/hostedtoolcache/node/20.15.1/x64/lib/node_modules/httpyac/dist/index.js:119:2730)\n    at Object.qo [as evalExpression] (/opt/hostedtoolcache/node/20.15.1/x64/lib/node_modules/httpyac/dist/index.js:119:3298)\n    at Object.Ti [as action] (/opt/hostedtoolcache/node/20.15.1/x64/lib/node_modules/httpyac/dist/index.js:2:48801)\n    at At.trigger (/opt/hostedtoolcache/node/20.15.1/x64/lib/node_modules/httpyac/node_modules/hookpoint/dist/index.js:1:2889)\n    at process.processTicksAndRejections (node:internal/process/task_queues:95:5)\n    at async /opt/hostedtoolcache/node/20.15.1/x64/lib/node_modules/httpyac/dist/index.js:2:46879\n    at async /opt/hostedtoolcache/node/20.15.1/x64/lib/node_modules/httpyac/dist/index.js:2:40725\n    at async Object.action (/opt/hostedtoolcache/node/20.15.1/x64/lib/node_modules/httpyac/dist/index.js:2:46814)\n    at async n.trigger (/opt/hostedtoolcache/node/20.15.1/x64/lib/node_modules/httpyac/node_modules/hookpoint/dist/index.js:1:2872)"}</failure>
    </testcase>
    <testcase name="response.parsedBody.OperationOutcome.validationResults[0].valid == true" classname="/Bundle/$validate should validate AHCHRSNScreeningResponseExample.json with Content-Type application/json" time="0.061" assertions="1">
      <properties>
        <property name="displayMessage" value="TypeError: Cannot read properties of undefined (reading 'OperationOutcome') - Object.userJS (/home/runner/work/docs.techbd.org/docs.techbd.org/assurance/1115-waiver/ahc-hrsn/screening/regression-test-prime/fhir-service-prime/src/2024-07-18/fhir-service.test.http:49:40"/>
        <property name="file" value="Object.userJS (/home/runner/work/docs.techbd.org/docs.techbd.org/assurance/1115-waiver/ahc-hrsn/screening/regression-test-prime/fhir-service-prime/src/2024-07-18/fhir-service.test.http"/>
        <property name="line" value="49"/>
        <property name="offset" value="40"/>
        <property name="errorType" value="TypeError"/>
        <property name="message" value="Cannot read properties of undefined (reading 'OperationOutcome')"/>
      </properties>
      <failure message="response.parsedBody.OperationOutcome.validationResults[0].valid == true" type="TypeError">{"message":"Cannot read properties of undefined (reading 'OperationOutcome')","name":"TypeError","stack":"TypeError: Cannot read properties of undefined (reading 'OperationOutcome')\n    at Object.userJS (/home/runner/work/docs.techbd.org/docs.techbd.org/assurance/1115-waiver/ahc-hrsn/screening/regression-test-prime/fhir-service-prime/src/2024-07-18/fhir-service.test.http:49:40)\n    at sr (/opt/hostedtoolcache/node/20.15.1/x64/lib/node_modules/httpyac/dist/index.js:119:2730)\n    at Object.qo [as evalExpression] (/opt/hostedtoolcache/node/20.15.1/x64/lib/node_modules/httpyac/dist/index.js:119:3298)\n    at Object.Ti [as action] (/opt/hostedtoolcache/node/20.15.1/x64/lib/node_modules/httpyac/dist/index.js:2:48801)\n    at At.trigger (/opt/hostedtoolcache/node/20.15.1/x64/lib/node_modules/httpyac/node_modules/hookpoint/dist/index.js:1:2889)\n    at process.processTicksAndRejections (node:internal/process/task_queues:95:5)\n    at async /opt/hostedtoolcache/node/20.15.1/x64/lib/node_modules/httpyac/dist/index.js:2:46879\n    at async /opt/hostedtoolcache/node/20.15.1/x64/lib/node_modules/httpyac/dist/index.js:2:40725\n    at async Object.action (/opt/hostedtoolcache/node/20.15.1/x64/lib/node_modules/httpyac/dist/index.js:2:46814)\n    at async n.trigger (/opt/hostedtoolcache/node/20.15.1/x64/lib/node_modules/httpyac/node_modules/hookpoint/dist/index.js:1:2872)"}</failure>
    </testcase>
  </testsuite>
  <testsuite name="/Bundle/$validate should validate NYScreeningResponseExample.json with Content-Type application/json" tests="5" errors="0" failures="4" skipped="0" package="assurance/1115-waiver/ahc-hrsn/screening/regression-test-prime/fhir-service-prime/src/2024-07-18/fhir-service.test.http" time="0.460">
    <properties>
      <property name="title" value="/Bundle/$validate should validate NYScreeningResponseExample.json with Content-Type application/json"/>
      <property name="line" value="53"/>
      <property name="timestamp" value="2024-07-18T14:30:41.213Z"/>
      <property name="file" value="assurance/1115-waiver/ahc-hrsn/screening/regression-test-prime/fhir-service-prime/src/2024-07-18/fhir-service.test.http"/>
    </properties>
    <testcase name="status == 200" classname="/Bundle/$validate should validate NYScreeningResponseExample.json with Content-Type application/json" time="0.092" assertions="1">
      <properties>
        <property name="displayMessage" value="AssertionError [ERR_ASSERTION]: status (502) == 200 - /opt/hostedtoolcache/node/20.15.1/x64/lib/node_modules/httpyac/dist/index.js:2:47053"/>
        <property name="file" value="/opt/hostedtoolcache/node/20.15.1/x64/lib/node_modules/httpyac/dist/index.js"/>
        <property name="line" value="2"/>
        <property name="offset" value="47053"/>
        <property name="errorType" value="AssertionError [ERR_ASSERTION]"/>
        <property name="message" value="status (502) == 200"/>
      </properties>
      <failure message="status == 200" type="AssertionError [ERR_ASSERTION]">{"message":"status (502) == 200","name":"AssertionError","stack":"AssertionError [ERR_ASSERTION]: status (502) == 200\n    at /opt/hostedtoolcache/node/20.15.1/x64/lib/node_modules/httpyac/dist/index.js:2:47053\n    at process.processTicksAndRejections (node:internal/process/task_queues:95:5)\n    at async /opt/hostedtoolcache/node/20.15.1/x64/lib/node_modules/httpyac/dist/index.js:2:40725\n    at async Object.action (/opt/hostedtoolcache/node/20.15.1/x64/lib/node_modules/httpyac/dist/index.js:2:46814)\n    at async n.trigger (/opt/hostedtoolcache/node/20.15.1/x64/lib/node_modules/httpyac/node_modules/hookpoint/dist/index.js:1:2872)\n    at async cp (/opt/hostedtoolcache/node/20.15.1/x64/lib/node_modules/httpyac/dist/index.js:2:22407)\n    at async Object.action (/opt/hostedtoolcache/node/20.15.1/x64/lib/node_modules/httpyac/dist/index.js:2:20619)\n    at async n.trigger (/opt/hostedtoolcache/node/20.15.1/x64/lib/node_modules/httpyac/node_modules/hookpoint/dist/index.js:1:2872)\n    at async t.execute (/opt/hostedtoolcache/node/20.15.1/x64/lib/node_modules/httpyac/dist/index.js:2:53166)\n    at async cu (/opt/hostedtoolcache/node/20.15.1/x64/lib/node_modules/httpyac/dist/index.js:119:32241)"}</failure>
    </testcase>
    <testcase name="response.body != null" classname="/Bundle/$validate should validate NYScreeningResponseExample.json with Content-Type application/json" time="0.092" assertions="1"/>
    <testcase name="response.parsedBody.OperationOutcome.resourceType == OperationOutcome" classname="/Bundle/$validate should validate NYScreeningResponseExample.json with Content-Type application/json" time="0.092" assertions="1">
      <properties>
        <property name="displayMessage" value="TypeError: Cannot read properties of undefined (reading 'OperationOutcome') - Object.userJS (/home/runner/work/docs.techbd.org/docs.techbd.org/assurance/1115-waiver/ahc-hrsn/screening/regression-test-prime/fhir-service-prime/src/2024-07-18/fhir-service.test.http:61:40"/>
        <property name="file" value="Object.userJS (/home/runner/work/docs.techbd.org/docs.techbd.org/assurance/1115-waiver/ahc-hrsn/screening/regression-test-prime/fhir-service-prime/src/2024-07-18/fhir-service.test.http"/>
        <property name="line" value="61"/>
        <property name="offset" value="40"/>
        <property name="errorType" value="TypeError"/>
        <property name="message" value="Cannot read properties of undefined (reading 'OperationOutcome')"/>
      </properties>
      <failure message="response.parsedBody.OperationOutcome.resourceType == OperationOutcome" type="TypeError">{"message":"Cannot read properties of undefined (reading 'OperationOutcome')","name":"TypeError","stack":"TypeError: Cannot read properties of undefined (reading 'OperationOutcome')\n    at Object.userJS (/home/runner/work/docs.techbd.org/docs.techbd.org/assurance/1115-waiver/ahc-hrsn/screening/regression-test-prime/fhir-service-prime/src/2024-07-18/fhir-service.test.http:61:40)\n    at sr (/opt/hostedtoolcache/node/20.15.1/x64/lib/node_modules/httpyac/dist/index.js:119:2730)\n    at Object.qo [as evalExpression] (/opt/hostedtoolcache/node/20.15.1/x64/lib/node_modules/httpyac/dist/index.js:119:3298)\n    at Object.Ti [as action] (/opt/hostedtoolcache/node/20.15.1/x64/lib/node_modules/httpyac/dist/index.js:2:48801)\n    at At.trigger (/opt/hostedtoolcache/node/20.15.1/x64/lib/node_modules/httpyac/node_modules/hookpoint/dist/index.js:1:2889)\n    at process.processTicksAndRejections (node:internal/process/task_queues:95:5)\n    at async /opt/hostedtoolcache/node/20.15.1/x64/lib/node_modules/httpyac/dist/index.js:2:46879\n    at async /opt/hostedtoolcache/node/20.15.1/x64/lib/node_modules/httpyac/dist/index.js:2:40725\n    at async Object.action (/opt/hostedtoolcache/node/20.15.1/x64/lib/node_modules/httpyac/dist/index.js:2:46814)\n    at async n.trigger (/opt/hostedtoolcache/node/20.15.1/x64/lib/node_modules/httpyac/node_modules/hookpoint/dist/index.js:1:2872)"}</failure>
    </testcase>
    <testcase name="response.parsedBody.OperationOutcome.validationResults[0].operationOutcome.issue[0].severity == information" classname="/Bundle/$validate should validate NYScreeningResponseExample.json with Content-Type application/json" time="0.092" assertions="1">
      <properties>
        <property name="displayMessage" value="TypeError: Cannot read properties of undefined (reading 'OperationOutcome') - Object.userJS (/home/runner/work/docs.techbd.org/docs.techbd.org/assurance/1115-waiver/ahc-hrsn/screening/regression-test-prime/fhir-service-prime/src/2024-07-18/fhir-service.test.http:62:40"/>
        <property name="file" value="Object.userJS (/home/runner/work/docs.techbd.org/docs.techbd.org/assurance/1115-waiver/ahc-hrsn/screening/regression-test-prime/fhir-service-prime/src/2024-07-18/fhir-service.test.http"/>
        <property name="line" value="62"/>
        <property name="offset" value="40"/>
        <property name="errorType" value="TypeError"/>
        <property name="message" value="Cannot read properties of undefined (reading 'OperationOutcome')"/>
      </properties>
      <failure message="response.parsedBody.OperationOutcome.validationResults[0].operationOutcome.issue[0].severity == information" type="TypeError">{"message":"Cannot read properties of undefined (reading 'OperationOutcome')","name":"TypeError","stack":"TypeError: Cannot read properties of undefined (reading 'OperationOutcome')\n    at Object.userJS (/home/runner/work/docs.techbd.org/docs.techbd.org/assurance/1115-waiver/ahc-hrsn/screening/regression-test-prime/fhir-service-prime/src/2024-07-18/fhir-service.test.http:62:40)\n    at sr (/opt/hostedtoolcache/node/20.15.1/x64/lib/node_modules/httpyac/dist/index.js:119:2730)\n    at Object.qo [as evalExpression] (/opt/hostedtoolcache/node/20.15.1/x64/lib/node_modules/httpyac/dist/index.js:119:3298)\n    at Object.Ti [as action] (/opt/hostedtoolcache/node/20.15.1/x64/lib/node_modules/httpyac/dist/index.js:2:48801)\n    at At.trigger (/opt/hostedtoolcache/node/20.15.1/x64/lib/node_modules/httpyac/node_modules/hookpoint/dist/index.js:1:2889)\n    at process.processTicksAndRejections (node:internal/process/task_queues:95:5)\n    at async /opt/hostedtoolcache/node/20.15.1/x64/lib/node_modules/httpyac/dist/index.js:2:46879\n    at async /opt/hostedtoolcache/node/20.15.1/x64/lib/node_modules/httpyac/dist/index.js:2:40725\n    at async Object.action (/opt/hostedtoolcache/node/20.15.1/x64/lib/node_modules/httpyac/dist/index.js:2:46814)\n    at async n.trigger (/opt/hostedtoolcache/node/20.15.1/x64/lib/node_modules/httpyac/node_modules/hookpoint/dist/index.js:1:2872)"}</failure>
    </testcase>
    <testcase name="response.parsedBody.OperationOutcome.validationResults[0].valid == true" classname="/Bundle/$validate should validate NYScreeningResponseExample.json with Content-Type application/json" time="0.092" assertions="1">
      <properties>
        <property name="displayMessage" value="TypeError: Cannot read properties of undefined (reading 'OperationOutcome') - Object.userJS (/home/runner/work/docs.techbd.org/docs.techbd.org/assurance/1115-waiver/ahc-hrsn/screening/regression-test-prime/fhir-service-prime/src/2024-07-18/fhir-service.test.http:63:40"/>
        <property name="file" value="Object.userJS (/home/runner/work/docs.techbd.org/docs.techbd.org/assurance/1115-waiver/ahc-hrsn/screening/regression-test-prime/fhir-service-prime/src/2024-07-18/fhir-service.test.http"/>
        <property name="line" value="63"/>
        <property name="offset" value="40"/>
        <property name="errorType" value="TypeError"/>
        <property name="message" value="Cannot read properties of undefined (reading 'OperationOutcome')"/>
      </properties>
      <failure message="response.parsedBody.OperationOutcome.validationResults[0].valid == true" type="TypeError">{"message":"Cannot read properties of undefined (reading 'OperationOutcome')","name":"TypeError","stack":"TypeError: Cannot read properties of undefined (reading 'OperationOutcome')\n    at Object.userJS (/home/runner/work/docs.techbd.org/docs.techbd.org/assurance/1115-waiver/ahc-hrsn/screening/regression-test-prime/fhir-service-prime/src/2024-07-18/fhir-service.test.http:63:40)\n    at sr (/opt/hostedtoolcache/node/20.15.1/x64/lib/node_modules/httpyac/dist/index.js:119:2730)\n    at Object.qo [as evalExpression] (/opt/hostedtoolcache/node/20.15.1/x64/lib/node_modules/httpyac/dist/index.js:119:3298)\n    at Object.Ti [as action] (/opt/hostedtoolcache/node/20.15.1/x64/lib/node_modules/httpyac/dist/index.js:2:48801)\n    at At.trigger (/opt/hostedtoolcache/node/20.15.1/x64/lib/node_modules/httpyac/node_modules/hookpoint/dist/index.js:1:2889)\n    at process.processTicksAndRejections (node:internal/process/task_queues:95:5)\n    at async /opt/hostedtoolcache/node/20.15.1/x64/lib/node_modules/httpyac/dist/index.js:2:46879\n    at async /opt/hostedtoolcache/node/20.15.1/x64/lib/node_modules/httpyac/dist/index.js:2:40725\n    at async Object.action (/opt/hostedtoolcache/node/20.15.1/x64/lib/node_modules/httpyac/dist/index.js:2:46814)\n    at async n.trigger (/opt/hostedtoolcache/node/20.15.1/x64/lib/node_modules/httpyac/node_modules/hookpoint/dist/index.js:1:2872)"}</failure>
    </testcase>
  </testsuite>
  <testsuite name="/Bundle/$validate should validate ServiceRequestExample.json with Content-Type application/json" tests="5" errors="0" failures="4" skipped="0" package="assurance/1115-waiver/ahc-hrsn/screening/regression-test-prime/fhir-service-prime/src/2024-07-18/fhir-service.test.http" time="0.368">
    <properties>
      <property name="title" value="/Bundle/$validate should validate ServiceRequestExample.json with Content-Type application/json"/>
      <property name="line" value="67"/>
      <property name="timestamp" value="2024-07-18T14:30:41.673Z"/>
      <property name="file" value="assurance/1115-waiver/ahc-hrsn/screening/regression-test-prime/fhir-service-prime/src/2024-07-18/fhir-service.test.http"/>
    </properties>
    <testcase name="status == 200" classname="/Bundle/$validate should validate ServiceRequestExample.json with Content-Type application/json" time="0.074" assertions="1">
      <properties>
        <property name="displayMessage" value="AssertionError [ERR_ASSERTION]: status (502) == 200 - /opt/hostedtoolcache/node/20.15.1/x64/lib/node_modules/httpyac/dist/index.js:2:47053"/>
        <property name="file" value="/opt/hostedtoolcache/node/20.15.1/x64/lib/node_modules/httpyac/dist/index.js"/>
        <property name="line" value="2"/>
        <property name="offset" value="47053"/>
        <property name="errorType" value="AssertionError [ERR_ASSERTION]"/>
        <property name="message" value="status (502) == 200"/>
      </properties>
      <failure message="status == 200" type="AssertionError [ERR_ASSERTION]">{"message":"status (502) == 200","name":"AssertionError","stack":"AssertionError [ERR_ASSERTION]: status (502) == 200\n    at /opt/hostedtoolcache/node/20.15.1/x64/lib/node_modules/httpyac/dist/index.js:2:47053\n    at process.processTicksAndRejections (node:internal/process/task_queues:95:5)\n    at async /opt/hostedtoolcache/node/20.15.1/x64/lib/node_modules/httpyac/dist/index.js:2:40725\n    at async Object.action (/opt/hostedtoolcache/node/20.15.1/x64/lib/node_modules/httpyac/dist/index.js:2:46814)\n    at async n.trigger (/opt/hostedtoolcache/node/20.15.1/x64/lib/node_modules/httpyac/node_modules/hookpoint/dist/index.js:1:2872)\n    at async cp (/opt/hostedtoolcache/node/20.15.1/x64/lib/node_modules/httpyac/dist/index.js:2:22407)\n    at async Object.action (/opt/hostedtoolcache/node/20.15.1/x64/lib/node_modules/httpyac/dist/index.js:2:20619)\n    at async n.trigger (/opt/hostedtoolcache/node/20.15.1/x64/lib/node_modules/httpyac/node_modules/hookpoint/dist/index.js:1:2872)\n    at async t.execute (/opt/hostedtoolcache/node/20.15.1/x64/lib/node_modules/httpyac/dist/index.js:2:53166)\n    at async cu (/opt/hostedtoolcache/node/20.15.1/x64/lib/node_modules/httpyac/dist/index.js:119:32241)"}</failure>
    </testcase>
    <testcase name="response.body != null" classname="/Bundle/$validate should validate ServiceRequestExample.json with Content-Type application/json" time="0.074" assertions="1"/>
    <testcase name="response.parsedBody.OperationOutcome.resourceType == OperationOutcome" classname="/Bundle/$validate should validate ServiceRequestExample.json with Content-Type application/json" time="0.074" assertions="1">
      <properties>
        <property name="displayMessage" value="TypeError: Cannot read properties of undefined (reading 'OperationOutcome') - Object.userJS (/home/runner/work/docs.techbd.org/docs.techbd.org/assurance/1115-waiver/ahc-hrsn/screening/regression-test-prime/fhir-service-prime/src/2024-07-18/fhir-service.test.http:75:40"/>
        <property name="file" value="Object.userJS (/home/runner/work/docs.techbd.org/docs.techbd.org/assurance/1115-waiver/ahc-hrsn/screening/regression-test-prime/fhir-service-prime/src/2024-07-18/fhir-service.test.http"/>
        <property name="line" value="75"/>
        <property name="offset" value="40"/>
        <property name="errorType" value="TypeError"/>
        <property name="message" value="Cannot read properties of undefined (reading 'OperationOutcome')"/>
      </properties>
      <failure message="response.parsedBody.OperationOutcome.resourceType == OperationOutcome" type="TypeError">{"message":"Cannot read properties of undefined (reading 'OperationOutcome')","name":"TypeError","stack":"TypeError: Cannot read properties of undefined (reading 'OperationOutcome')\n    at Object.userJS (/home/runner/work/docs.techbd.org/docs.techbd.org/assurance/1115-waiver/ahc-hrsn/screening/regression-test-prime/fhir-service-prime/src/2024-07-18/fhir-service.test.http:75:40)\n    at sr (/opt/hostedtoolcache/node/20.15.1/x64/lib/node_modules/httpyac/dist/index.js:119:2730)\n    at Object.qo [as evalExpression] (/opt/hostedtoolcache/node/20.15.1/x64/lib/node_modules/httpyac/dist/index.js:119:3298)\n    at Object.Ti [as action] (/opt/hostedtoolcache/node/20.15.1/x64/lib/node_modules/httpyac/dist/index.js:2:48801)\n    at At.trigger (/opt/hostedtoolcache/node/20.15.1/x64/lib/node_modules/httpyac/node_modules/hookpoint/dist/index.js:1:2889)\n    at process.processTicksAndRejections (node:internal/process/task_queues:95:5)\n    at async /opt/hostedtoolcache/node/20.15.1/x64/lib/node_modules/httpyac/dist/index.js:2:46879\n    at async /opt/hostedtoolcache/node/20.15.1/x64/lib/node_modules/httpyac/dist/index.js:2:40725\n    at async Object.action (/opt/hostedtoolcache/node/20.15.1/x64/lib/node_modules/httpyac/dist/index.js:2:46814)\n    at async n.trigger (/opt/hostedtoolcache/node/20.15.1/x64/lib/node_modules/httpyac/node_modules/hookpoint/dist/index.js:1:2872)"}</failure>
    </testcase>
    <testcase name="response.parsedBody.OperationOutcome.validationResults[0].operationOutcome.issue[0].severity == information" classname="/Bundle/$validate should validate ServiceRequestExample.json with Content-Type application/json" time="0.074" assertions="1">
      <properties>
        <property name="displayMessage" value="TypeError: Cannot read properties of undefined (reading 'OperationOutcome') - Object.userJS (/home/runner/work/docs.techbd.org/docs.techbd.org/assurance/1115-waiver/ahc-hrsn/screening/regression-test-prime/fhir-service-prime/src/2024-07-18/fhir-service.test.http:76:40"/>
        <property name="file" value="Object.userJS (/home/runner/work/docs.techbd.org/docs.techbd.org/assurance/1115-waiver/ahc-hrsn/screening/regression-test-prime/fhir-service-prime/src/2024-07-18/fhir-service.test.http"/>
        <property name="line" value="76"/>
        <property name="offset" value="40"/>
        <property name="errorType" value="TypeError"/>
        <property name="message" value="Cannot read properties of undefined (reading 'OperationOutcome')"/>
      </properties>
      <failure message="response.parsedBody.OperationOutcome.validationResults[0].operationOutcome.issue[0].severity == information" type="TypeError">{"message":"Cannot read properties of undefined (reading 'OperationOutcome')","name":"TypeError","stack":"TypeError: Cannot read properties of undefined (reading 'OperationOutcome')\n    at Object.userJS (/home/runner/work/docs.techbd.org/docs.techbd.org/assurance/1115-waiver/ahc-hrsn/screening/regression-test-prime/fhir-service-prime/src/2024-07-18/fhir-service.test.http:76:40)\n    at sr (/opt/hostedtoolcache/node/20.15.1/x64/lib/node_modules/httpyac/dist/index.js:119:2730)\n    at Object.qo [as evalExpression] (/opt/hostedtoolcache/node/20.15.1/x64/lib/node_modules/httpyac/dist/index.js:119:3298)\n    at Object.Ti [as action] (/opt/hostedtoolcache/node/20.15.1/x64/lib/node_modules/httpyac/dist/index.js:2:48801)\n    at At.trigger (/opt/hostedtoolcache/node/20.15.1/x64/lib/node_modules/httpyac/node_modules/hookpoint/dist/index.js:1:2889)\n    at process.processTicksAndRejections (node:internal/process/task_queues:95:5)\n    at async /opt/hostedtoolcache/node/20.15.1/x64/lib/node_modules/httpyac/dist/index.js:2:46879\n    at async /opt/hostedtoolcache/node/20.15.1/x64/lib/node_modules/httpyac/dist/index.js:2:40725\n    at async Object.action (/opt/hostedtoolcache/node/20.15.1/x64/lib/node_modules/httpyac/dist/index.js:2:46814)\n    at async n.trigger (/opt/hostedtoolcache/node/20.15.1/x64/lib/node_modules/httpyac/node_modules/hookpoint/dist/index.js:1:2872)"}</failure>
    </testcase>
    <testcase name="response.parsedBody.OperationOutcome.validationResults[0].valid == true" classname="/Bundle/$validate should validate ServiceRequestExample.json with Content-Type application/json" time="0.074" assertions="1">
      <properties>
        <property name="displayMessage" value="TypeError: Cannot read properties of undefined (reading 'OperationOutcome') - Object.userJS (/home/runner/work/docs.techbd.org/docs.techbd.org/assurance/1115-waiver/ahc-hrsn/screening/regression-test-prime/fhir-service-prime/src/2024-07-18/fhir-service.test.http:77:40"/>
        <property name="file" value="Object.userJS (/home/runner/work/docs.techbd.org/docs.techbd.org/assurance/1115-waiver/ahc-hrsn/screening/regression-test-prime/fhir-service-prime/src/2024-07-18/fhir-service.test.http"/>
        <property name="line" value="77"/>
        <property name="offset" value="40"/>
        <property name="errorType" value="TypeError"/>
        <property name="message" value="Cannot read properties of undefined (reading 'OperationOutcome')"/>
      </properties>
      <failure message="response.parsedBody.OperationOutcome.validationResults[0].valid == true" type="TypeError">{"message":"Cannot read properties of undefined (reading 'OperationOutcome')","name":"TypeError","stack":"TypeError: Cannot read properties of undefined (reading 'OperationOutcome')\n    at Object.userJS (/home/runner/work/docs.techbd.org/docs.techbd.org/assurance/1115-waiver/ahc-hrsn/screening/regression-test-prime/fhir-service-prime/src/2024-07-18/fhir-service.test.http:77:40)\n    at sr (/opt/hostedtoolcache/node/20.15.1/x64/lib/node_modules/httpyac/dist/index.js:119:2730)\n    at Object.qo [as evalExpression] (/opt/hostedtoolcache/node/20.15.1/x64/lib/node_modules/httpyac/dist/index.js:119:3298)\n    at Object.Ti [as action] (/opt/hostedtoolcache/node/20.15.1/x64/lib/node_modules/httpyac/dist/index.js:2:48801)\n    at At.trigger (/opt/hostedtoolcache/node/20.15.1/x64/lib/node_modules/httpyac/node_modules/hookpoint/dist/index.js:1:2889)\n    at process.processTicksAndRejections (node:internal/process/task_queues:95:5)\n    at async /opt/hostedtoolcache/node/20.15.1/x64/lib/node_modules/httpyac/dist/index.js:2:46879\n    at async /opt/hostedtoolcache/node/20.15.1/x64/lib/node_modules/httpyac/dist/index.js:2:40725\n    at async Object.action (/opt/hostedtoolcache/node/20.15.1/x64/lib/node_modules/httpyac/dist/index.js:2:46814)\n    at async n.trigger (/opt/hostedtoolcache/node/20.15.1/x64/lib/node_modules/httpyac/node_modules/hookpoint/dist/index.js:1:2872)"}</failure>
    </testcase>
  </testsuite>
  <testsuite name="/Bundle/$validate should validate TaskCompletedExample.json with Content-Type application/json" tests="6" errors="0" failures="5" skipped="0" package="assurance/1115-waiver/ahc-hrsn/screening/regression-test-prime/fhir-service-prime/src/2024-07-18/fhir-service.test.http" time="0.299">
    <properties>
      <property name="title" value="/Bundle/$validate should validate TaskCompletedExample.json with Content-Type application/json"/>
      <property name="line" value="80"/>
      <property name="timestamp" value="2024-07-18T14:30:42.042Z"/>
      <property name="file" value="assurance/1115-waiver/ahc-hrsn/screening/regression-test-prime/fhir-service-prime/src/2024-07-18/fhir-service.test.http"/>
    </properties>
    <testcase name="status == 200" classname="/Bundle/$validate should validate TaskCompletedExample.json with Content-Type application/json" time="0.050" assertions="1">
      <properties>
        <property name="displayMessage" value="AssertionError [ERR_ASSERTION]: status (502) == 200 - /opt/hostedtoolcache/node/20.15.1/x64/lib/node_modules/httpyac/dist/index.js:2:47053"/>
        <property name="file" value="/opt/hostedtoolcache/node/20.15.1/x64/lib/node_modules/httpyac/dist/index.js"/>
        <property name="line" value="2"/>
        <property name="offset" value="47053"/>
        <property name="errorType" value="AssertionError [ERR_ASSERTION]"/>
        <property name="message" value="status (502) == 200"/>
      </properties>
      <failure message="status == 200" type="AssertionError [ERR_ASSERTION]">{"message":"status (502) == 200","name":"AssertionError","stack":"AssertionError [ERR_ASSERTION]: status (502) == 200\n    at /opt/hostedtoolcache/node/20.15.1/x64/lib/node_modules/httpyac/dist/index.js:2:47053\n    at process.processTicksAndRejections (node:internal/process/task_queues:95:5)\n    at async /opt/hostedtoolcache/node/20.15.1/x64/lib/node_modules/httpyac/dist/index.js:2:40725\n    at async Object.action (/opt/hostedtoolcache/node/20.15.1/x64/lib/node_modules/httpyac/dist/index.js:2:46814)\n    at async n.trigger (/opt/hostedtoolcache/node/20.15.1/x64/lib/node_modules/httpyac/node_modules/hookpoint/dist/index.js:1:2872)\n    at async cp (/opt/hostedtoolcache/node/20.15.1/x64/lib/node_modules/httpyac/dist/index.js:2:22407)\n    at async Object.action (/opt/hostedtoolcache/node/20.15.1/x64/lib/node_modules/httpyac/dist/index.js:2:20619)\n    at async n.trigger (/opt/hostedtoolcache/node/20.15.1/x64/lib/node_modules/httpyac/node_modules/hookpoint/dist/index.js:1:2872)\n    at async t.execute (/opt/hostedtoolcache/node/20.15.1/x64/lib/node_modules/httpyac/dist/index.js:2:53166)\n    at async cu (/opt/hostedtoolcache/node/20.15.1/x64/lib/node_modules/httpyac/dist/index.js:119:32241)"}</failure>
    </testcase>
    <testcase name="response.body != null" classname="/Bundle/$validate should validate TaskCompletedExample.json with Content-Type application/json" time="0.050" assertions="1"/>
    <testcase name="response.parsedBody.OperationOutcome.resourceType == OperationOutcome" classname="/Bundle/$validate should validate TaskCompletedExample.json with Content-Type application/json" time="0.050" assertions="1">
      <properties>
        <property name="displayMessage" value="TypeError: Cannot read properties of undefined (reading 'OperationOutcome') - Object.userJS (/home/runner/work/docs.techbd.org/docs.techbd.org/assurance/1115-waiver/ahc-hrsn/screening/regression-test-prime/fhir-service-prime/src/2024-07-18/fhir-service.test.http:88:40"/>
        <property name="file" value="Object.userJS (/home/runner/work/docs.techbd.org/docs.techbd.org/assurance/1115-waiver/ahc-hrsn/screening/regression-test-prime/fhir-service-prime/src/2024-07-18/fhir-service.test.http"/>
        <property name="line" value="88"/>
        <property name="offset" value="40"/>
        <property name="errorType" value="TypeError"/>
        <property name="message" value="Cannot read properties of undefined (reading 'OperationOutcome')"/>
      </properties>
      <failure message="response.parsedBody.OperationOutcome.resourceType == OperationOutcome" type="TypeError">{"message":"Cannot read properties of undefined (reading 'OperationOutcome')","name":"TypeError","stack":"TypeError: Cannot read properties of undefined (reading 'OperationOutcome')\n    at Object.userJS (/home/runner/work/docs.techbd.org/docs.techbd.org/assurance/1115-waiver/ahc-hrsn/screening/regression-test-prime/fhir-service-prime/src/2024-07-18/fhir-service.test.http:88:40)\n    at sr (/opt/hostedtoolcache/node/20.15.1/x64/lib/node_modules/httpyac/dist/index.js:119:2730)\n    at Object.qo [as evalExpression] (/opt/hostedtoolcache/node/20.15.1/x64/lib/node_modules/httpyac/dist/index.js:119:3298)\n    at Object.Ti [as action] (/opt/hostedtoolcache/node/20.15.1/x64/lib/node_modules/httpyac/dist/index.js:2:48801)\n    at At.trigger (/opt/hostedtoolcache/node/20.15.1/x64/lib/node_modules/httpyac/node_modules/hookpoint/dist/index.js:1:2889)\n    at process.processTicksAndRejections (node:internal/process/task_queues:95:5)\n    at async /opt/hostedtoolcache/node/20.15.1/x64/lib/node_modules/httpyac/dist/index.js:2:46879\n    at async /opt/hostedtoolcache/node/20.15.1/x64/lib/node_modules/httpyac/dist/index.js:2:40725\n    at async Object.action (/opt/hostedtoolcache/node/20.15.1/x64/lib/node_modules/httpyac/dist/index.js:2:46814)\n    at async n.trigger (/opt/hostedtoolcache/node/20.15.1/x64/lib/node_modules/httpyac/node_modules/hookpoint/dist/index.js:1:2872)"}</failure>
    </testcase>
    <testcase name="response.parsedBody.OperationOutcome.validationResults[0].issues[0].severity == FATAL" classname="/Bundle/$validate should validate TaskCompletedExample.json with Content-Type application/json" time="0.050" assertions="1">
      <properties>
        <property name="displayMessage" value="TypeError: Cannot read properties of undefined (reading 'OperationOutcome') - Object.userJS (/home/runner/work/docs.techbd.org/docs.techbd.org/assurance/1115-waiver/ahc-hrsn/screening/regression-test-prime/fhir-service-prime/src/2024-07-18/fhir-service.test.http:89:40"/>
        <property name="file" value="Object.userJS (/home/runner/work/docs.techbd.org/docs.techbd.org/assurance/1115-waiver/ahc-hrsn/screening/regression-test-prime/fhir-service-prime/src/2024-07-18/fhir-service.test.http"/>
        <property name="line" value="89"/>
        <property name="offset" value="40"/>
        <property name="errorType" value="TypeError"/>
        <property name="message" value="Cannot read properties of undefined (reading 'OperationOutcome')"/>
      </properties>
      <failure message="response.parsedBody.OperationOutcome.validationResults[0].issues[0].severity == FATAL" type="TypeError">{"message":"Cannot read properties of undefined (reading 'OperationOutcome')","name":"TypeError","stack":"TypeError: Cannot read properties of undefined (reading 'OperationOutcome')\n    at Object.userJS (/home/runner/work/docs.techbd.org/docs.techbd.org/assurance/1115-waiver/ahc-hrsn/screening/regression-test-prime/fhir-service-prime/src/2024-07-18/fhir-service.test.http:89:40)\n    at sr (/opt/hostedtoolcache/node/20.15.1/x64/lib/node_modules/httpyac/dist/index.js:119:2730)\n    at Object.qo [as evalExpression] (/opt/hostedtoolcache/node/20.15.1/x64/lib/node_modules/httpyac/dist/index.js:119:3298)\n    at Object.Ti [as action] (/opt/hostedtoolcache/node/20.15.1/x64/lib/node_modules/httpyac/dist/index.js:2:48801)\n    at At.trigger (/opt/hostedtoolcache/node/20.15.1/x64/lib/node_modules/httpyac/node_modules/hookpoint/dist/index.js:1:2889)\n    at process.processTicksAndRejections (node:internal/process/task_queues:95:5)\n    at async /opt/hostedtoolcache/node/20.15.1/x64/lib/node_modules/httpyac/dist/index.js:2:46879\n    at async /opt/hostedtoolcache/node/20.15.1/x64/lib/node_modules/httpyac/dist/index.js:2:40725\n    at async Object.action (/opt/hostedtoolcache/node/20.15.1/x64/lib/node_modules/httpyac/dist/index.js:2:46814)\n    at async n.trigger (/opt/hostedtoolcache/node/20.15.1/x64/lib/node_modules/httpyac/node_modules/hookpoint/dist/index.js:1:2872)"}</failure>
    </testcase>
    <testcase name="response.parsedBody.OperationOutcome.validationResults[0].issues[0].location.line == null" classname="/Bundle/$validate should validate TaskCompletedExample.json with Content-Type application/json" time="0.050" assertions="1">
      <properties>
        <property name="displayMessage" value="TypeError: Cannot read properties of undefined (reading 'OperationOutcome') - Object.userJS (/home/runner/work/docs.techbd.org/docs.techbd.org/assurance/1115-waiver/ahc-hrsn/screening/regression-test-prime/fhir-service-prime/src/2024-07-18/fhir-service.test.http:90:40"/>
        <property name="file" value="Object.userJS (/home/runner/work/docs.techbd.org/docs.techbd.org/assurance/1115-waiver/ahc-hrsn/screening/regression-test-prime/fhir-service-prime/src/2024-07-18/fhir-service.test.http"/>
        <property name="line" value="90"/>
        <property name="offset" value="40"/>
        <property name="errorType" value="TypeError"/>
        <property name="message" value="Cannot read properties of undefined (reading 'OperationOutcome')"/>
      </properties>
      <failure message="response.parsedBody.OperationOutcome.validationResults[0].issues[0].location.line == null" type="TypeError">{"message":"Cannot read properties of undefined (reading 'OperationOutcome')","name":"TypeError","stack":"TypeError: Cannot read properties of undefined (reading 'OperationOutcome')\n    at Object.userJS (/home/runner/work/docs.techbd.org/docs.techbd.org/assurance/1115-waiver/ahc-hrsn/screening/regression-test-prime/fhir-service-prime/src/2024-07-18/fhir-service.test.http:90:40)\n    at sr (/opt/hostedtoolcache/node/20.15.1/x64/lib/node_modules/httpyac/dist/index.js:119:2730)\n    at Object.qo [as evalExpression] (/opt/hostedtoolcache/node/20.15.1/x64/lib/node_modules/httpyac/dist/index.js:119:3298)\n    at Object.Ti [as action] (/opt/hostedtoolcache/node/20.15.1/x64/lib/node_modules/httpyac/dist/index.js:2:48801)\n    at At.trigger (/opt/hostedtoolcache/node/20.15.1/x64/lib/node_modules/httpyac/node_modules/hookpoint/dist/index.js:1:2889)\n    at process.processTicksAndRejections (node:internal/process/task_queues:95:5)\n    at async /opt/hostedtoolcache/node/20.15.1/x64/lib/node_modules/httpyac/dist/index.js:2:46879\n    at async /opt/hostedtoolcache/node/20.15.1/x64/lib/node_modules/httpyac/dist/index.js:2:40725\n    at async Object.action (/opt/hostedtoolcache/node/20.15.1/x64/lib/node_modules/httpyac/dist/index.js:2:46814)\n    at async n.trigger (/opt/hostedtoolcache/node/20.15.1/x64/lib/node_modules/httpyac/node_modules/hookpoint/dist/index.js:1:2872)"}</failure>
    </testcase>
    <testcase name="response.parsedBody.OperationOutcome.validationResults[0].issues[0].location.column == null" classname="/Bundle/$validate should validate TaskCompletedExample.json with Content-Type application/json" time="0.050" assertions="1">
      <properties>
        <property name="displayMessage" value="TypeError: Cannot read properties of undefined (reading 'OperationOutcome') - Object.userJS (/home/runner/work/docs.techbd.org/docs.techbd.org/assurance/1115-waiver/ahc-hrsn/screening/regression-test-prime/fhir-service-prime/src/2024-07-18/fhir-service.test.http:91:40"/>
        <property name="file" value="Object.userJS (/home/runner/work/docs.techbd.org/docs.techbd.org/assurance/1115-waiver/ahc-hrsn/screening/regression-test-prime/fhir-service-prime/src/2024-07-18/fhir-service.test.http"/>
        <property name="line" value="91"/>
        <property name="offset" value="40"/>
        <property name="errorType" value="TypeError"/>
        <property name="message" value="Cannot read properties of undefined (reading 'OperationOutcome')"/>
      </properties>
      <failure message="response.parsedBody.OperationOutcome.validationResults[0].issues[0].location.column == null" type="TypeError">{"message":"Cannot read properties of undefined (reading 'OperationOutcome')","name":"TypeError","stack":"TypeError: Cannot read properties of undefined (reading 'OperationOutcome')\n    at Object.userJS (/home/runner/work/docs.techbd.org/docs.techbd.org/assurance/1115-waiver/ahc-hrsn/screening/regression-test-prime/fhir-service-prime/src/2024-07-18/fhir-service.test.http:91:40)\n    at sr (/opt/hostedtoolcache/node/20.15.1/x64/lib/node_modules/httpyac/dist/index.js:119:2730)\n    at Object.qo [as evalExpression] (/opt/hostedtoolcache/node/20.15.1/x64/lib/node_modules/httpyac/dist/index.js:119:3298)\n    at Object.Ti [as action] (/opt/hostedtoolcache/node/20.15.1/x64/lib/node_modules/httpyac/dist/index.js:2:48801)\n    at At.trigger (/opt/hostedtoolcache/node/20.15.1/x64/lib/node_modules/httpyac/node_modules/hookpoint/dist/index.js:1:2889)\n    at process.processTicksAndRejections (node:internal/process/task_queues:95:5)\n    at async /opt/hostedtoolcache/node/20.15.1/x64/lib/node_modules/httpyac/dist/index.js:2:46879\n    at async /opt/hostedtoolcache/node/20.15.1/x64/lib/node_modules/httpyac/dist/index.js:2:40725\n    at async Object.action (/opt/hostedtoolcache/node/20.15.1/x64/lib/node_modules/httpyac/dist/index.js:2:46814)\n    at async n.trigger (/opt/hostedtoolcache/node/20.15.1/x64/lib/node_modules/httpyac/node_modules/hookpoint/dist/index.js:1:2872)"}</failure>
    </testcase>
  </testsuite>
  <testsuite name="/Bundle/$validate should validate TaskExample.json with Content-Type application/json" tests="5" errors="0" failures="4" skipped="0" package="assurance/1115-waiver/ahc-hrsn/screening/regression-test-prime/fhir-service-prime/src/2024-07-18/fhir-service.test.http" time="0.360">
    <properties>
      <property name="title" value="/Bundle/$validate should validate TaskExample.json with Content-Type application/json"/>
      <property name="line" value="94"/>
      <property name="timestamp" value="2024-07-18T14:30:42.341Z"/>
      <property name="file" value="assurance/1115-waiver/ahc-hrsn/screening/regression-test-prime/fhir-service-prime/src/2024-07-18/fhir-service.test.http"/>
    </properties>
    <testcase name="status == 200" classname="/Bundle/$validate should validate TaskExample.json with Content-Type application/json" time="0.072" assertions="1">
      <properties>
        <property name="displayMessage" value="AssertionError [ERR_ASSERTION]: status (502) == 200 - /opt/hostedtoolcache/node/20.15.1/x64/lib/node_modules/httpyac/dist/index.js:2:47053"/>
        <property name="file" value="/opt/hostedtoolcache/node/20.15.1/x64/lib/node_modules/httpyac/dist/index.js"/>
        <property name="line" value="2"/>
        <property name="offset" value="47053"/>
        <property name="errorType" value="AssertionError [ERR_ASSERTION]"/>
        <property name="message" value="status (502) == 200"/>
      </properties>
      <failure message="status == 200" type="AssertionError [ERR_ASSERTION]">{"message":"status (502) == 200","name":"AssertionError","stack":"AssertionError [ERR_ASSERTION]: status (502) == 200\n    at /opt/hostedtoolcache/node/20.15.1/x64/lib/node_modules/httpyac/dist/index.js:2:47053\n    at process.processTicksAndRejections (node:internal/process/task_queues:95:5)\n    at async /opt/hostedtoolcache/node/20.15.1/x64/lib/node_modules/httpyac/dist/index.js:2:40725\n    at async Object.action (/opt/hostedtoolcache/node/20.15.1/x64/lib/node_modules/httpyac/dist/index.js:2:46814)\n    at async n.trigger (/opt/hostedtoolcache/node/20.15.1/x64/lib/node_modules/httpyac/node_modules/hookpoint/dist/index.js:1:2872)\n    at async cp (/opt/hostedtoolcache/node/20.15.1/x64/lib/node_modules/httpyac/dist/index.js:2:22407)\n    at async Object.action (/opt/hostedtoolcache/node/20.15.1/x64/lib/node_modules/httpyac/dist/index.js:2:20619)\n    at async n.trigger (/opt/hostedtoolcache/node/20.15.1/x64/lib/node_modules/httpyac/node_modules/hookpoint/dist/index.js:1:2872)\n    at async t.execute (/opt/hostedtoolcache/node/20.15.1/x64/lib/node_modules/httpyac/dist/index.js:2:53166)\n    at async cu (/opt/hostedtoolcache/node/20.15.1/x64/lib/node_modules/httpyac/dist/index.js:119:32241)"}</failure>
    </testcase>
    <testcase name="response.body != null" classname="/Bundle/$validate should validate TaskExample.json with Content-Type application/json" time="0.072" assertions="1"/>
    <testcase name="response.parsedBody.OperationOutcome.resourceType == OperationOutcome" classname="/Bundle/$validate should validate TaskExample.json with Content-Type application/json" time="0.072" assertions="1">
      <properties>
        <property name="displayMessage" value="TypeError: Cannot read properties of undefined (reading 'OperationOutcome') - Object.userJS (/home/runner/work/docs.techbd.org/docs.techbd.org/assurance/1115-waiver/ahc-hrsn/screening/regression-test-prime/fhir-service-prime/src/2024-07-18/fhir-service.test.http:102:40"/>
        <property name="file" value="Object.userJS (/home/runner/work/docs.techbd.org/docs.techbd.org/assurance/1115-waiver/ahc-hrsn/screening/regression-test-prime/fhir-service-prime/src/2024-07-18/fhir-service.test.http"/>
        <property name="line" value="102"/>
        <property name="offset" value="40"/>
        <property name="errorType" value="TypeError"/>
        <property name="message" value="Cannot read properties of undefined (reading 'OperationOutcome')"/>
      </properties>
      <failure message="response.parsedBody.OperationOutcome.resourceType == OperationOutcome" type="TypeError">{"message":"Cannot read properties of undefined (reading 'OperationOutcome')","name":"TypeError","stack":"TypeError: Cannot read properties of undefined (reading 'OperationOutcome')\n    at Object.userJS (/home/runner/work/docs.techbd.org/docs.techbd.org/assurance/1115-waiver/ahc-hrsn/screening/regression-test-prime/fhir-service-prime/src/2024-07-18/fhir-service.test.http:102:40)\n    at sr (/opt/hostedtoolcache/node/20.15.1/x64/lib/node_modules/httpyac/dist/index.js:119:2730)\n    at Object.qo [as evalExpression] (/opt/hostedtoolcache/node/20.15.1/x64/lib/node_modules/httpyac/dist/index.js:119:3298)\n    at Object.Ti [as action] (/opt/hostedtoolcache/node/20.15.1/x64/lib/node_modules/httpyac/dist/index.js:2:48801)\n    at At.trigger (/opt/hostedtoolcache/node/20.15.1/x64/lib/node_modules/httpyac/node_modules/hookpoint/dist/index.js:1:2889)\n    at process.processTicksAndRejections (node:internal/process/task_queues:95:5)\n    at async /opt/hostedtoolcache/node/20.15.1/x64/lib/node_modules/httpyac/dist/index.js:2:46879\n    at async /opt/hostedtoolcache/node/20.15.1/x64/lib/node_modules/httpyac/dist/index.js:2:40725\n    at async Object.action (/opt/hostedtoolcache/node/20.15.1/x64/lib/node_modules/httpyac/dist/index.js:2:46814)\n    at async n.trigger (/opt/hostedtoolcache/node/20.15.1/x64/lib/node_modules/httpyac/node_modules/hookpoint/dist/index.js:1:2872)"}</failure>
    </testcase>
    <testcase name="response.parsedBody.OperationOutcome.validationResults[0].operationOutcome.issue[0].severity == information" classname="/Bundle/$validate should validate TaskExample.json with Content-Type application/json" time="0.072" assertions="1">
      <properties>
        <property name="displayMessage" value="TypeError: Cannot read properties of undefined (reading 'OperationOutcome') - Object.userJS (/home/runner/work/docs.techbd.org/docs.techbd.org/assurance/1115-waiver/ahc-hrsn/screening/regression-test-prime/fhir-service-prime/src/2024-07-18/fhir-service.test.http:103:40"/>
        <property name="file" value="Object.userJS (/home/runner/work/docs.techbd.org/docs.techbd.org/assurance/1115-waiver/ahc-hrsn/screening/regression-test-prime/fhir-service-prime/src/2024-07-18/fhir-service.test.http"/>
        <property name="line" value="103"/>
        <property name="offset" value="40"/>
        <property name="errorType" value="TypeError"/>
        <property name="message" value="Cannot read properties of undefined (reading 'OperationOutcome')"/>
      </properties>
      <failure message="response.parsedBody.OperationOutcome.validationResults[0].operationOutcome.issue[0].severity == information" type="TypeError">{"message":"Cannot read properties of undefined (reading 'OperationOutcome')","name":"TypeError","stack":"TypeError: Cannot read properties of undefined (reading 'OperationOutcome')\n    at Object.userJS (/home/runner/work/docs.techbd.org/docs.techbd.org/assurance/1115-waiver/ahc-hrsn/screening/regression-test-prime/fhir-service-prime/src/2024-07-18/fhir-service.test.http:103:40)\n    at sr (/opt/hostedtoolcache/node/20.15.1/x64/lib/node_modules/httpyac/dist/index.js:119:2730)\n    at Object.qo [as evalExpression] (/opt/hostedtoolcache/node/20.15.1/x64/lib/node_modules/httpyac/dist/index.js:119:3298)\n    at Object.Ti [as action] (/opt/hostedtoolcache/node/20.15.1/x64/lib/node_modules/httpyac/dist/index.js:2:48801)\n    at At.trigger (/opt/hostedtoolcache/node/20.15.1/x64/lib/node_modules/httpyac/node_modules/hookpoint/dist/index.js:1:2889)\n    at process.processTicksAndRejections (node:internal/process/task_queues:95:5)\n    at async /opt/hostedtoolcache/node/20.15.1/x64/lib/node_modules/httpyac/dist/index.js:2:46879\n    at async /opt/hostedtoolcache/node/20.15.1/x64/lib/node_modules/httpyac/dist/index.js:2:40725\n    at async Object.action (/opt/hostedtoolcache/node/20.15.1/x64/lib/node_modules/httpyac/dist/index.js:2:46814)\n    at async n.trigger (/opt/hostedtoolcache/node/20.15.1/x64/lib/node_modules/httpyac/node_modules/hookpoint/dist/index.js:1:2872)"}</failure>
    </testcase>
    <testcase name="response.parsedBody.OperationOutcome.validationResults[0].valid == true" classname="/Bundle/$validate should validate TaskExample.json with Content-Type application/json" time="0.072" assertions="1">
      <properties>
        <property name="displayMessage" value="TypeError: Cannot read properties of undefined (reading 'OperationOutcome') - Object.userJS (/home/runner/work/docs.techbd.org/docs.techbd.org/assurance/1115-waiver/ahc-hrsn/screening/regression-test-prime/fhir-service-prime/src/2024-07-18/fhir-service.test.http:104:40"/>
        <property name="file" value="Object.userJS (/home/runner/work/docs.techbd.org/docs.techbd.org/assurance/1115-waiver/ahc-hrsn/screening/regression-test-prime/fhir-service-prime/src/2024-07-18/fhir-service.test.http"/>
        <property name="line" value="104"/>
        <property name="offset" value="40"/>
        <property name="errorType" value="TypeError"/>
        <property name="message" value="Cannot read properties of undefined (reading 'OperationOutcome')"/>
      </properties>
      <failure message="response.parsedBody.OperationOutcome.validationResults[0].valid == true" type="TypeError">{"message":"Cannot read properties of undefined (reading 'OperationOutcome')","name":"TypeError","stack":"TypeError: Cannot read properties of undefined (reading 'OperationOutcome')\n    at Object.userJS (/home/runner/work/docs.techbd.org/docs.techbd.org/assurance/1115-waiver/ahc-hrsn/screening/regression-test-prime/fhir-service-prime/src/2024-07-18/fhir-service.test.http:104:40)\n    at sr (/opt/hostedtoolcache/node/20.15.1/x64/lib/node_modules/httpyac/dist/index.js:119:2730)\n    at Object.qo [as evalExpression] (/opt/hostedtoolcache/node/20.15.1/x64/lib/node_modules/httpyac/dist/index.js:119:3298)\n    at Object.Ti [as action] (/opt/hostedtoolcache/node/20.15.1/x64/lib/node_modules/httpyac/dist/index.js:2:48801)\n    at At.trigger (/opt/hostedtoolcache/node/20.15.1/x64/lib/node_modules/httpyac/node_modules/hookpoint/dist/index.js:1:2889)\n    at process.processTicksAndRejections (node:internal/process/task_queues:95:5)\n    at async /opt/hostedtoolcache/node/20.15.1/x64/lib/node_modules/httpyac/dist/index.js:2:46879\n    at async /opt/hostedtoolcache/node/20.15.1/x64/lib/node_modules/httpyac/dist/index.js:2:40725\n    at async Object.action (/opt/hostedtoolcache/node/20.15.1/x64/lib/node_modules/httpyac/dist/index.js:2:46814)\n    at async n.trigger (/opt/hostedtoolcache/node/20.15.1/x64/lib/node_modules/httpyac/node_modules/hookpoint/dist/index.js:1:2872)"}</failure>
    </testcase>
  </testsuite>
  <testsuite name="/Bundle/$validate should validate TaskOutputProcedureExample.json with Content-Type application/json" tests="5" errors="0" failures="5" skipped="0" package="assurance/1115-waiver/ahc-hrsn/screening/regression-test-prime/fhir-service-prime/src/2024-07-18/fhir-service.test.http" time="0.351">
    <properties>
      <property name="title" value="/Bundle/$validate should validate TaskOutputProcedureExample.json with Content-Type application/json"/>
      <property name="line" value="108"/>
      <property name="timestamp" value="2024-07-18T14:30:42.701Z"/>
      <property name="file" value="assurance/1115-waiver/ahc-hrsn/screening/regression-test-prime/fhir-service-prime/src/2024-07-18/fhir-service.test.http"/>
    </properties>
    <testcase name="status == 200" classname="/Bundle/$validate should validate TaskOutputProcedureExample.json with Content-Type application/json" time="0.070" assertions="1">
      <properties>
        <property name="displayMessage" value="AssertionError [ERR_ASSERTION]: status (502) == 200 - /opt/hostedtoolcache/node/20.15.1/x64/lib/node_modules/httpyac/dist/index.js:2:47053"/>
        <property name="file" value="/opt/hostedtoolcache/node/20.15.1/x64/lib/node_modules/httpyac/dist/index.js"/>
        <property name="line" value="2"/>
        <property name="offset" value="47053"/>
        <property name="errorType" value="AssertionError [ERR_ASSERTION]"/>
        <property name="message" value="status (502) == 200"/>
      </properties>
      <failure message="status == 200" type="AssertionError [ERR_ASSERTION]">{"message":"status (502) == 200","name":"AssertionError","stack":"AssertionError [ERR_ASSERTION]: status (502) == 200\n    at /opt/hostedtoolcache/node/20.15.1/x64/lib/node_modules/httpyac/dist/index.js:2:47053\n    at process.processTicksAndRejections (node:internal/process/task_queues:95:5)\n    at async /opt/hostedtoolcache/node/20.15.1/x64/lib/node_modules/httpyac/dist/index.js:2:40725\n    at async Object.action (/opt/hostedtoolcache/node/20.15.1/x64/lib/node_modules/httpyac/dist/index.js:2:46814)\n    at async n.trigger (/opt/hostedtoolcache/node/20.15.1/x64/lib/node_modules/httpyac/node_modules/hookpoint/dist/index.js:1:2872)\n    at async cp (/opt/hostedtoolcache/node/20.15.1/x64/lib/node_modules/httpyac/dist/index.js:2:22407)\n    at async Object.action (/opt/hostedtoolcache/node/20.15.1/x64/lib/node_modules/httpyac/dist/index.js:2:20619)\n    at async n.trigger (/opt/hostedtoolcache/node/20.15.1/x64/lib/node_modules/httpyac/node_modules/hookpoint/dist/index.js:1:2872)\n    at async t.execute (/opt/hostedtoolcache/node/20.15.1/x64/lib/node_modules/httpyac/dist/index.js:2:53166)\n    at async cu (/opt/hostedtoolcache/node/20.15.1/x64/lib/node_modules/httpyac/dist/index.js:119:32241)"}</failure>
    </testcase>
    <testcase name="response.parsedBody.OperationOutcome.resourceType == OperationOutcome" classname="/Bundle/$validate should validate TaskOutputProcedureExample.json with Content-Type application/json" time="0.070" assertions="1">
      <properties>
        <property name="displayMessage" value="TypeError: Cannot read properties of undefined (reading 'OperationOutcome') - Object.userJS (/home/runner/work/docs.techbd.org/docs.techbd.org/assurance/1115-waiver/ahc-hrsn/screening/regression-test-prime/fhir-service-prime/src/2024-07-18/fhir-service.test.http:115:40"/>
        <property name="file" value="Object.userJS (/home/runner/work/docs.techbd.org/docs.techbd.org/assurance/1115-waiver/ahc-hrsn/screening/regression-test-prime/fhir-service-prime/src/2024-07-18/fhir-service.test.http"/>
        <property name="line" value="115"/>
        <property name="offset" value="40"/>
        <property name="errorType" value="TypeError"/>
        <property name="message" value="Cannot read properties of undefined (reading 'OperationOutcome')"/>
      </properties>
      <failure message="response.parsedBody.OperationOutcome.resourceType == OperationOutcome" type="TypeError">{"message":"Cannot read properties of undefined (reading 'OperationOutcome')","name":"TypeError","stack":"TypeError: Cannot read properties of undefined (reading 'OperationOutcome')\n    at Object.userJS (/home/runner/work/docs.techbd.org/docs.techbd.org/assurance/1115-waiver/ahc-hrsn/screening/regression-test-prime/fhir-service-prime/src/2024-07-18/fhir-service.test.http:115:40)\n    at sr (/opt/hostedtoolcache/node/20.15.1/x64/lib/node_modules/httpyac/dist/index.js:119:2730)\n    at Object.qo [as evalExpression] (/opt/hostedtoolcache/node/20.15.1/x64/lib/node_modules/httpyac/dist/index.js:119:3298)\n    at Object.Ti [as action] (/opt/hostedtoolcache/node/20.15.1/x64/lib/node_modules/httpyac/dist/index.js:2:48801)\n    at At.trigger (/opt/hostedtoolcache/node/20.15.1/x64/lib/node_modules/httpyac/node_modules/hookpoint/dist/index.js:1:2889)\n    at process.processTicksAndRejections (node:internal/process/task_queues:95:5)\n    at async /opt/hostedtoolcache/node/20.15.1/x64/lib/node_modules/httpyac/dist/index.js:2:46879\n    at async /opt/hostedtoolcache/node/20.15.1/x64/lib/node_modules/httpyac/dist/index.js:2:40725\n    at async Object.action (/opt/hostedtoolcache/node/20.15.1/x64/lib/node_modules/httpyac/dist/index.js:2:46814)\n    at async n.trigger (/opt/hostedtoolcache/node/20.15.1/x64/lib/node_modules/httpyac/node_modules/hookpoint/dist/index.js:1:2872)"}</failure>
    </testcase>
    <testcase name="response.parsedBody.OperationOutcome.validationResults[0].issues[0].severity == FATAL" classname="/Bundle/$validate should validate TaskOutputProcedureExample.json with Content-Type application/json" time="0.070" assertions="1">
      <properties>
        <property name="displayMessage" value="TypeError: Cannot read properties of undefined (reading 'OperationOutcome') - Object.userJS (/home/runner/work/docs.techbd.org/docs.techbd.org/assurance/1115-waiver/ahc-hrsn/screening/regression-test-prime/fhir-service-prime/src/2024-07-18/fhir-service.test.http:116:40"/>
        <property name="file" value="Object.userJS (/home/runner/work/docs.techbd.org/docs.techbd.org/assurance/1115-waiver/ahc-hrsn/screening/regression-test-prime/fhir-service-prime/src/2024-07-18/fhir-service.test.http"/>
        <property name="line" value="116"/>
        <property name="offset" value="40"/>
        <property name="errorType" value="TypeError"/>
        <property name="message" value="Cannot read properties of undefined (reading 'OperationOutcome')"/>
      </properties>
      <failure message="response.parsedBody.OperationOutcome.validationResults[0].issues[0].severity == FATAL" type="TypeError">{"message":"Cannot read properties of undefined (reading 'OperationOutcome')","name":"TypeError","stack":"TypeError: Cannot read properties of undefined (reading 'OperationOutcome')\n    at Object.userJS (/home/runner/work/docs.techbd.org/docs.techbd.org/assurance/1115-waiver/ahc-hrsn/screening/regression-test-prime/fhir-service-prime/src/2024-07-18/fhir-service.test.http:116:40)\n    at sr (/opt/hostedtoolcache/node/20.15.1/x64/lib/node_modules/httpyac/dist/index.js:119:2730)\n    at Object.qo [as evalExpression] (/opt/hostedtoolcache/node/20.15.1/x64/lib/node_modules/httpyac/dist/index.js:119:3298)\n    at Object.Ti [as action] (/opt/hostedtoolcache/node/20.15.1/x64/lib/node_modules/httpyac/dist/index.js:2:48801)\n    at At.trigger (/opt/hostedtoolcache/node/20.15.1/x64/lib/node_modules/httpyac/node_modules/hookpoint/dist/index.js:1:2889)\n    at process.processTicksAndRejections (node:internal/process/task_queues:95:5)\n    at async /opt/hostedtoolcache/node/20.15.1/x64/lib/node_modules/httpyac/dist/index.js:2:46879\n    at async /opt/hostedtoolcache/node/20.15.1/x64/lib/node_modules/httpyac/dist/index.js:2:40725\n    at async Object.action (/opt/hostedtoolcache/node/20.15.1/x64/lib/node_modules/httpyac/dist/index.js:2:46814)\n    at async n.trigger (/opt/hostedtoolcache/node/20.15.1/x64/lib/node_modules/httpyac/node_modules/hookpoint/dist/index.js:1:2872)"}</failure>
    </testcase>
    <testcase name="response.parsedBody.OperationOutcome.validationResults[0].issues[0].location.line == null" classname="/Bundle/$validate should validate TaskOutputProcedureExample.json with Content-Type application/json" time="0.070" assertions="1">
      <properties>
        <property name="displayMessage" value="TypeError: Cannot read properties of undefined (reading 'OperationOutcome') - Object.userJS (/home/runner/work/docs.techbd.org/docs.techbd.org/assurance/1115-waiver/ahc-hrsn/screening/regression-test-prime/fhir-service-prime/src/2024-07-18/fhir-service.test.http:117:40"/>
        <property name="file" value="Object.userJS (/home/runner/work/docs.techbd.org/docs.techbd.org/assurance/1115-waiver/ahc-hrsn/screening/regression-test-prime/fhir-service-prime/src/2024-07-18/fhir-service.test.http"/>
        <property name="line" value="117"/>
        <property name="offset" value="40"/>
        <property name="errorType" value="TypeError"/>
        <property name="message" value="Cannot read properties of undefined (reading 'OperationOutcome')"/>
      </properties>
      <failure message="response.parsedBody.OperationOutcome.validationResults[0].issues[0].location.line == null" type="TypeError">{"message":"Cannot read properties of undefined (reading 'OperationOutcome')","name":"TypeError","stack":"TypeError: Cannot read properties of undefined (reading 'OperationOutcome')\n    at Object.userJS (/home/runner/work/docs.techbd.org/docs.techbd.org/assurance/1115-waiver/ahc-hrsn/screening/regression-test-prime/fhir-service-prime/src/2024-07-18/fhir-service.test.http:117:40)\n    at sr (/opt/hostedtoolcache/node/20.15.1/x64/lib/node_modules/httpyac/dist/index.js:119:2730)\n    at Object.qo [as evalExpression] (/opt/hostedtoolcache/node/20.15.1/x64/lib/node_modules/httpyac/dist/index.js:119:3298)\n    at Object.Ti [as action] (/opt/hostedtoolcache/node/20.15.1/x64/lib/node_modules/httpyac/dist/index.js:2:48801)\n    at At.trigger (/opt/hostedtoolcache/node/20.15.1/x64/lib/node_modules/httpyac/node_modules/hookpoint/dist/index.js:1:2889)\n    at process.processTicksAndRejections (node:internal/process/task_queues:95:5)\n    at async /opt/hostedtoolcache/node/20.15.1/x64/lib/node_modules/httpyac/dist/index.js:2:46879\n    at async /opt/hostedtoolcache/node/20.15.1/x64/lib/node_modules/httpyac/dist/index.js:2:40725\n    at async Object.action (/opt/hostedtoolcache/node/20.15.1/x64/lib/node_modules/httpyac/dist/index.js:2:46814)\n    at async n.trigger (/opt/hostedtoolcache/node/20.15.1/x64/lib/node_modules/httpyac/node_modules/hookpoint/dist/index.js:1:2872)"}</failure>
    </testcase>
    <testcase name="response.parsedBody.OperationOutcome.validationResults[0].issues[0].location.column == null" classname="/Bundle/$validate should validate TaskOutputProcedureExample.json with Content-Type application/json" time="0.070" assertions="1">
      <properties>
        <property name="displayMessage" value="TypeError: Cannot read properties of undefined (reading 'OperationOutcome') - Object.userJS (/home/runner/work/docs.techbd.org/docs.techbd.org/assurance/1115-waiver/ahc-hrsn/screening/regression-test-prime/fhir-service-prime/src/2024-07-18/fhir-service.test.http:118:40"/>
        <property name="file" value="Object.userJS (/home/runner/work/docs.techbd.org/docs.techbd.org/assurance/1115-waiver/ahc-hrsn/screening/regression-test-prime/fhir-service-prime/src/2024-07-18/fhir-service.test.http"/>
        <property name="line" value="118"/>
        <property name="offset" value="40"/>
        <property name="errorType" value="TypeError"/>
        <property name="message" value="Cannot read properties of undefined (reading 'OperationOutcome')"/>
      </properties>
      <failure message="response.parsedBody.OperationOutcome.validationResults[0].issues[0].location.column == null" type="TypeError">{"message":"Cannot read properties of undefined (reading 'OperationOutcome')","name":"TypeError","stack":"TypeError: Cannot read properties of undefined (reading 'OperationOutcome')\n    at Object.userJS (/home/runner/work/docs.techbd.org/docs.techbd.org/assurance/1115-waiver/ahc-hrsn/screening/regression-test-prime/fhir-service-prime/src/2024-07-18/fhir-service.test.http:118:40)\n    at sr (/opt/hostedtoolcache/node/20.15.1/x64/lib/node_modules/httpyac/dist/index.js:119:2730)\n    at Object.qo [as evalExpression] (/opt/hostedtoolcache/node/20.15.1/x64/lib/node_modules/httpyac/dist/index.js:119:3298)\n    at Object.Ti [as action] (/opt/hostedtoolcache/node/20.15.1/x64/lib/node_modules/httpyac/dist/index.js:2:48801)\n    at At.trigger (/opt/hostedtoolcache/node/20.15.1/x64/lib/node_modules/httpyac/node_modules/hookpoint/dist/index.js:1:2889)\n    at process.processTicksAndRejections (node:internal/process/task_queues:95:5)\n    at async /opt/hostedtoolcache/node/20.15.1/x64/lib/node_modules/httpyac/dist/index.js:2:46879\n    at async /opt/hostedtoolcache/node/20.15.1/x64/lib/node_modules/httpyac/dist/index.js:2:40725\n    at async Object.action (/opt/hostedtoolcache/node/20.15.1/x64/lib/node_modules/httpyac/dist/index.js:2:46814)\n    at async n.trigger (/opt/hostedtoolcache/node/20.15.1/x64/lib/node_modules/httpyac/node_modules/hookpoint/dist/index.js:1:2872)"}</failure>
    </testcase>
  </testsuite>
  <testsuite name="Bundle should validate and submit TestServiceRequest.json as @TECH_BD_FHIR_SERVICE_QE_IDENTIFIER -  with Content-Type application/fhir+json" tests="2" errors="0" failures="1" skipped="0" package="assurance/1115-waiver/ahc-hrsn/screening/regression-test-prime/fhir-service-prime/src/2024-07-18/fhir-service.test.http" time="0.373">
    <properties>
      <property name="title" value="Bundle should validate and submit TestServiceRequest.json as @TECH_BD_FHIR_SERVICE_QE_IDENTIFIER -  with Content-Type application/fhir+json"/>
      <property name="line" value="122"/>
      <property name="timestamp" value="2024-07-18T14:30:43.052Z"/>
      <property name="file" value="assurance/1115-waiver/ahc-hrsn/screening/regression-test-prime/fhir-service-prime/src/2024-07-18/fhir-service.test.http"/>
    </properties>
    <testcase name="status == 200" classname="Bundle should validate and submit TestServiceRequest.json as @TECH_BD_FHIR_SERVICE_QE_IDENTIFIER -  with Content-Type application/fhir+json" time="0.187" assertions="1">
      <properties>
        <property name="displayMessage" value="AssertionError [ERR_ASSERTION]: status (502) == 200 - /opt/hostedtoolcache/node/20.15.1/x64/lib/node_modules/httpyac/dist/index.js:2:47053"/>
        <property name="file" value="/opt/hostedtoolcache/node/20.15.1/x64/lib/node_modules/httpyac/dist/index.js"/>
        <property name="line" value="2"/>
        <property name="offset" value="47053"/>
        <property name="errorType" value="AssertionError [ERR_ASSERTION]"/>
        <property name="message" value="status (502) == 200"/>
      </properties>
      <failure message="status == 200" type="AssertionError [ERR_ASSERTION]">{"message":"status (502) == 200","name":"AssertionError","stack":"AssertionError [ERR_ASSERTION]: status (502) == 200\n    at /opt/hostedtoolcache/node/20.15.1/x64/lib/node_modules/httpyac/dist/index.js:2:47053\n    at process.processTicksAndRejections (node:internal/process/task_queues:95:5)\n    at async /opt/hostedtoolcache/node/20.15.1/x64/lib/node_modules/httpyac/dist/index.js:2:40725\n    at async Object.action (/opt/hostedtoolcache/node/20.15.1/x64/lib/node_modules/httpyac/dist/index.js:2:46814)\n    at async n.trigger (/opt/hostedtoolcache/node/20.15.1/x64/lib/node_modules/httpyac/node_modules/hookpoint/dist/index.js:1:2872)\n    at async cp (/opt/hostedtoolcache/node/20.15.1/x64/lib/node_modules/httpyac/dist/index.js:2:22407)\n    at async Object.action (/opt/hostedtoolcache/node/20.15.1/x64/lib/node_modules/httpyac/dist/index.js:2:20619)\n    at async n.trigger (/opt/hostedtoolcache/node/20.15.1/x64/lib/node_modules/httpyac/node_modules/hookpoint/dist/index.js:1:2872)\n    at async t.execute (/opt/hostedtoolcache/node/20.15.1/x64/lib/node_modules/httpyac/dist/index.js:2:53166)\n    at async cu (/opt/hostedtoolcache/node/20.15.1/x64/lib/node_modules/httpyac/dist/index.js:119:32241)"}</failure>
    </testcase>
    <testcase name="response.body != null" classname="Bundle should validate and submit TestServiceRequest.json as @TECH_BD_FHIR_SERVICE_QE_IDENTIFIER -  with Content-Type application/fhir+json" time="0.187" assertions="1"/>
  </testsuite>
</testsuites>
