<?xml version="1.0" encoding="UTF-8"?>
<testsuites name="httpyac" tests="27" errors="0" disabled="0" failures="0" time="1.201">
  <testsuite name="Test that your server is running by fetching its CapabilityStatement:" tests="3" errors="0" failures="0" skipped="0" package="assurance/1115-waiver/ahc-hrsn/screening/regression-test-prime/fhir-service-prime/src/fhir-service.test.http" time="0.081">
    <properties>
      <property name="title" value="Test that your server is running by fetching its CapabilityStatement:"/>
      <property name="line" value="12"/>
      <property name="timestamp" value="2024-05-16T16:41:57.418Z"/>
      <property name="file" value="assurance/1115-waiver/ahc-hrsn/screening/regression-test-prime/fhir-service-prime/src/fhir-service.test.http"/>
    </properties>
    <testcase name="status code 200" classname="Test that your server is running by fetching its CapabilityStatement:" time="0.027" assertions="1"/>
    <testcase name="Check content-type" classname="Test that your server is running by fetching its CapabilityStatement:" time="0.027" assertions="1"/>
    <testcase name="response body exists" classname="Test that your server is running by fetching its CapabilityStatement:" time="0.027" assertions="1"/>
  </testsuite>
  <testsuite name="Validating a bundle resource from your server - happy path" tests="4" errors="0" failures="0" skipped="0" package="assurance/1115-waiver/ahc-hrsn/screening/regression-test-prime/fhir-service-prime/src/fhir-service.test.http" time="0.329">
    <properties>
      <property name="title" value="Validating a bundle resource from your server - happy path"/>
      <property name="line" value="27"/>
      <property name="timestamp" value="2024-05-16T16:41:57.499Z"/>
      <property name="file" value="assurance/1115-waiver/ahc-hrsn/screening/regression-test-prime/fhir-service-prime/src/fhir-service.test.http"/>
    </properties>
    <testcase name="status code 200" classname="Validating a bundle resource from your server - happy path" time="0.082" assertions="1"/>
    <testcase name="Check content-type" classname="Validating a bundle resource from your server - happy path" time="0.082" assertions="1"/>
    <testcase name="response body exists" classname="Validating a bundle resource from your server - happy path" time="0.082" assertions="1"/>
    <testcase name="Check Resource Type" classname="Validating a bundle resource from your server - happy path" time="0.082" assertions="1"/>
  </testsuite>
  <testsuite name="Validating a bundle resource from your server - unhappy path" tests="4" errors="0" failures="0" skipped="0" package="assurance/1115-waiver/ahc-hrsn/screening/regression-test-prime/fhir-service-prime/src/fhir-service.test.http" time="0.017">
    <properties>
      <property name="title" value="Validating a bundle resource from your server - unhappy path"/>
      <property name="line" value="50"/>
      <property name="timestamp" value="2024-05-16T16:41:57.828Z"/>
      <property name="file" value="assurance/1115-waiver/ahc-hrsn/screening/regression-test-prime/fhir-service-prime/src/fhir-service.test.http"/>
    </properties>
    <testcase name="status code 200" classname="Validating a bundle resource from your server - unhappy path" time="0.004" assertions="1"/>
    <testcase name="Check content-type" classname="Validating a bundle resource from your server - unhappy path" time="0.004" assertions="1"/>
    <testcase name="response body exists" classname="Validating a bundle resource from your server - unhappy path" time="0.004" assertions="1"/>
    <testcase name="check Result" classname="Validating a bundle resource from your server - unhappy path" time="0.004" assertions="1"/>
  </testsuite>
  <testsuite name="Validating a bundle resource from bronx QE - unhappy path" tests="5" errors="0" failures="0" skipped="0" package="assurance/1115-waiver/ahc-hrsn/screening/regression-test-prime/fhir-service-prime/src/fhir-service.test.http" time="0.322">
    <properties>
      <property name="title" value="Validating a bundle resource from bronx QE - unhappy path"/>
      <property name="line" value="75"/>
      <property name="timestamp" value="2024-05-16T16:41:57.846Z"/>
      <property name="file" value="assurance/1115-waiver/ahc-hrsn/screening/regression-test-prime/fhir-service-prime/src/fhir-service.test.http"/>
    </properties>
    <testcase name="status code 200" classname="Validating a bundle resource from bronx QE - unhappy path" time="0.064" assertions="1"/>
    <testcase name="Check content-type" classname="Validating a bundle resource from bronx QE - unhappy path" time="0.064" assertions="1"/>
    <testcase name="response body exists" classname="Validating a bundle resource from bronx QE - unhappy path" time="0.064" assertions="1"/>
    <testcase name="check Result" classname="Validating a bundle resource from bronx QE - unhappy path" time="0.064" assertions="1"/>
    <testcase name="check Diagnostics" classname="Validating a bundle resource from bronx QE - unhappy path" time="0.064" assertions="1"/>
  </testsuite>
  <testsuite name="Validating a bundle resource from healtheconnections QE - unhappy path" tests="5" errors="0" failures="0" skipped="0" package="assurance/1115-waiver/ahc-hrsn/screening/regression-test-prime/fhir-service-prime/src/fhir-service.test.http" time="0.025">
    <properties>
      <property name="title" value="Validating a bundle resource from healtheconnections QE - unhappy path"/>
      <property name="line" value="102"/>
      <property name="timestamp" value="2024-05-16T16:41:58.168Z"/>
      <property name="file" value="assurance/1115-waiver/ahc-hrsn/screening/regression-test-prime/fhir-service-prime/src/fhir-service.test.http"/>
    </properties>
    <testcase name="status code 200" classname="Validating a bundle resource from healtheconnections QE - unhappy path" time="0.005" assertions="1"/>
    <testcase name="Check content-type" classname="Validating a bundle resource from healtheconnections QE - unhappy path" time="0.005" assertions="1"/>
    <testcase name="response body exists" classname="Validating a bundle resource from healtheconnections QE - unhappy path" time="0.005" assertions="1"/>
    <testcase name="check Result" classname="Validating a bundle resource from healtheconnections QE - unhappy path" time="0.005" assertions="1"/>
    <testcase name="check Diagnostics" classname="Validating a bundle resource from healtheconnections QE - unhappy path" time="0.005" assertions="1"/>
  </testsuite>
  <testsuite name="Submit a bundle to Datalake" tests="4" errors="0" failures="0" skipped="0" package="assurance/1115-waiver/ahc-hrsn/screening/regression-test-prime/fhir-service-prime/src/fhir-service.test.http" time="0.415">
    <properties>
      <property name="title" value="Submit a bundle to Datalake"/>
      <property name="line" value="128"/>
      <property name="timestamp" value="2024-05-16T16:41:58.193Z"/>
      <property name="file" value="assurance/1115-waiver/ahc-hrsn/screening/regression-test-prime/fhir-service-prime/src/fhir-service.test.http"/>
    </properties>
    <testcase name="status code 201" classname="Submit a bundle to Datalake" time="0.104" assertions="1"/>
    <testcase name="Check content-type" classname="Submit a bundle to Datalake" time="0.104" assertions="1"/>
    <testcase name="response body exists" classname="Submit a bundle to Datalake" time="0.104" assertions="1"/>
    <testcase name="check Result" classname="Submit a bundle to Datalake" time="0.104" assertions="1"/>
  </testsuite>
  <testsuite name="Get the details of a specific session" tests="2" errors="0" failures="0" skipped="0" package="assurance/1115-waiver/ahc-hrsn/screening/regression-test-prime/fhir-service-prime/src/fhir-service.test.http" time="0.012">
    <properties>
      <property name="title" value="Get the details of a specific session"/>
      <property name="line" value="148"/>
      <property name="timestamp" value="2024-05-16T16:41:58.608Z"/>
      <property name="file" value="assurance/1115-waiver/ahc-hrsn/screening/regression-test-prime/fhir-service-prime/src/fhir-service.test.http"/>
    </properties>
    <testcase name="status code 201" classname="Get the details of a specific session" time="0.006" assertions="1"/>
    <testcase name="Check content-type" classname="Get the details of a specific session" time="0.006" assertions="1"/>
  </testsuite>
</testsuites>
